-- The C compiler identification is GNU 13.3.0
-- The CXX compiler identification is GNU 13.3.0
-- Detecting C compiler ABI info
-- Detecting C compiler ABI info - done
-- Check for working C compiler: /usr/bin/cc - skipped
-- Detecting C compile features
-- Detecting C compile features - done
-- Detecting CXX compiler ABI info
-- Detecting CXX compiler ABI info - done
-- Check for working CXX compiler: /usr/bin/c++ - skipped
-- Detecting CXX compile features
-- Detecting CXX compile features - done
-- Found ament_cmake: 2.5.6 (/opt/ros/jazzy/share/ament_cmake/cmake)
-- Found Python3: /usr/bin/python3 (found version "3.12.3") found components: Interpreter 
-- Override CMake install command with custom implementation using symlinks instead of copying resources
-- Found rosidl_default_generators: 1.6.0 (/opt/ros/jazzy/share/rosidl_default_generators/cmake)
-- Using all available rosidl_typesupport_c: rosidl_typesupport_fastrtps_c;rosidl_typesupport_introspection_c
-- Using all available rosidl_typesupport_cpp: rosidl_typesupport_fastrtps_cpp;rosidl_typesupport_introspection_cpp
-- Found rosidl_adapter: 4.6.7 (/opt/ros/jazzy/share/rosidl_adapter/cmake)
-- Found std_msgs: 5.3.7 (/opt/ros/jazzy/share/std_msgs/cmake)
-- Found geometry_msgs: 5.3.7 (/opt/ros/jazzy/share/geometry_msgs/cmake)
-- Found ament_cmake_cppcheck: 0.17.5 (/opt/ros/jazzy/share/ament_cmake_cppcheck/cmake)
-- Found ament_cmake_cpplint: 0.17.5 (/opt/ros/jazzy/share/ament_cmake_cpplint/cmake)
-- Found ament_cmake_uncrustify: 0.17.5 (/opt/ros/jazzy/share/ament_cmake_uncrustify/cmake)
-- Found ament_cmake_ros: 0.12.0 (/opt/ros/jazzy/share/ament_cmake_ros/cmake)
-- Using all available rosidl_typesupport_c: rosidl_typesupport_fastrtps_c;rosidl_typesupport_introspection_c
-- Using all available rosidl_typesupport_cpp: rosidl_typesupport_fastrtps_cpp;rosidl_typesupport_introspection_cpp
-- Found python_cmake_module: 0.11.1 (/opt/ros/jazzy/share/python_cmake_module/cmake)
-- Found PythonExtra: /usr/bin/python3  
-- Found Python3: /usr/bin/python3 (found version "3.12.3") found components: Interpreter Development NumPy Development.Module Development.Embed 
-- Found ament_cmake_flake8: 0.17.5 (/opt/ros/jazzy/share/ament_cmake_flake8/cmake)
-- Found ament_cmake_pep257: 0.17.5 (/opt/ros/jazzy/share/ament_cmake_pep257/cmake)
-- Found Python3: /usr/bin/python3 (found version "3.12.3") found components: Interpreter 
-- Configuring done (3.4s)
-- Generating done (0.0s)
-- Build files have been written to: /root/ros2_ws/build/graphnav_msgs
[  1%] Generating type hashes for ROS interfaces
[  2%] Generating Rust code for ROS interfaces
[  2%] Built target ament_cmake_python_symlink_graphnav_msgs
running egg_info
creating graphnav_msgs.egg-info
writing graphnav_msgs.egg-info/PKG-INFO
writing dependency_links to graphnav_msgs.egg-info/dependency_links.txt
writing top-level names to graphnav_msgs.egg-info/top_level.txt
writing manifest file 'graphnav_msgs.egg-info/SOURCES.txt'
[  2%] Built target graphnav_msgs__rosidl_generator_type_description
[  3%] Generating C code for ROS interfaces
[  4%] Generating C++ code for ROS interfaces
[  4%] Built target graphnav_msgs__rs
reading manifest file 'graphnav_msgs.egg-info/SOURCES.txt'
writing manifest file 'graphnav_msgs.egg-info/SOURCES.txt'
[  4%] Built target ament_cmake_python_build_graphnav_msgs_egg
[  4%] Built target graphnav_msgs__cpp
[  9%] Building C object CMakeFiles/graphnav_msgs__rosidl_generator_c.dir/rosidl_generator_c/graphnav_msgs/msg/detail/navigation_graph__description.c.o
[  9%] Building C object CMakeFiles/graphnav_msgs__rosidl_generator_c.dir/rosidl_generator_c/graphnav_msgs/msg/detail/node__description.c.o
[  9%] Building C object CMakeFiles/graphnav_msgs__rosidl_generator_c.dir/rosidl_generator_c/graphnav_msgs/msg/detail/node__functions.c.o
[  9%] Building C object CMakeFiles/graphnav_msgs__rosidl_generator_c.dir/rosidl_generator_c/graphnav_msgs/msg/detail/node__type_support.c.o
[ 11%] Building C object CMakeFiles/graphnav_msgs__rosidl_generator_c.dir/rosidl_generator_c/graphnav_msgs/msg/detail/navigation_graph__type_support.c.o
[ 11%] Building C object CMakeFiles/graphnav_msgs__rosidl_generator_c.dir/rosidl_generator_c/graphnav_msgs/msg/detail/navigation_graph__functions.c.o
[ 11%] Building C object CMakeFiles/graphnav_msgs__rosidl_generator_c.dir/rosidl_generator_c/graphnav_msgs/msg/detail/node_traversability_properties__description.c.o
[ 12%] Building C object CMakeFiles/graphnav_msgs__rosidl_generator_c.dir/rosidl_generator_c/graphnav_msgs/msg/detail/node_traversability_properties__functions.c.o
[ 13%] Building C object CMakeFiles/graphnav_msgs__rosidl_generator_c.dir/rosidl_generator_c/graphnav_msgs/msg/detail/node_traversability_properties__type_support.c.o
[ 14%] Building C object CMakeFiles/graphnav_msgs__rosidl_generator_c.dir/rosidl_generator_c/graphnav_msgs/msg/detail/edge__description.c.o
[ 15%] Building C object CMakeFiles/graphnav_msgs__rosidl_generator_c.dir/rosidl_generator_c/graphnav_msgs/msg/detail/edge__functions.c.o
[ 16%] Building C object CMakeFiles/graphnav_msgs__rosidl_generator_c.dir/rosidl_generator_c/graphnav_msgs/msg/detail/edge__type_support.c.o
[ 18%] Building C object CMakeFiles/graphnav_msgs__rosidl_generator_c.dir/rosidl_generator_c/graphnav_msgs/msg/detail/edge_traversability__description.c.o
[ 18%] Building C object CMakeFiles/graphnav_msgs__rosidl_generator_c.dir/rosidl_generator_c/graphnav_msgs/msg/detail/edge_traversability__functions.c.o
[ 20%] Building C object CMakeFiles/graphnav_msgs__rosidl_generator_c.dir/rosidl_generator_c/graphnav_msgs/msg/detail/key_value__description.c.o
[ 21%] Building C object CMakeFiles/graphnav_msgs__rosidl_generator_c.dir/rosidl_generator_c/graphnav_msgs/msg/detail/key_value__functions.c.o
[ 22%] Building C object CMakeFiles/graphnav_msgs__rosidl_generator_c.dir/rosidl_generator_c/graphnav_msgs/msg/detail/edge_traversability__type_support.c.o
[ 23%] Building C object CMakeFiles/graphnav_msgs__rosidl_generator_c.dir/rosidl_generator_c/graphnav_msgs/msg/detail/key_value__type_support.c.o
[ 24%] Building C object CMakeFiles/graphnav_msgs__rosidl_generator_c.dir/rosidl_generator_c/graphnav_msgs/msg/detail/uuid__description.c.o
[ 25%] Building C object CMakeFiles/graphnav_msgs__rosidl_generator_c.dir/rosidl_generator_c/graphnav_msgs/msg/detail/uuid__functions.c.o
[ 26%] Building C object CMakeFiles/graphnav_msgs__rosidl_generator_c.dir/rosidl_generator_c/graphnav_msgs/msg/detail/uuid__type_support.c.o
[ 27%] Linking C shared library libgraphnav_msgs__rosidl_generator_c.so
[ 27%] Built target graphnav_msgs__rosidl_generator_c
[ 28%] Generating C introspection for ROS interfaces
[ 29%] Generating C++ type support dispatch for ROS interfaces
[ 30%] Generating C++ type support for eProsima Fast-RTPS
[ 31%] Generating C type support for eProsima Fast-RTPS
[ 32%] Generating C++ introspection for ROS interfaces
[ 33%] Generating C type support dispatch for ROS interfaces
[ 34%] Building CXX object CMakeFiles/graphnav_msgs__rosidl_typesupport_c.dir/rosidl_typesupport_c/graphnav_msgs/msg/node__type_support.cpp.o
[ 35%] Building CXX object CMakeFiles/graphnav_msgs__rosidl_typesupport_c.dir/rosidl_typesupport_c/graphnav_msgs/msg/navigation_graph__type_support.cpp.o
[ 36%] Building CXX object CMakeFiles/graphnav_msgs__rosidl_typesupport_c.dir/rosidl_typesupport_c/graphnav_msgs/msg/node_traversability_properties__type_support.cpp.o
[ 37%] Building CXX object CMakeFiles/graphnav_msgs__rosidl_typesupport_c.dir/rosidl_typesupport_c/graphnav_msgs/msg/edge_traversability__type_support.cpp.o
[ 38%] Building CXX object CMakeFiles/graphnav_msgs__rosidl_typesupport_c.dir/rosidl_typesupport_c/graphnav_msgs/msg/edge__type_support.cpp.o
[ 40%] Building CXX object CMakeFiles/graphnav_msgs__rosidl_typesupport_c.dir/rosidl_typesupport_c/graphnav_msgs/msg/key_value__type_support.cpp.o
[ 41%] Building CXX object CMakeFiles/graphnav_msgs__rosidl_typesupport_c.dir/rosidl_typesupport_c/graphnav_msgs/msg/uuid__type_support.cpp.o
[ 43%] Building CXX object CMakeFiles/graphnav_msgs__rosidl_typesupport_cpp.dir/rosidl_typesupport_cpp/graphnav_msgs/msg/navigation_graph__type_support.cpp.o
[ 43%] Building CXX object CMakeFiles/graphnav_msgs__rosidl_typesupport_cpp.dir/rosidl_typesupport_cpp/graphnav_msgs/msg/node_traversability_properties__type_support.cpp.o
[ 44%] Building CXX object CMakeFiles/graphnav_msgs__rosidl_typesupport_cpp.dir/rosidl_typesupport_cpp/graphnav_msgs/msg/node__type_support.cpp.o
[ 45%] Linking CXX shared library libgraphnav_msgs__rosidl_typesupport_c.so
[ 45%] Built target graphnav_msgs__rosidl_typesupport_c
[ 46%] Building CXX object CMakeFiles/graphnav_msgs__rosidl_typesupport_cpp.dir/rosidl_typesupport_cpp/graphnav_msgs/msg/edge__type_support.cpp.o
[ 47%] Building CXX object CMakeFiles/graphnav_msgs__rosidl_typesupport_fastrtps_c.dir/rosidl_typesupport_fastrtps_c/graphnav_msgs/msg/detail/navigation_graph__type_support_c.cpp.o
[ 49%] Building CXX object CMakeFiles/graphnav_msgs__rosidl_typesupport_introspection_cpp.dir/rosidl_typesupport_introspection_cpp/graphnav_msgs/msg/detail/navigation_graph__type_support.cpp.o
[ 49%] Building C object CMakeFiles/graphnav_msgs__rosidl_typesupport_introspection_c.dir/rosidl_typesupport_introspection_c/graphnav_msgs/msg/detail/navigation_graph__type_support.c.o
[ 50%] Building C object CMakeFiles/graphnav_msgs__rosidl_typesupport_introspection_c.dir/rosidl_typesupport_introspection_c/graphnav_msgs/msg/detail/node__type_support.c.o
[ 51%] Building C object CMakeFiles/graphnav_msgs__rosidl_typesupport_introspection_c.dir/rosidl_typesupport_introspection_c/graphnav_msgs/msg/detail/node_traversability_properties__type_support.c.o
[ 52%] Building CXX object CMakeFiles/graphnav_msgs__rosidl_typesupport_fastrtps_cpp.dir/rosidl_typesupport_fastrtps_cpp/graphnav_msgs/msg/detail/dds_fastrtps/navigation_graph__type_support.cpp.o
[ 53%] Building C object CMakeFiles/graphnav_msgs__rosidl_typesupport_introspection_c.dir/rosidl_typesupport_introspection_c/graphnav_msgs/msg/detail/edge__type_support.c.o
[ 54%] Building C object CMakeFiles/graphnav_msgs__rosidl_typesupport_introspection_c.dir/rosidl_typesupport_introspection_c/graphnav_msgs/msg/detail/edge_traversability__type_support.c.o
[ 55%] Building CXX object CMakeFiles/graphnav_msgs__rosidl_typesupport_fastrtps_cpp.dir/rosidl_typesupport_fastrtps_cpp/graphnav_msgs/msg/detail/dds_fastrtps/node__type_support.cpp.o
[ 56%] Building CXX object CMakeFiles/graphnav_msgs__rosidl_typesupport_introspection_cpp.dir/rosidl_typesupport_introspection_cpp/graphnav_msgs/msg/detail/node__type_support.cpp.o
[ 57%] Building CXX object CMakeFiles/graphnav_msgs__rosidl_typesupport_introspection_cpp.dir/rosidl_typesupport_introspection_cpp/graphnav_msgs/msg/detail/node_traversability_properties__type_support.cpp.o
[ 58%] Building C object CMakeFiles/graphnav_msgs__rosidl_typesupport_introspection_c.dir/rosidl_typesupport_introspection_c/graphnav_msgs/msg/detail/key_value__type_support.c.o
[ 60%] Building CXX object CMakeFiles/graphnav_msgs__rosidl_typesupport_cpp.dir/rosidl_typesupport_cpp/graphnav_msgs/msg/edge_traversability__type_support.cpp.o
[ 61%] Building C object CMakeFiles/graphnav_msgs__rosidl_typesupport_introspection_c.dir/rosidl_typesupport_introspection_c/graphnav_msgs/msg/detail/uuid__type_support.c.o
[ 62%] Linking C shared library libgraphnav_msgs__rosidl_typesupport_introspection_c.so
[ 62%] Built target graphnav_msgs__rosidl_typesupport_introspection_c
[ 63%] Building CXX object CMakeFiles/graphnav_msgs__rosidl_typesupport_fastrtps_c.dir/rosidl_typesupport_fastrtps_c/graphnav_msgs/msg/detail/node__type_support_c.cpp.o
[ 64%] Building CXX object CMakeFiles/graphnav_msgs__rosidl_typesupport_introspection_cpp.dir/rosidl_typesupport_introspection_cpp/graphnav_msgs/msg/detail/edge__type_support.cpp.o
[ 65%] Building CXX object CMakeFiles/graphnav_msgs__rosidl_typesupport_cpp.dir/rosidl_typesupport_cpp/graphnav_msgs/msg/key_value__type_support.cpp.o
[ 66%] Building CXX object CMakeFiles/graphnav_msgs__rosidl_typesupport_introspection_cpp.dir/rosidl_typesupport_introspection_cpp/graphnav_msgs/msg/detail/edge_traversability__type_support.cpp.o
[ 67%] Building CXX object CMakeFiles/graphnav_msgs__rosidl_typesupport_fastrtps_cpp.dir/rosidl_typesupport_fastrtps_cpp/graphnav_msgs/msg/detail/dds_fastrtps/node_traversability_properties__type_support.cpp.o
[ 68%] Building CXX object CMakeFiles/graphnav_msgs__rosidl_typesupport_cpp.dir/rosidl_typesupport_cpp/graphnav_msgs/msg/uuid__type_support.cpp.o
[ 69%] Building CXX object CMakeFiles/graphnav_msgs__rosidl_typesupport_fastrtps_cpp.dir/rosidl_typesupport_fastrtps_cpp/graphnav_msgs/msg/detail/dds_fastrtps/edge__type_support.cpp.o
[ 70%] Building CXX object CMakeFiles/graphnav_msgs__rosidl_typesupport_introspection_cpp.dir/rosidl_typesupport_introspection_cpp/graphnav_msgs/msg/detail/key_value__type_support.cpp.o
[ 71%] Building CXX object CMakeFiles/graphnav_msgs__rosidl_typesupport_fastrtps_c.dir/rosidl_typesupport_fastrtps_c/graphnav_msgs/msg/detail/node_traversability_properties__type_support_c.cpp.o
[ 72%] Building CXX object CMakeFiles/graphnav_msgs__rosidl_typesupport_introspection_cpp.dir/rosidl_typesupport_introspection_cpp/graphnav_msgs/msg/detail/uuid__type_support.cpp.o
[ 73%] Building CXX object CMakeFiles/graphnav_msgs__rosidl_typesupport_fastrtps_cpp.dir/rosidl_typesupport_fastrtps_cpp/graphnav_msgs/msg/detail/dds_fastrtps/edge_traversability__type_support.cpp.o
[ 74%] Linking CXX shared library libgraphnav_msgs__rosidl_typesupport_cpp.so
[ 75%] Building CXX object CMakeFiles/graphnav_msgs__rosidl_typesupport_fastrtps_cpp.dir/rosidl_typesupport_fastrtps_cpp/graphnav_msgs/msg/detail/dds_fastrtps/key_value__type_support.cpp.o
[ 75%] Built target graphnav_msgs__rosidl_typesupport_cpp
[ 76%] Building CXX object CMakeFiles/graphnav_msgs__rosidl_typesupport_fastrtps_c.dir/rosidl_typesupport_fastrtps_c/graphnav_msgs/msg/detail/edge__type_support_c.cpp.o
[ 77%] Building CXX object CMakeFiles/graphnav_msgs__rosidl_typesupport_fastrtps_c.dir/rosidl_typesupport_fastrtps_c/graphnav_msgs/msg/detail/edge_traversability__type_support_c.cpp.o
[ 78%] Linking CXX shared library libgraphnav_msgs__rosidl_typesupport_introspection_cpp.so
[ 80%] Building CXX object CMakeFiles/graphnav_msgs__rosidl_typesupport_fastrtps_cpp.dir/rosidl_typesupport_fastrtps_cpp/graphnav_msgs/msg/detail/dds_fastrtps/uuid__type_support.cpp.o
[ 80%] Built target graphnav_msgs__rosidl_typesupport_introspection_cpp
[ 82%] Building CXX object CMakeFiles/graphnav_msgs__rosidl_typesupport_fastrtps_c.dir/rosidl_typesupport_fastrtps_c/graphnav_msgs/msg/detail/key_value__type_support_c.cpp.o
[ 82%] Building CXX object CMakeFiles/graphnav_msgs__rosidl_typesupport_fastrtps_c.dir/rosidl_typesupport_fastrtps_c/graphnav_msgs/msg/detail/uuid__type_support_c.cpp.o
[ 84%] Linking CXX shared library libgraphnav_msgs__rosidl_typesupport_fastrtps_cpp.so
[ 84%] Linking CXX shared library libgraphnav_msgs__rosidl_typesupport_fastrtps_c.so
[ 84%] Built target graphnav_msgs__rosidl_typesupport_fastrtps_c
[ 84%] Built target graphnav_msgs__rosidl_typesupport_fastrtps_cpp
[ 84%] Built target graphnav_msgs
[ 85%] Generating Python code for ROS interfaces
[ 85%] Built target graphnav_msgs__py
[ 89%] Building C object CMakeFiles/graphnav_msgs__rosidl_generator_py.dir/rosidl_generator_py/graphnav_msgs/msg/_edge_traversability_s.c.o
[ 89%] Building C object CMakeFiles/graphnav_msgs__rosidl_generator_py.dir/rosidl_generator_py/graphnav_msgs/msg/_edge_s.c.o
[ 89%] Building C object CMakeFiles/graphnav_msgs__rosidl_generator_py.dir/rosidl_generator_py/graphnav_msgs/msg/_node_traversability_properties_s.c.o
[ 90%] Building C object CMakeFiles/graphnav_msgs__rosidl_generator_py.dir/rosidl_generator_py/graphnav_msgs/msg/_navigation_graph_s.c.o
[ 90%] Building C object CMakeFiles/graphnav_msgs__rosidl_generator_py.dir/rosidl_generator_py/graphnav_msgs/msg/_key_value_s.c.o
[ 91%] Building C object CMakeFiles/graphnav_msgs__rosidl_generator_py.dir/rosidl_generator_py/graphnav_msgs/msg/_node_s.c.o
[ 92%] Building C object CMakeFiles/graphnav_msgs__rosidl_generator_py.dir/rosidl_generator_py/graphnav_msgs/msg/_uuid_s.c.o
[ 93%] Linking C shared library libgraphnav_msgs__rosidl_generator_py.so
[ 93%] Built target graphnav_msgs__rosidl_generator_py
[ 96%] Building C object CMakeFiles/graphnav_msgs_s__rosidl_typesupport_c.dir/rosidl_generator_py/graphnav_msgs/_graphnav_msgs_s.ep.rosidl_typesupport_c.c.o
[ 96%] Building C object CMakeFiles/graphnav_msgs_s__rosidl_typesupport_introspection_c.dir/rosidl_generator_py/graphnav_msgs/_graphnav_msgs_s.ep.rosidl_typesupport_introspection_c.c.o
[ 96%] Building C object CMakeFiles/graphnav_msgs_s__rosidl_typesupport_fastrtps_c.dir/rosidl_generator_py/graphnav_msgs/_graphnav_msgs_s.ep.rosidl_typesupport_fastrtps_c.c.o
[ 98%] Linking C shared module rosidl_generator_py/graphnav_msgs/graphnav_msgs_s__rosidl_typesupport_introspection_c.so
[ 98%] Linking C shared module rosidl_generator_py/graphnav_msgs/graphnav_msgs_s__rosidl_typesupport_c.so
[100%] Linking C shared module rosidl_generator_py/graphnav_msgs/graphnav_msgs_s__rosidl_typesupport_fastrtps_c.so
[100%] Built target graphnav_msgs_s__rosidl_typesupport_c
[100%] Built target graphnav_msgs_s__rosidl_typesupport_introspection_c
[100%] Built target graphnav_msgs_s__rosidl_typesupport_fastrtps_c
-- Install configuration: ""
-- Execute custom install script
-- Symlinking: /root/ros2_ws/install/graphnav_msgs/share/ament_index/resource_index/rosidl_interfaces/graphnav_msgs
-- Symlinking: /root/ros2_ws/install/graphnav_msgs/share/graphnav_msgs/msg/NavigationGraph.json
-- Symlinking: /root/ros2_ws/install/graphnav_msgs/share/graphnav_msgs/msg/Node.json
-- Symlinking: /root/ros2_ws/install/graphnav_msgs/share/graphnav_msgs/msg/NodeTraversabilityProperties.json
-- Symlinking: /root/ros2_ws/install/graphnav_msgs/share/graphnav_msgs/msg/Edge.json
-- Symlinking: /root/ros2_ws/install/graphnav_msgs/share/graphnav_msgs/msg/EdgeTraversability.json
-- Symlinking: /root/ros2_ws/install/graphnav_msgs/share/graphnav_msgs/msg/KeyValue.json
-- Symlinking: /root/ros2_ws/install/graphnav_msgs/share/graphnav_msgs/msg/UUID.json
-- Symlinking: /root/ros2_ws/install/graphnav_msgs/include/graphnav_msgs/graphnav_msgs/msg/detail/edge__functions.h
-- Symlinking: /root/ros2_ws/install/graphnav_msgs/include/graphnav_msgs/graphnav_msgs/msg/detail/edge__struct.h
-- Symlinking: /root/ros2_ws/install/graphnav_msgs/include/graphnav_msgs/graphnav_msgs/msg/detail/edge__type_support.h
-- Symlinking: /root/ros2_ws/install/graphnav_msgs/include/graphnav_msgs/graphnav_msgs/msg/detail/edge_traversability__functions.h
-- Symlinking: /root/ros2_ws/install/graphnav_msgs/include/graphnav_msgs/graphnav_msgs/msg/detail/edge_traversability__struct.h
-- Symlinking: /root/ros2_ws/install/graphnav_msgs/include/graphnav_msgs/graphnav_msgs/msg/detail/edge_traversability__type_support.h
-- Symlinking: /root/ros2_ws/install/graphnav_msgs/include/graphnav_msgs/graphnav_msgs/msg/detail/key_value__functions.h
-- Symlinking: /root/ros2_ws/install/graphnav_msgs/include/graphnav_msgs/graphnav_msgs/msg/detail/key_value__struct.h
-- Symlinking: /root/ros2_ws/install/graphnav_msgs/include/graphnav_msgs/graphnav_msgs/msg/detail/key_value__type_support.h
-- Symlinking: /root/ros2_ws/install/graphnav_msgs/include/graphnav_msgs/graphnav_msgs/msg/detail/navigation_graph__functions.h
-- Symlinking: /root/ros2_ws/install/graphnav_msgs/include/graphnav_msgs/graphnav_msgs/msg/detail/navigation_graph__struct.h
-- Symlinking: /root/ros2_ws/install/graphnav_msgs/include/graphnav_msgs/graphnav_msgs/msg/detail/navigation_graph__type_support.h
-- Symlinking: /root/ros2_ws/install/graphnav_msgs/include/graphnav_msgs/graphnav_msgs/msg/detail/node__functions.h
-- Symlinking: /root/ros2_ws/install/graphnav_msgs/include/graphnav_msgs/graphnav_msgs/msg/detail/node__struct.h
-- Symlinking: /root/ros2_ws/install/graphnav_msgs/include/graphnav_msgs/graphnav_msgs/msg/detail/node__type_support.h
-- Symlinking: /root/ros2_ws/install/graphnav_msgs/include/graphnav_msgs/graphnav_msgs/msg/detail/node_traversability_properties__functions.h
-- Symlinking: /root/ros2_ws/install/graphnav_msgs/include/graphnav_msgs/graphnav_msgs/msg/detail/node_traversability_properties__struct.h
-- Symlinking: /root/ros2_ws/install/graphnav_msgs/include/graphnav_msgs/graphnav_msgs/msg/detail/node_traversability_properties__type_support.h
-- Symlinking: /root/ros2_ws/install/graphnav_msgs/include/graphnav_msgs/graphnav_msgs/msg/detail/uuid__functions.h
-- Symlinking: /root/ros2_ws/install/graphnav_msgs/include/graphnav_msgs/graphnav_msgs/msg/detail/uuid__struct.h
-- Symlinking: /root/ros2_ws/install/graphnav_msgs/include/graphnav_msgs/graphnav_msgs/msg/detail/uuid__type_support.h
-- Symlinking: /root/ros2_ws/install/graphnav_msgs/include/graphnav_msgs/graphnav_msgs/msg/edge.h
-- Symlinking: /root/ros2_ws/install/graphnav_msgs/include/graphnav_msgs/graphnav_msgs/msg/edge_traversability.h
-- Symlinking: /root/ros2_ws/install/graphnav_msgs/include/graphnav_msgs/graphnav_msgs/msg/key_value.h
-- Symlinking: /root/ros2_ws/install/graphnav_msgs/include/graphnav_msgs/graphnav_msgs/msg/navigation_graph.h
-- Symlinking: /root/ros2_ws/install/graphnav_msgs/include/graphnav_msgs/graphnav_msgs/msg/node.h
-- Symlinking: /root/ros2_ws/install/graphnav_msgs/include/graphnav_msgs/graphnav_msgs/msg/node_traversability_properties.h
-- Symlinking: /root/ros2_ws/install/graphnav_msgs/include/graphnav_msgs/graphnav_msgs/msg/rosidl_generator_c__visibility_control.h
-- Symlinking: /root/ros2_ws/install/graphnav_msgs/include/graphnav_msgs/graphnav_msgs/msg/uuid.h
-- Symlinking: /root/ros2_ws/install/graphnav_msgs/share/graphnav_msgs/environment/library_path.sh
-- Symlinking: /root/ros2_ws/install/graphnav_msgs/share/graphnav_msgs/environment/library_path.dsv
-- Symlinking: /root/ros2_ws/install/graphnav_msgs/include/graphnav_msgs/graphnav_msgs/msg/detail/edge__rosidl_typesupport_fastrtps_c.h
-- Symlinking: /root/ros2_ws/install/graphnav_msgs/include/graphnav_msgs/graphnav_msgs/msg/detail/edge_traversability__rosidl_typesupport_fastrtps_c.h
-- Symlinking: /root/ros2_ws/install/graphnav_msgs/include/graphnav_msgs/graphnav_msgs/msg/detail/key_value__rosidl_typesupport_fastrtps_c.h
-- Symlinking: /root/ros2_ws/install/graphnav_msgs/include/graphnav_msgs/graphnav_msgs/msg/detail/navigation_graph__rosidl_typesupport_fastrtps_c.h
-- Symlinking: /root/ros2_ws/install/graphnav_msgs/include/graphnav_msgs/graphnav_msgs/msg/detail/node__rosidl_typesupport_fastrtps_c.h
-- Symlinking: /root/ros2_ws/install/graphnav_msgs/include/graphnav_msgs/graphnav_msgs/msg/detail/node_traversability_properties__rosidl_typesupport_fastrtps_c.h
-- Symlinking: /root/ros2_ws/install/graphnav_msgs/include/graphnav_msgs/graphnav_msgs/msg/detail/uuid__rosidl_typesupport_fastrtps_c.h
-- Symlinking: /root/ros2_ws/install/graphnav_msgs/include/graphnav_msgs/graphnav_msgs/msg/rosidl_typesupport_fastrtps_c__visibility_control.h
-- Symlinking: /root/ros2_ws/install/graphnav_msgs/include/graphnav_msgs/graphnav_msgs/msg/detail/edge__rosidl_typesupport_introspection_c.h
-- Symlinking: /root/ros2_ws/install/graphnav_msgs/include/graphnav_msgs/graphnav_msgs/msg/detail/edge_traversability__rosidl_typesupport_introspection_c.h
-- Symlinking: /root/ros2_ws/install/graphnav_msgs/include/graphnav_msgs/graphnav_msgs/msg/detail/key_value__rosidl_typesupport_introspection_c.h
-- Symlinking: /root/ros2_ws/install/graphnav_msgs/include/graphnav_msgs/graphnav_msgs/msg/detail/navigation_graph__rosidl_typesupport_introspection_c.h
-- Symlinking: /root/ros2_ws/install/graphnav_msgs/include/graphnav_msgs/graphnav_msgs/msg/detail/node__rosidl_typesupport_introspection_c.h
-- Symlinking: /root/ros2_ws/install/graphnav_msgs/include/graphnav_msgs/graphnav_msgs/msg/detail/node_traversability_properties__rosidl_typesupport_introspection_c.h
-- Symlinking: /root/ros2_ws/install/graphnav_msgs/include/graphnav_msgs/graphnav_msgs/msg/detail/uuid__rosidl_typesupport_introspection_c.h
-- Symlinking: /root/ros2_ws/install/graphnav_msgs/include/graphnav_msgs/graphnav_msgs/msg/rosidl_typesupport_introspection_c__visibility_control.h
-- Symlinking: /root/ros2_ws/install/graphnav_msgs/include/graphnav_msgs/graphnav_msgs/msg/detail/edge__builder.hpp
-- Symlinking: /root/ros2_ws/install/graphnav_msgs/include/graphnav_msgs/graphnav_msgs/msg/detail/edge__struct.hpp
-- Symlinking: /root/ros2_ws/install/graphnav_msgs/include/graphnav_msgs/graphnav_msgs/msg/detail/edge__traits.hpp
-- Symlinking: /root/ros2_ws/install/graphnav_msgs/include/graphnav_msgs/graphnav_msgs/msg/detail/edge__type_support.hpp
-- Symlinking: /root/ros2_ws/install/graphnav_msgs/include/graphnav_msgs/graphnav_msgs/msg/detail/edge_traversability__builder.hpp
-- Symlinking: /root/ros2_ws/install/graphnav_msgs/include/graphnav_msgs/graphnav_msgs/msg/detail/edge_traversability__struct.hpp
-- Symlinking: /root/ros2_ws/install/graphnav_msgs/include/graphnav_msgs/graphnav_msgs/msg/detail/edge_traversability__traits.hpp
-- Symlinking: /root/ros2_ws/install/graphnav_msgs/include/graphnav_msgs/graphnav_msgs/msg/detail/edge_traversability__type_support.hpp
-- Symlinking: /root/ros2_ws/install/graphnav_msgs/include/graphnav_msgs/graphnav_msgs/msg/detail/key_value__builder.hpp
-- Symlinking: /root/ros2_ws/install/graphnav_msgs/include/graphnav_msgs/graphnav_msgs/msg/detail/key_value__struct.hpp
-- Symlinking: /root/ros2_ws/install/graphnav_msgs/include/graphnav_msgs/graphnav_msgs/msg/detail/key_value__traits.hpp
-- Symlinking: /root/ros2_ws/install/graphnav_msgs/include/graphnav_msgs/graphnav_msgs/msg/detail/key_value__type_support.hpp
-- Symlinking: /root/ros2_ws/install/graphnav_msgs/include/graphnav_msgs/graphnav_msgs/msg/detail/navigation_graph__builder.hpp
-- Symlinking: /root/ros2_ws/install/graphnav_msgs/include/graphnav_msgs/graphnav_msgs/msg/detail/navigation_graph__struct.hpp
-- Symlinking: /root/ros2_ws/install/graphnav_msgs/include/graphnav_msgs/graphnav_msgs/msg/detail/navigation_graph__traits.hpp
-- Symlinking: /root/ros2_ws/install/graphnav_msgs/include/graphnav_msgs/graphnav_msgs/msg/detail/navigation_graph__type_support.hpp
-- Symlinking: /root/ros2_ws/install/graphnav_msgs/include/graphnav_msgs/graphnav_msgs/msg/detail/node__builder.hpp
-- Symlinking: /root/ros2_ws/install/graphnav_msgs/include/graphnav_msgs/graphnav_msgs/msg/detail/node__struct.hpp
-- Symlinking: /root/ros2_ws/install/graphnav_msgs/include/graphnav_msgs/graphnav_msgs/msg/detail/node__traits.hpp
-- Symlinking: /root/ros2_ws/install/graphnav_msgs/include/graphnav_msgs/graphnav_msgs/msg/detail/node__type_support.hpp
-- Symlinking: /root/ros2_ws/install/graphnav_msgs/include/graphnav_msgs/graphnav_msgs/msg/detail/node_traversability_properties__builder.hpp
-- Symlinking: /root/ros2_ws/install/graphnav_msgs/include/graphnav_msgs/graphnav_msgs/msg/detail/node_traversability_properties__struct.hpp
-- Symlinking: /root/ros2_ws/install/graphnav_msgs/include/graphnav_msgs/graphnav_msgs/msg/detail/node_traversability_properties__traits.hpp
-- Symlinking: /root/ros2_ws/install/graphnav_msgs/include/graphnav_msgs/graphnav_msgs/msg/detail/node_traversability_properties__type_support.hpp
-- Symlinking: /root/ros2_ws/install/graphnav_msgs/include/graphnav_msgs/graphnav_msgs/msg/detail/uuid__builder.hpp
-- Symlinking: /root/ros2_ws/install/graphnav_msgs/include/graphnav_msgs/graphnav_msgs/msg/detail/uuid__struct.hpp
-- Symlinking: /root/ros2_ws/install/graphnav_msgs/include/graphnav_msgs/graphnav_msgs/msg/detail/uuid__traits.hpp
-- Symlinking: /root/ros2_ws/install/graphnav_msgs/include/graphnav_msgs/graphnav_msgs/msg/detail/uuid__type_support.hpp
-- Symlinking: /root/ros2_ws/install/graphnav_msgs/include/graphnav_msgs/graphnav_msgs/msg/edge.hpp
-- Symlinking: /root/ros2_ws/install/graphnav_msgs/include/graphnav_msgs/graphnav_msgs/msg/edge_traversability.hpp
-- Symlinking: /root/ros2_ws/install/graphnav_msgs/include/graphnav_msgs/graphnav_msgs/msg/key_value.hpp
-- Symlinking: /root/ros2_ws/install/graphnav_msgs/include/graphnav_msgs/graphnav_msgs/msg/navigation_graph.hpp
-- Symlinking: /root/ros2_ws/install/graphnav_msgs/include/graphnav_msgs/graphnav_msgs/msg/node.hpp
-- Symlinking: /root/ros2_ws/install/graphnav_msgs/include/graphnav_msgs/graphnav_msgs/msg/node_traversability_properties.hpp
-- Symlinking: /root/ros2_ws/install/graphnav_msgs/include/graphnav_msgs/graphnav_msgs/msg/rosidl_generator_cpp__visibility_control.hpp
-- Symlinking: /root/ros2_ws/install/graphnav_msgs/include/graphnav_msgs/graphnav_msgs/msg/uuid.hpp
-- Symlinking: /root/ros2_ws/install/graphnav_msgs/include/graphnav_msgs/graphnav_msgs/msg/detail/edge__rosidl_typesupport_fastrtps_cpp.hpp
-- Symlinking: /root/ros2_ws/install/graphnav_msgs/include/graphnav_msgs/graphnav_msgs/msg/detail/edge_traversability__rosidl_typesupport_fastrtps_cpp.hpp
-- Symlinking: /root/ros2_ws/install/graphnav_msgs/include/graphnav_msgs/graphnav_msgs/msg/detail/key_value__rosidl_typesupport_fastrtps_cpp.hpp
-- Symlinking: /root/ros2_ws/install/graphnav_msgs/include/graphnav_msgs/graphnav_msgs/msg/detail/navigation_graph__rosidl_typesupport_fastrtps_cpp.hpp
-- Symlinking: /root/ros2_ws/install/graphnav_msgs/include/graphnav_msgs/graphnav_msgs/msg/detail/node__rosidl_typesupport_fastrtps_cpp.hpp
-- Symlinking: /root/ros2_ws/install/graphnav_msgs/include/graphnav_msgs/graphnav_msgs/msg/detail/node_traversability_properties__rosidl_typesupport_fastrtps_cpp.hpp
-- Symlinking: /root/ros2_ws/install/graphnav_msgs/include/graphnav_msgs/graphnav_msgs/msg/detail/uuid__rosidl_typesupport_fastrtps_cpp.hpp
-- Symlinking: /root/ros2_ws/install/graphnav_msgs/include/graphnav_msgs/graphnav_msgs/msg/rosidl_typesupport_fastrtps_cpp__visibility_control.h
-- Symlinking: /root/ros2_ws/install/graphnav_msgs/include/graphnav_msgs/graphnav_msgs/msg/detail/edge__rosidl_typesupport_introspection_cpp.hpp
-- Symlinking: /root/ros2_ws/install/graphnav_msgs/include/graphnav_msgs/graphnav_msgs/msg/detail/edge_traversability__rosidl_typesupport_introspection_cpp.hpp
-- Symlinking: /root/ros2_ws/install/graphnav_msgs/include/graphnav_msgs/graphnav_msgs/msg/detail/key_value__rosidl_typesupport_introspection_cpp.hpp
-- Symlinking: /root/ros2_ws/install/graphnav_msgs/include/graphnav_msgs/graphnav_msgs/msg/detail/navigation_graph__rosidl_typesupport_introspection_cpp.hpp
-- Symlinking: /root/ros2_ws/install/graphnav_msgs/include/graphnav_msgs/graphnav_msgs/msg/detail/node__rosidl_typesupport_introspection_cpp.hpp
-- Symlinking: /root/ros2_ws/install/graphnav_msgs/include/graphnav_msgs/graphnav_msgs/msg/detail/node_traversability_properties__rosidl_typesupport_introspection_cpp.hpp
-- Symlinking: /root/ros2_ws/install/graphnav_msgs/include/graphnav_msgs/graphnav_msgs/msg/detail/uuid__rosidl_typesupport_introspection_cpp.hpp
-- Symlinking: /root/ros2_ws/install/graphnav_msgs/share/graphnav_msgs/environment/pythonpath.sh
-- Symlinking: /root/ros2_ws/install/graphnav_msgs/share/graphnav_msgs/environment/pythonpath.dsv
-- Symlinking: /root/ros2_ws/install/graphnav_msgs/lib/python3.12/site-packages/graphnav_msgs-0.0.0-py3.12.egg-info/PKG-INFO
-- Symlinking: /root/ros2_ws/install/graphnav_msgs/lib/python3.12/site-packages/graphnav_msgs-0.0.0-py3.12.egg-info/SOURCES.txt
-- Symlinking: /root/ros2_ws/install/graphnav_msgs/lib/python3.12/site-packages/graphnav_msgs-0.0.0-py3.12.egg-info/dependency_links.txt
-- Symlinking: /root/ros2_ws/install/graphnav_msgs/lib/python3.12/site-packages/graphnav_msgs-0.0.0-py3.12.egg-info/top_level.txt
-- Symlinking: /root/ros2_ws/install/graphnav_msgs/lib/python3.12/site-packages/graphnav_msgs/__init__.py
-- Symlinking: /root/ros2_ws/install/graphnav_msgs/lib/python3.12/site-packages/graphnav_msgs/_graphnav_msgs_s.ep.rosidl_typesupport_c.c
-- Symlinking: /root/ros2_ws/install/graphnav_msgs/lib/python3.12/site-packages/graphnav_msgs/_graphnav_msgs_s.ep.rosidl_typesupport_fastrtps_c.c
-- Symlinking: /root/ros2_ws/install/graphnav_msgs/lib/python3.12/site-packages/graphnav_msgs/_graphnav_msgs_s.ep.rosidl_typesupport_introspection_c.c
-- Symlinking: /root/ros2_ws/install/graphnav_msgs/lib/python3.12/site-packages/graphnav_msgs/graphnav_msgs_s__rosidl_typesupport_c.so
-- Symlinking: /root/ros2_ws/install/graphnav_msgs/lib/python3.12/site-packages/graphnav_msgs/graphnav_msgs_s__rosidl_typesupport_fastrtps_c.so
-- Symlinking: /root/ros2_ws/install/graphnav_msgs/lib/python3.12/site-packages/graphnav_msgs/graphnav_msgs_s__rosidl_typesupport_introspection_c.so
-- Symlinking: /root/ros2_ws/install/graphnav_msgs/lib/python3.12/site-packages/graphnav_msgs/msg/__init__.py
-- Symlinking: /root/ros2_ws/install/graphnav_msgs/lib/python3.12/site-packages/graphnav_msgs/msg/_edge.py
-- Symlinking: /root/ros2_ws/install/graphnav_msgs/lib/python3.12/site-packages/graphnav_msgs/msg/_edge_s.c
-- Symlinking: /root/ros2_ws/install/graphnav_msgs/lib/python3.12/site-packages/graphnav_msgs/msg/_edge_traversability.py
-- Symlinking: /root/ros2_ws/install/graphnav_msgs/lib/python3.12/site-packages/graphnav_msgs/msg/_edge_traversability_s.c
-- Symlinking: /root/ros2_ws/install/graphnav_msgs/lib/python3.12/site-packages/graphnav_msgs/msg/_key_value.py
-- Symlinking: /root/ros2_ws/install/graphnav_msgs/lib/python3.12/site-packages/graphnav_msgs/msg/_key_value_s.c
-- Symlinking: /root/ros2_ws/install/graphnav_msgs/lib/python3.12/site-packages/graphnav_msgs/msg/_navigation_graph.py
-- Symlinking: /root/ros2_ws/install/graphnav_msgs/lib/python3.12/site-packages/graphnav_msgs/msg/_navigation_graph_s.c
-- Symlinking: /root/ros2_ws/install/graphnav_msgs/lib/python3.12/site-packages/graphnav_msgs/msg/_node.py
-- Symlinking: /root/ros2_ws/install/graphnav_msgs/lib/python3.12/site-packages/graphnav_msgs/msg/_node_s.c
-- Symlinking: /root/ros2_ws/install/graphnav_msgs/lib/python3.12/site-packages/graphnav_msgs/msg/_node_traversability_properties.py
-- Symlinking: /root/ros2_ws/install/graphnav_msgs/lib/python3.12/site-packages/graphnav_msgs/msg/_node_traversability_properties_s.c
-- Symlinking: /root/ros2_ws/install/graphnav_msgs/lib/python3.12/site-packages/graphnav_msgs/msg/_uuid.py
-- Symlinking: /root/ros2_ws/install/graphnav_msgs/lib/python3.12/site-packages/graphnav_msgs/msg/_uuid_s.c
-- Up-to-date symlink: /root/ros2_ws/install/graphnav_msgs/lib/python3.12/site-packages/graphnav_msgs/graphnav_msgs_s__rosidl_typesupport_fastrtps_c.so
-- Up-to-date symlink: /root/ros2_ws/install/graphnav_msgs/lib/python3.12/site-packages/graphnav_msgs/graphnav_msgs_s__rosidl_typesupport_introspection_c.so
-- Up-to-date symlink: /root/ros2_ws/install/graphnav_msgs/lib/python3.12/site-packages/graphnav_msgs/graphnav_msgs_s__rosidl_typesupport_c.so
-- Symlinking: /root/ros2_ws/install/graphnav_msgs/share/ament_index/resource_index/rust_packages/graphnav_msgs
-- Symlinking: /root/ros2_ws/install/graphnav_msgs/share/graphnav_msgs/rust/Cargo.toml
-- Symlinking: /root/ros2_ws/install/graphnav_msgs/share/graphnav_msgs/rust/build.rs
-- Symlinking: /root/ros2_ws/install/graphnav_msgs/share/graphnav_msgs/rust/src/lib.rs
-- Symlinking: /root/ros2_ws/install/graphnav_msgs/share/graphnav_msgs/rust/src/msg.rs
-- Symlinking: /root/ros2_ws/install/graphnav_msgs/share/graphnav_msgs/rust/src/msg/rmw.rs
-- Symlinking: /root/ros2_ws/install/graphnav_msgs/share/graphnav_msgs/msg/NavigationGraph.idl
-- Symlinking: /root/ros2_ws/install/graphnav_msgs/share/graphnav_msgs/msg/Node.idl
-- Symlinking: /root/ros2_ws/install/graphnav_msgs/share/graphnav_msgs/msg/NodeTraversabilityProperties.idl
-- Symlinking: /root/ros2_ws/install/graphnav_msgs/share/graphnav_msgs/msg/Edge.idl
-- Symlinking: /root/ros2_ws/install/graphnav_msgs/share/graphnav_msgs/msg/EdgeTraversability.idl
-- Symlinking: /root/ros2_ws/install/graphnav_msgs/share/graphnav_msgs/msg/KeyValue.idl
-- Symlinking: /root/ros2_ws/install/graphnav_msgs/share/graphnav_msgs/msg/UUID.idl
-- Symlinking: /root/ros2_ws/install/graphnav_msgs/share/graphnav_msgs/msg/NavigationGraph.msg
-- Symlinking: /root/ros2_ws/install/graphnav_msgs/share/graphnav_msgs/msg/Node.msg
-- Symlinking: /root/ros2_ws/install/graphnav_msgs/share/graphnav_msgs/msg/NodeTraversabilityProperties.msg
-- Symlinking: /root/ros2_ws/install/graphnav_msgs/share/graphnav_msgs/msg/Edge.msg
-- Symlinking: /root/ros2_ws/install/graphnav_msgs/share/graphnav_msgs/msg/EdgeTraversability.msg
-- Symlinking: /root/ros2_ws/install/graphnav_msgs/share/graphnav_msgs/msg/KeyValue.msg
-- Symlinking: /root/ros2_ws/install/graphnav_msgs/share/graphnav_msgs/msg/UUID.msg
-- Symlinking: /root/ros2_ws/install/graphnav_msgs/share/ament_index/resource_index/package_run_dependencies/graphnav_msgs
-- Symlinking: /root/ros2_ws/install/graphnav_msgs/share/ament_index/resource_index/parent_prefix_path/graphnav_msgs
-- Symlinking: /root/ros2_ws/install/graphnav_msgs/share/graphnav_msgs/environment/ament_prefix_path.sh
-- Symlinking: /root/ros2_ws/install/graphnav_msgs/share/graphnav_msgs/environment/ament_prefix_path.dsv
-- Symlinking: /root/ros2_ws/install/graphnav_msgs/share/graphnav_msgs/environment/path.sh
-- Symlinking: /root/ros2_ws/install/graphnav_msgs/share/graphnav_msgs/environment/path.dsv
-- Symlinking: /root/ros2_ws/install/graphnav_msgs/share/graphnav_msgs/local_setup.bash
-- Symlinking: /root/ros2_ws/install/graphnav_msgs/share/graphnav_msgs/local_setup.sh
-- Symlinking: /root/ros2_ws/install/graphnav_msgs/share/graphnav_msgs/local_setup.zsh
-- Symlinking: /root/ros2_ws/install/graphnav_msgs/share/graphnav_msgs/local_setup.dsv
-- Symlinking: /root/ros2_ws/install/graphnav_msgs/share/graphnav_msgs/package.dsv
-- Symlinking: /root/ros2_ws/install/graphnav_msgs/share/ament_index/resource_index/packages/graphnav_msgs
-- Symlinking: /root/ros2_ws/install/graphnav_msgs/share/graphnav_msgs/cmake/rosidl_cmake-extras.cmake
-- Symlinking: /root/ros2_ws/install/graphnav_msgs/share/graphnav_msgs/cmake/ament_cmake_export_dependencies-extras.cmake
-- Symlinking: /root/ros2_ws/install/graphnav_msgs/share/graphnav_msgs/cmake/ament_cmake_export_include_directories-extras.cmake
-- Symlinking: /root/ros2_ws/install/graphnav_msgs/share/graphnav_msgs/cmake/ament_cmake_export_libraries-extras.cmake
-- Symlinking: /root/ros2_ws/install/graphnav_msgs/share/graphnav_msgs/cmake/ament_cmake_export_targets-extras.cmake
-- Symlinking: /root/ros2_ws/install/graphnav_msgs/share/graphnav_msgs/cmake/rosidl_cmake_export_typesupport_targets-extras.cmake
-- Symlinking: /root/ros2_ws/install/graphnav_msgs/share/graphnav_msgs/cmake/rosidl_cmake_export_typesupport_libraries-extras.cmake
-- Symlinking: /root/ros2_ws/install/graphnav_msgs/share/graphnav_msgs/cmake/graphnav_msgsConfig.cmake
-- Symlinking: /root/ros2_ws/install/graphnav_msgs/share/graphnav_msgs/cmake/graphnav_msgsConfig-version.cmake
-- Symlinking: /root/ros2_ws/install/graphnav_msgs/share/graphnav_msgs/package.xml
-- Installing: /root/ros2_ws/install/graphnav_msgs/lib/libgraphnav_msgs__rosidl_generator_c.so
-- Set non-toolchain portion of runtime path of "/root/ros2_ws/install/graphnav_msgs/lib/libgraphnav_msgs__rosidl_generator_c.so" to ""
-- Installing: /root/ros2_ws/install/graphnav_msgs/lib/libgraphnav_msgs__rosidl_typesupport_fastrtps_c.so
-- Set non-toolchain portion of runtime path of "/root/ros2_ws/install/graphnav_msgs/lib/libgraphnav_msgs__rosidl_typesupport_fastrtps_c.so" to ""
-- Installing: /root/ros2_ws/install/graphnav_msgs/lib/libgraphnav_msgs__rosidl_typesupport_introspection_c.so
-- Set non-toolchain portion of runtime path of "/root/ros2_ws/install/graphnav_msgs/lib/libgraphnav_msgs__rosidl_typesupport_introspection_c.so" to ""
-- Installing: /root/ros2_ws/install/graphnav_msgs/lib/libgraphnav_msgs__rosidl_typesupport_c.so
-- Set non-toolchain portion of runtime path of "/root/ros2_ws/install/graphnav_msgs/lib/libgraphnav_msgs__rosidl_typesupport_c.so" to ""
-- Installing: /root/ros2_ws/install/graphnav_msgs/lib/libgraphnav_msgs__rosidl_typesupport_fastrtps_cpp.so
-- Set non-toolchain portion of runtime path of "/root/ros2_ws/install/graphnav_msgs/lib/libgraphnav_msgs__rosidl_typesupport_fastrtps_cpp.so" to ""
-- Installing: /root/ros2_ws/install/graphnav_msgs/lib/libgraphnav_msgs__rosidl_typesupport_introspection_cpp.so
-- Set non-toolchain portion of runtime path of "/root/ros2_ws/install/graphnav_msgs/lib/libgraphnav_msgs__rosidl_typesupport_introspection_cpp.so" to ""
-- Installing: /root/ros2_ws/install/graphnav_msgs/lib/libgraphnav_msgs__rosidl_typesupport_cpp.so
-- Set non-toolchain portion of runtime path of "/root/ros2_ws/install/graphnav_msgs/lib/libgraphnav_msgs__rosidl_typesupport_cpp.so" to ""
Listing '/root/ros2_ws/install/graphnav_msgs/lib/python3.12/site-packages/graphnav_msgs'...
Compiling '/root/ros2_ws/install/graphnav_msgs/lib/python3.12/site-packages/graphnav_msgs/__init__.py'...
Listing '/root/ros2_ws/install/graphnav_msgs/lib/python3.12/site-packages/graphnav_msgs/msg'...
Compiling '/root/ros2_ws/install/graphnav_msgs/lib/python3.12/site-packages/graphnav_msgs/msg/__init__.py'...
Compiling '/root/ros2_ws/install/graphnav_msgs/lib/python3.12/site-packages/graphnav_msgs/msg/_edge.py'...
Compiling '/root/ros2_ws/install/graphnav_msgs/lib/python3.12/site-packages/graphnav_msgs/msg/_edge_traversability.py'...
Compiling '/root/ros2_ws/install/graphnav_msgs/lib/python3.12/site-packages/graphnav_msgs/msg/_key_value.py'...
Compiling '/root/ros2_ws/install/graphnav_msgs/lib/python3.12/site-packages/graphnav_msgs/msg/_navigation_graph.py'...
Compiling '/root/ros2_ws/install/graphnav_msgs/lib/python3.12/site-packages/graphnav_msgs/msg/_node.py'...
Compiling '/root/ros2_ws/install/graphnav_msgs/lib/python3.12/site-packages/graphnav_msgs/msg/_node_traversability_properties.py'...
Compiling '/root/ros2_ws/install/graphnav_msgs/lib/python3.12/site-packages/graphnav_msgs/msg/_uuid.py'...
-- Installing: /root/ros2_ws/install/graphnav_msgs/lib/libgraphnav_msgs__rosidl_generator_py.so
-- Set non-toolchain portion of runtime path of "/root/ros2_ws/install/graphnav_msgs/lib/libgraphnav_msgs__rosidl_generator_py.so" to ""
-- Installing: /root/ros2_ws/install/graphnav_msgs/share/graphnav_msgs/cmake/export_graphnav_msgs__rosidl_generator_cExport.cmake
-- Installing: /root/ros2_ws/install/graphnav_msgs/share/graphnav_msgs/cmake/export_graphnav_msgs__rosidl_generator_cExport-noconfig.cmake
-- Installing: /root/ros2_ws/install/graphnav_msgs/share/graphnav_msgs/cmake/export_graphnav_msgs__rosidl_typesupport_fastrtps_cExport.cmake
-- Installing: /root/ros2_ws/install/graphnav_msgs/share/graphnav_msgs/cmake/export_graphnav_msgs__rosidl_typesupport_fastrtps_cExport-noconfig.cmake
-- Installing: /root/ros2_ws/install/graphnav_msgs/share/graphnav_msgs/cmake/graphnav_msgs__rosidl_typesupport_introspection_cExport.cmake
-- Installing: /root/ros2_ws/install/graphnav_msgs/share/graphnav_msgs/cmake/graphnav_msgs__rosidl_typesupport_introspection_cExport-noconfig.cmake
-- Installing: /root/ros2_ws/install/graphnav_msgs/share/graphnav_msgs/cmake/graphnav_msgs__rosidl_typesupport_cExport.cmake
-- Installing: /root/ros2_ws/install/graphnav_msgs/share/graphnav_msgs/cmake/graphnav_msgs__rosidl_typesupport_cExport-noconfig.cmake
-- Installing: /root/ros2_ws/install/graphnav_msgs/share/graphnav_msgs/cmake/export_graphnav_msgs__rosidl_generator_cppExport.cmake
-- Installing: /root/ros2_ws/install/graphnav_msgs/share/graphnav_msgs/cmake/export_graphnav_msgs__rosidl_typesupport_fastrtps_cppExport.cmake
-- Installing: /root/ros2_ws/install/graphnav_msgs/share/graphnav_msgs/cmake/export_graphnav_msgs__rosidl_typesupport_fastrtps_cppExport-noconfig.cmake
-- Installing: /root/ros2_ws/install/graphnav_msgs/share/graphnav_msgs/cmake/graphnav_msgs__rosidl_typesupport_introspection_cppExport.cmake
-- Installing: /root/ros2_ws/install/graphnav_msgs/share/graphnav_msgs/cmake/graphnav_msgs__rosidl_typesupport_introspection_cppExport-noconfig.cmake
-- Installing: /root/ros2_ws/install/graphnav_msgs/share/graphnav_msgs/cmake/graphnav_msgs__rosidl_typesupport_cppExport.cmake
-- Installing: /root/ros2_ws/install/graphnav_msgs/share/graphnav_msgs/cmake/graphnav_msgs__rosidl_typesupport_cppExport-noconfig.cmake
-- Installing: /root/ros2_ws/install/graphnav_msgs/share/graphnav_msgs/cmake/export_graphnav_msgs__rosidl_generator_pyExport.cmake
-- Installing: /root/ros2_ws/install/graphnav_msgs/share/graphnav_msgs/cmake/export_graphnav_msgs__rosidl_generator_pyExport-noconfig.cmake
