[0.014s] Invoking command in '/root/ros2_ws/build/graphnav_msgs': CMAKE_PREFIX_PATH=${CMAKE_PREFIX_PATH}:/opt/ros/jazzy /usr/bin/cmake /root/ros2_ws/src/nebula2-wildos-main/graphnav_msgs -DAMENT_CMAKE_SYMLINK_INSTALL=1 -DCMAKE_INSTALL_PREFIX=/root/ros2_ws/install/graphnav_msgs
[0.143s] -- The C compiler identification is GNU 13.3.0
[0.228s] -- The CXX compiler identification is GNU 13.3.0
[0.244s] -- Detecting C compiler ABI info
[0.363s] -- Detecting C compiler ABI info - done
[0.372s] -- Check for working C compiler: /usr/bin/cc - skipped
[0.372s] -- Detecting C compile features
[0.373s] -- Detecting C compile features - done
[0.384s] -- Detecting CXX compiler ABI info
[0.473s] -- Detecting CXX compiler ABI info - done
[0.482s] -- Check for working CXX compiler: /usr/bin/c++ - skipped
[0.483s] -- Detecting CXX compile features
[0.483s] -- Detecting CXX compile features - done
[0.511s] -- Found ament_cmake: 2.5.6 (/opt/ros/jazzy/share/ament_cmake/cmake)
[0.667s] -- Found Python3: /usr/bin/python3 (found version "3.12.3") found components: Interpreter 
[0.752s] -- Override CMake install command with custom implementation using symlinks instead of copying resources
[0.829s] -- Found rosidl_default_generators: 1.6.0 (/opt/ros/jazzy/share/rosidl_default_generators/cmake)
[0.843s] -- Using all available rosidl_typesupport_c: rosidl_typesupport_fastrtps_c;rosidl_typesupport_introspection_c
[0.933s] -- Using all available rosidl_typesupport_cpp: rosidl_typesupport_fastrtps_cpp;rosidl_typesupport_introspection_cpp
[1.015s] -- Found rosidl_adapter: 4.6.7 (/opt/ros/jazzy/share/rosidl_adapter/cmake)
[1.021s] -- Found std_msgs: 5.3.7 (/opt/ros/jazzy/share/std_msgs/cmake)
[1.070s] -- Found geometry_msgs: 5.3.7 (/opt/ros/jazzy/share/geometry_msgs/cmake)
[1.674s] -- Found ament_cmake_cppcheck: 0.17.5 (/opt/ros/jazzy/share/ament_cmake_cppcheck/cmake)
[1.684s] -- Found ament_cmake_cpplint: 0.17.5 (/opt/ros/jazzy/share/ament_cmake_cpplint/cmake)
[1.689s] -- Found ament_cmake_uncrustify: 0.17.5 (/opt/ros/jazzy/share/ament_cmake_uncrustify/cmake)
[1.694s] -- Found ament_cmake_ros: 0.12.0 (/opt/ros/jazzy/share/ament_cmake_ros/cmake)
[2.171s] -- Using all available rosidl_typesupport_c: rosidl_typesupport_fastrtps_c;rosidl_typesupport_introspection_c
[2.775s] -- Using all available rosidl_typesupport_cpp: rosidl_typesupport_fastrtps_cpp;rosidl_typesupport_introspection_cpp
[2.786s] -- Found python_cmake_module: 0.11.1 (/opt/ros/jazzy/share/python_cmake_module/cmake)
[2.899s] -- Found PythonExtra: /usr/bin/python3  
[3.300s] -- Found Python3: /usr/bin/python3 (found version "3.12.3") found components: Interpreter Development NumPy Development.Module Development.Embed 
[3.366s] -- Found ament_cmake_flake8: 0.17.5 (/opt/ros/jazzy/share/ament_cmake_flake8/cmake)
[3.370s] -- Found ament_cmake_pep257: 0.17.5 (/opt/ros/jazzy/share/ament_cmake_pep257/cmake)
[3.427s] -- Found Python3: /usr/bin/python3 (found version "3.12.3") found components: Interpreter 
[3.448s] -- Configuring done (3.4s)
[3.498s] -- Generating done (0.0s)
[3.511s] -- Build files have been written to: /root/ros2_ws/build/graphnav_msgs
[3.519s] Invoked command in '/root/ros2_ws/build/graphnav_msgs' returned '0': CMAKE_PREFIX_PATH=${CMAKE_PREFIX_PATH}:/opt/ros/jazzy /usr/bin/cmake /root/ros2_ws/src/nebula2-wildos-main/graphnav_msgs -DAMENT_CMAKE_SYMLINK_INSTALL=1 -DCMAKE_INSTALL_PREFIX=/root/ros2_ws/install/graphnav_msgs
[3.520s] Invoking command in '/root/ros2_ws/build/graphnav_msgs': CMAKE_PREFIX_PATH=${CMAKE_PREFIX_PATH}:/opt/ros/jazzy /usr/bin/cmake --build /root/ros2_ws/build/graphnav_msgs -- -j8 -l8
[3.564s] [  1%] Generating type hashes for ROS interfaces
[3.564s] [  2%] Generating Rust code for ROS interfaces
[3.571s] [  2%] Built target ament_cmake_python_symlink_graphnav_msgs
[3.778s] running egg_info
[3.779s] creating graphnav_msgs.egg-info
[3.811s] writing graphnav_msgs.egg-info/PKG-INFO
[3.811s] writing dependency_links to graphnav_msgs.egg-info/dependency_links.txt
[3.811s] writing top-level names to graphnav_msgs.egg-info/top_level.txt
[3.812s] writing manifest file 'graphnav_msgs.egg-info/SOURCES.txt'
[3.837s] [  2%] Built target graphnav_msgs__rosidl_generator_type_description
[3.851s] [  3%] Generating C code for ROS interfaces
[3.859s] [  4%] Generating C++ code for ROS interfaces
[3.864s] [  4%] Built target graphnav_msgs__rs
[3.883s] reading manifest file 'graphnav_msgs.egg-info/SOURCES.txt'
[3.884s] writing manifest file 'graphnav_msgs.egg-info/SOURCES.txt'
[3.911s] [  4%] Built target ament_cmake_python_build_graphnav_msgs_egg
[4.332s] [  4%] Built target graphnav_msgs__cpp
[4.485s] [  9%] Building C object CMakeFiles/graphnav_msgs__rosidl_generator_c.dir/rosidl_generator_c/graphnav_msgs/msg/detail/navigation_graph__description.c.o
[4.485s] [  9%] Building C object CMakeFiles/graphnav_msgs__rosidl_generator_c.dir/rosidl_generator_c/graphnav_msgs/msg/detail/node__description.c.o
[4.486s] [  9%] Building C object CMakeFiles/graphnav_msgs__rosidl_generator_c.dir/rosidl_generator_c/graphnav_msgs/msg/detail/node__functions.c.o
[4.486s] [  9%] Building C object CMakeFiles/graphnav_msgs__rosidl_generator_c.dir/rosidl_generator_c/graphnav_msgs/msg/detail/node__type_support.c.o
[4.486s] [ 11%] Building C object CMakeFiles/graphnav_msgs__rosidl_generator_c.dir/rosidl_generator_c/graphnav_msgs/msg/detail/navigation_graph__type_support.c.o
[4.486s] [ 11%] Building C object CMakeFiles/graphnav_msgs__rosidl_generator_c.dir/rosidl_generator_c/graphnav_msgs/msg/detail/navigation_graph__functions.c.o
[4.486s] [ 11%] Building C object CMakeFiles/graphnav_msgs__rosidl_generator_c.dir/rosidl_generator_c/graphnav_msgs/msg/detail/node_traversability_properties__description.c.o
[4.486s] [ 12%] Building C object CMakeFiles/graphnav_msgs__rosidl_generator_c.dir/rosidl_generator_c/graphnav_msgs/msg/detail/node_traversability_properties__functions.c.o
[4.537s] [ 13%] Building C object CMakeFiles/graphnav_msgs__rosidl_generator_c.dir/rosidl_generator_c/graphnav_msgs/msg/detail/node_traversability_properties__type_support.c.o
[4.541s] [ 14%] Building C object CMakeFiles/graphnav_msgs__rosidl_generator_c.dir/rosidl_generator_c/graphnav_msgs/msg/detail/edge__description.c.o
[4.556s] [ 15%] Building C object CMakeFiles/graphnav_msgs__rosidl_generator_c.dir/rosidl_generator_c/graphnav_msgs/msg/detail/edge__functions.c.o
[4.561s] [ 16%] Building C object CMakeFiles/graphnav_msgs__rosidl_generator_c.dir/rosidl_generator_c/graphnav_msgs/msg/detail/edge__type_support.c.o
[4.570s] [ 18%] Building C object CMakeFiles/graphnav_msgs__rosidl_generator_c.dir/rosidl_generator_c/graphnav_msgs/msg/detail/edge_traversability__description.c.o
[4.570s] [ 18%] Building C object CMakeFiles/graphnav_msgs__rosidl_generator_c.dir/rosidl_generator_c/graphnav_msgs/msg/detail/edge_traversability__functions.c.o
[4.578s] [ 20%] Building C object CMakeFiles/graphnav_msgs__rosidl_generator_c.dir/rosidl_generator_c/graphnav_msgs/msg/detail/key_value__description.c.o
[4.582s] [ 21%] Building C object CMakeFiles/graphnav_msgs__rosidl_generator_c.dir/rosidl_generator_c/graphnav_msgs/msg/detail/key_value__functions.c.o
[4.584s] [ 22%] Building C object CMakeFiles/graphnav_msgs__rosidl_generator_c.dir/rosidl_generator_c/graphnav_msgs/msg/detail/edge_traversability__type_support.c.o
[4.604s] [ 23%] Building C object CMakeFiles/graphnav_msgs__rosidl_generator_c.dir/rosidl_generator_c/graphnav_msgs/msg/detail/key_value__type_support.c.o
[4.617s] [ 24%] Building C object CMakeFiles/graphnav_msgs__rosidl_generator_c.dir/rosidl_generator_c/graphnav_msgs/msg/detail/uuid__description.c.o
[4.631s] [ 25%] Building C object CMakeFiles/graphnav_msgs__rosidl_generator_c.dir/rosidl_generator_c/graphnav_msgs/msg/detail/uuid__functions.c.o
[4.633s] [ 26%] Building C object CMakeFiles/graphnav_msgs__rosidl_generator_c.dir/rosidl_generator_c/graphnav_msgs/msg/detail/uuid__type_support.c.o
[4.676s] [ 27%] Linking C shared library libgraphnav_msgs__rosidl_generator_c.so
[4.718s] [ 27%] Built target graphnav_msgs__rosidl_generator_c
[4.730s] [ 28%] Generating C introspection for ROS interfaces
[4.731s] [ 29%] Generating C++ type support dispatch for ROS interfaces
[4.732s] [ 30%] Generating C++ type support for eProsima Fast-RTPS
[4.732s] [ 31%] Generating C type support for eProsima Fast-RTPS
[4.732s] [ 32%] Generating C++ introspection for ROS interfaces
[4.735s] [ 33%] Generating C type support dispatch for ROS interfaces
[5.117s] [ 34%] Building CXX object CMakeFiles/graphnav_msgs__rosidl_typesupport_c.dir/rosidl_typesupport_c/graphnav_msgs/msg/node__type_support.cpp.o
[5.129s] [ 35%] Building CXX object CMakeFiles/graphnav_msgs__rosidl_typesupport_c.dir/rosidl_typesupport_c/graphnav_msgs/msg/navigation_graph__type_support.cpp.o
[5.129s] [ 36%] Building CXX object CMakeFiles/graphnav_msgs__rosidl_typesupport_c.dir/rosidl_typesupport_c/graphnav_msgs/msg/node_traversability_properties__type_support.cpp.o
[5.213s] [ 37%] Building CXX object CMakeFiles/graphnav_msgs__rosidl_typesupport_c.dir/rosidl_typesupport_c/graphnav_msgs/msg/edge_traversability__type_support.cpp.o
[5.214s] [ 38%] Building CXX object CMakeFiles/graphnav_msgs__rosidl_typesupport_c.dir/rosidl_typesupport_c/graphnav_msgs/msg/edge__type_support.cpp.o
[5.216s] [ 40%] Building CXX object CMakeFiles/graphnav_msgs__rosidl_typesupport_c.dir/rosidl_typesupport_c/graphnav_msgs/msg/key_value__type_support.cpp.o
[5.278s] [ 41%] Building CXX object CMakeFiles/graphnav_msgs__rosidl_typesupport_c.dir/rosidl_typesupport_c/graphnav_msgs/msg/uuid__type_support.cpp.o
[5.333s] [ 43%] Building CXX object CMakeFiles/graphnav_msgs__rosidl_typesupport_cpp.dir/rosidl_typesupport_cpp/graphnav_msgs/msg/navigation_graph__type_support.cpp.o
[5.333s] [ 43%] Building CXX object CMakeFiles/graphnav_msgs__rosidl_typesupport_cpp.dir/rosidl_typesupport_cpp/graphnav_msgs/msg/node_traversability_properties__type_support.cpp.o
[5.333s] [ 44%] Building CXX object CMakeFiles/graphnav_msgs__rosidl_typesupport_cpp.dir/rosidl_typesupport_cpp/graphnav_msgs/msg/node__type_support.cpp.o
[5.339s] [ 45%] Linking CXX shared library libgraphnav_msgs__rosidl_typesupport_c.so
[5.414s] [ 45%] Built target graphnav_msgs__rosidl_typesupport_c
[5.435s] [ 46%] Building CXX object CMakeFiles/graphnav_msgs__rosidl_typesupport_cpp.dir/rosidl_typesupport_cpp/graphnav_msgs/msg/edge__type_support.cpp.o
[5.499s] [ 47%] Building CXX object CMakeFiles/graphnav_msgs__rosidl_typesupport_fastrtps_c.dir/rosidl_typesupport_fastrtps_c/graphnav_msgs/msg/detail/navigation_graph__type_support_c.cpp.o
[5.534s] [ 49%] Building CXX object CMakeFiles/graphnav_msgs__rosidl_typesupport_introspection_cpp.dir/rosidl_typesupport_introspection_cpp/graphnav_msgs/msg/detail/navigation_graph__type_support.cpp.o
[5.534s] [ 49%] Building C object CMakeFiles/graphnav_msgs__rosidl_typesupport_introspection_c.dir/rosidl_typesupport_introspection_c/graphnav_msgs/msg/detail/navigation_graph__type_support.c.o
[5.625s] [ 50%] Building C object CMakeFiles/graphnav_msgs__rosidl_typesupport_introspection_c.dir/rosidl_typesupport_introspection_c/graphnav_msgs/msg/detail/node__type_support.c.o
[5.694s] [ 51%] Building C object CMakeFiles/graphnav_msgs__rosidl_typesupport_introspection_c.dir/rosidl_typesupport_introspection_c/graphnav_msgs/msg/detail/node_traversability_properties__type_support.c.o
[5.709s] [ 52%] Building CXX object CMakeFiles/graphnav_msgs__rosidl_typesupport_fastrtps_cpp.dir/rosidl_typesupport_fastrtps_cpp/graphnav_msgs/msg/detail/dds_fastrtps/navigation_graph__type_support.cpp.o
[5.759s] [ 53%] Building C object CMakeFiles/graphnav_msgs__rosidl_typesupport_introspection_c.dir/rosidl_typesupport_introspection_c/graphnav_msgs/msg/detail/edge__type_support.c.o
[5.820s] [ 54%] Building C object CMakeFiles/graphnav_msgs__rosidl_typesupport_introspection_c.dir/rosidl_typesupport_introspection_c/graphnav_msgs/msg/detail/edge_traversability__type_support.c.o
[5.836s] [ 55%] Building CXX object CMakeFiles/graphnav_msgs__rosidl_typesupport_fastrtps_cpp.dir/rosidl_typesupport_fastrtps_cpp/graphnav_msgs/msg/detail/dds_fastrtps/node__type_support.cpp.o
[5.844s] [ 56%] Building CXX object CMakeFiles/graphnav_msgs__rosidl_typesupport_introspection_cpp.dir/rosidl_typesupport_introspection_cpp/graphnav_msgs/msg/detail/node__type_support.cpp.o
[5.874s] [ 57%] Building CXX object CMakeFiles/graphnav_msgs__rosidl_typesupport_introspection_cpp.dir/rosidl_typesupport_introspection_cpp/graphnav_msgs/msg/detail/node_traversability_properties__type_support.cpp.o
[5.879s] [ 58%] Building C object CMakeFiles/graphnav_msgs__rosidl_typesupport_introspection_c.dir/rosidl_typesupport_introspection_c/graphnav_msgs/msg/detail/key_value__type_support.c.o
[5.904s] [ 60%] Building CXX object CMakeFiles/graphnav_msgs__rosidl_typesupport_cpp.dir/rosidl_typesupport_cpp/graphnav_msgs/msg/edge_traversability__type_support.cpp.o
[5.934s] [ 61%] Building C object CMakeFiles/graphnav_msgs__rosidl_typesupport_introspection_c.dir/rosidl_typesupport_introspection_c/graphnav_msgs/msg/detail/uuid__type_support.c.o
[5.994s] [ 62%] Linking C shared library libgraphnav_msgs__rosidl_typesupport_introspection_c.so
[6.049s] [ 62%] Built target graphnav_msgs__rosidl_typesupport_introspection_c
[6.066s] [ 63%] Building CXX object CMakeFiles/graphnav_msgs__rosidl_typesupport_fastrtps_c.dir/rosidl_typesupport_fastrtps_c/graphnav_msgs/msg/detail/node__type_support_c.cpp.o
[6.276s] [ 64%] Building CXX object CMakeFiles/graphnav_msgs__rosidl_typesupport_introspection_cpp.dir/rosidl_typesupport_introspection_cpp/graphnav_msgs/msg/detail/edge__type_support.cpp.o
[6.518s] [ 65%] Building CXX object CMakeFiles/graphnav_msgs__rosidl_typesupport_cpp.dir/rosidl_typesupport_cpp/graphnav_msgs/msg/key_value__type_support.cpp.o
[6.596s] [ 66%] Building CXX object CMakeFiles/graphnav_msgs__rosidl_typesupport_introspection_cpp.dir/rosidl_typesupport_introspection_cpp/graphnav_msgs/msg/detail/edge_traversability__type_support.cpp.o
[6.948s] [ 67%] Building CXX object CMakeFiles/graphnav_msgs__rosidl_typesupport_fastrtps_cpp.dir/rosidl_typesupport_fastrtps_cpp/graphnav_msgs/msg/detail/dds_fastrtps/node_traversability_properties__type_support.cpp.o
[6.954s] [ 68%] Building CXX object CMakeFiles/graphnav_msgs__rosidl_typesupport_cpp.dir/rosidl_typesupport_cpp/graphnav_msgs/msg/uuid__type_support.cpp.o
[6.996s] [ 69%] Building CXX object CMakeFiles/graphnav_msgs__rosidl_typesupport_fastrtps_cpp.dir/rosidl_typesupport_fastrtps_cpp/graphnav_msgs/msg/detail/dds_fastrtps/edge__type_support.cpp.o
[7.159s] [ 70%] Building CXX object CMakeFiles/graphnav_msgs__rosidl_typesupport_introspection_cpp.dir/rosidl_typesupport_introspection_cpp/graphnav_msgs/msg/detail/key_value__type_support.cpp.o
[7.203s] [ 71%] Building CXX object CMakeFiles/graphnav_msgs__rosidl_typesupport_fastrtps_c.dir/rosidl_typesupport_fastrtps_c/graphnav_msgs/msg/detail/node_traversability_properties__type_support_c.cpp.o
[7.244s] [ 72%] Building CXX object CMakeFiles/graphnav_msgs__rosidl_typesupport_introspection_cpp.dir/rosidl_typesupport_introspection_cpp/graphnav_msgs/msg/detail/uuid__type_support.cpp.o
[7.316s] [ 73%] Building CXX object CMakeFiles/graphnav_msgs__rosidl_typesupport_fastrtps_cpp.dir/rosidl_typesupport_fastrtps_cpp/graphnav_msgs/msg/detail/dds_fastrtps/edge_traversability__type_support.cpp.o
[7.465s] [ 74%] Linking CXX shared library libgraphnav_msgs__rosidl_typesupport_cpp.so
[7.505s] [ 75%] Building CXX object CMakeFiles/graphnav_msgs__rosidl_typesupport_fastrtps_cpp.dir/rosidl_typesupport_fastrtps_cpp/graphnav_msgs/msg/detail/dds_fastrtps/key_value__type_support.cpp.o
[7.535s] [ 75%] Built target graphnav_msgs__rosidl_typesupport_cpp
[7.550s] [ 76%] Building CXX object CMakeFiles/graphnav_msgs__rosidl_typesupport_fastrtps_c.dir/rosidl_typesupport_fastrtps_c/graphnav_msgs/msg/detail/edge__type_support_c.cpp.o
[7.761s] [ 77%] Building CXX object CMakeFiles/graphnav_msgs__rosidl_typesupport_fastrtps_c.dir/rosidl_typesupport_fastrtps_c/graphnav_msgs/msg/detail/edge_traversability__type_support_c.cpp.o
[7.828s] [ 78%] Linking CXX shared library libgraphnav_msgs__rosidl_typesupport_introspection_cpp.so
[7.955s] [ 80%] Building CXX object CMakeFiles/graphnav_msgs__rosidl_typesupport_fastrtps_cpp.dir/rosidl_typesupport_fastrtps_cpp/graphnav_msgs/msg/detail/dds_fastrtps/uuid__type_support.cpp.o
[8.002s] [ 80%] Built target graphnav_msgs__rosidl_typesupport_introspection_cpp
[8.002s] [ 82%] Building CXX object CMakeFiles/graphnav_msgs__rosidl_typesupport_fastrtps_c.dir/rosidl_typesupport_fastrtps_c/graphnav_msgs/msg/detail/key_value__type_support_c.cpp.o
[8.002s] [ 82%] Building CXX object CMakeFiles/graphnav_msgs__rosidl_typesupport_fastrtps_c.dir/rosidl_typesupport_fastrtps_c/graphnav_msgs/msg/detail/uuid__type_support_c.cpp.o
[8.533s] [ 84%] Linking CXX shared library libgraphnav_msgs__rosidl_typesupport_fastrtps_cpp.so
[8.533s] [ 84%] Linking CXX shared library libgraphnav_msgs__rosidl_typesupport_fastrtps_c.so
[8.614s] [ 84%] Built target graphnav_msgs__rosidl_typesupport_fastrtps_c
[8.619s] [ 84%] Built target graphnav_msgs__rosidl_typesupport_fastrtps_cpp
[8.636s] [ 84%] Built target graphnav_msgs
[8.654s] [ 85%] Generating Python code for ROS interfaces
[9.326s] [ 85%] Built target graphnav_msgs__py
[9.348s] [ 89%] Building C object CMakeFiles/graphnav_msgs__rosidl_generator_py.dir/rosidl_generator_py/graphnav_msgs/msg/_edge_traversability_s.c.o
[9.348s] [ 89%] Building C object CMakeFiles/graphnav_msgs__rosidl_generator_py.dir/rosidl_generator_py/graphnav_msgs/msg/_edge_s.c.o
[9.348s] [ 89%] Building C object CMakeFiles/graphnav_msgs__rosidl_generator_py.dir/rosidl_generator_py/graphnav_msgs/msg/_node_traversability_properties_s.c.o
[9.348s] [ 90%] Building C object CMakeFiles/graphnav_msgs__rosidl_generator_py.dir/rosidl_generator_py/graphnav_msgs/msg/_navigation_graph_s.c.o
[9.348s] [ 90%] Building C object CMakeFiles/graphnav_msgs__rosidl_generator_py.dir/rosidl_generator_py/graphnav_msgs/msg/_key_value_s.c.o
[9.349s] [ 91%] Building C object CMakeFiles/graphnav_msgs__rosidl_generator_py.dir/rosidl_generator_py/graphnav_msgs/msg/_node_s.c.o
[9.350s] [ 92%] Building C object CMakeFiles/graphnav_msgs__rosidl_generator_py.dir/rosidl_generator_py/graphnav_msgs/msg/_uuid_s.c.o
[9.542s] [ 93%] Linking C shared library libgraphnav_msgs__rosidl_generator_py.so
[9.581s] [ 93%] Built target graphnav_msgs__rosidl_generator_py
[9.599s] [ 96%] Building C object CMakeFiles/graphnav_msgs_s__rosidl_typesupport_c.dir/rosidl_generator_py/graphnav_msgs/_graphnav_msgs_s.ep.rosidl_typesupport_c.c.o
[9.599s] [ 96%] Building C object CMakeFiles/graphnav_msgs_s__rosidl_typesupport_introspection_c.dir/rosidl_generator_py/graphnav_msgs/_graphnav_msgs_s.ep.rosidl_typesupport_introspection_c.c.o
[9.599s] [ 96%] Building C object CMakeFiles/graphnav_msgs_s__rosidl_typesupport_fastrtps_c.dir/rosidl_generator_py/graphnav_msgs/_graphnav_msgs_s.ep.rosidl_typesupport_fastrtps_c.c.o
[9.702s] [ 98%] Linking C shared module rosidl_generator_py/graphnav_msgs/graphnav_msgs_s__rosidl_typesupport_introspection_c.so
[9.703s] [ 98%] Linking C shared module rosidl_generator_py/graphnav_msgs/graphnav_msgs_s__rosidl_typesupport_c.so
[9.706s] [100%] Linking C shared module rosidl_generator_py/graphnav_msgs/graphnav_msgs_s__rosidl_typesupport_fastrtps_c.so
[9.729s] [100%] Built target graphnav_msgs_s__rosidl_typesupport_c
[9.730s] [100%] Built target graphnav_msgs_s__rosidl_typesupport_introspection_c
[9.735s] [100%] Built target graphnav_msgs_s__rosidl_typesupport_fastrtps_c
[9.746s] Invoked command in '/root/ros2_ws/build/graphnav_msgs' returned '0': CMAKE_PREFIX_PATH=${CMAKE_PREFIX_PATH}:/opt/ros/jazzy /usr/bin/cmake --build /root/ros2_ws/build/graphnav_msgs -- -j8 -l8
[9.755s] Invoking command in '/root/ros2_ws/build/graphnav_msgs': CMAKE_PREFIX_PATH=${CMAKE_PREFIX_PATH}:/opt/ros/jazzy /usr/bin/cmake --install /root/ros2_ws/build/graphnav_msgs
[9.762s] -- Install configuration: ""
[9.762s] -- Execute custom install script
[9.762s] -- Symlinking: /root/ros2_ws/install/graphnav_msgs/share/ament_index/resource_index/rosidl_interfaces/graphnav_msgs
[9.770s] -- Symlinking: /root/ros2_ws/install/graphnav_msgs/share/graphnav_msgs/msg/NavigationGraph.json
[9.777s] -- Symlinking: /root/ros2_ws/install/graphnav_msgs/share/graphnav_msgs/msg/Node.json
[9.785s] -- Symlinking: /root/ros2_ws/install/graphnav_msgs/share/graphnav_msgs/msg/NodeTraversabilityProperties.json
[9.792s] -- Symlinking: /root/ros2_ws/install/graphnav_msgs/share/graphnav_msgs/msg/Edge.json
[9.799s] -- Symlinking: /root/ros2_ws/install/graphnav_msgs/share/graphnav_msgs/msg/EdgeTraversability.json
[9.806s] -- Symlinking: /root/ros2_ws/install/graphnav_msgs/share/graphnav_msgs/msg/KeyValue.json
[9.813s] -- Symlinking: /root/ros2_ws/install/graphnav_msgs/share/graphnav_msgs/msg/UUID.json
[9.821s] -- Symlinking: /root/ros2_ws/install/graphnav_msgs/include/graphnav_msgs/graphnav_msgs/msg/detail/edge__functions.h
[9.829s] -- Symlinking: /root/ros2_ws/install/graphnav_msgs/include/graphnav_msgs/graphnav_msgs/msg/detail/edge__struct.h
[9.836s] -- Symlinking: /root/ros2_ws/install/graphnav_msgs/include/graphnav_msgs/graphnav_msgs/msg/detail/edge__type_support.h
[9.843s] -- Symlinking: /root/ros2_ws/install/graphnav_msgs/include/graphnav_msgs/graphnav_msgs/msg/detail/edge_traversability__functions.h
[9.850s] -- Symlinking: /root/ros2_ws/install/graphnav_msgs/include/graphnav_msgs/graphnav_msgs/msg/detail/edge_traversability__struct.h
[9.858s] -- Symlinking: /root/ros2_ws/install/graphnav_msgs/include/graphnav_msgs/graphnav_msgs/msg/detail/edge_traversability__type_support.h
[9.865s] -- Symlinking: /root/ros2_ws/install/graphnav_msgs/include/graphnav_msgs/graphnav_msgs/msg/detail/key_value__functions.h
[9.872s] -- Symlinking: /root/ros2_ws/install/graphnav_msgs/include/graphnav_msgs/graphnav_msgs/msg/detail/key_value__struct.h
[9.879s] -- Symlinking: /root/ros2_ws/install/graphnav_msgs/include/graphnav_msgs/graphnav_msgs/msg/detail/key_value__type_support.h
[9.886s] -- Symlinking: /root/ros2_ws/install/graphnav_msgs/include/graphnav_msgs/graphnav_msgs/msg/detail/navigation_graph__functions.h
[9.894s] -- Symlinking: /root/ros2_ws/install/graphnav_msgs/include/graphnav_msgs/graphnav_msgs/msg/detail/navigation_graph__struct.h
[9.901s] -- Symlinking: /root/ros2_ws/install/graphnav_msgs/include/graphnav_msgs/graphnav_msgs/msg/detail/navigation_graph__type_support.h
[9.908s] -- Symlinking: /root/ros2_ws/install/graphnav_msgs/include/graphnav_msgs/graphnav_msgs/msg/detail/node__functions.h
[9.915s] -- Symlinking: /root/ros2_ws/install/graphnav_msgs/include/graphnav_msgs/graphnav_msgs/msg/detail/node__struct.h
[9.923s] -- Symlinking: /root/ros2_ws/install/graphnav_msgs/include/graphnav_msgs/graphnav_msgs/msg/detail/node__type_support.h
[9.930s] -- Symlinking: /root/ros2_ws/install/graphnav_msgs/include/graphnav_msgs/graphnav_msgs/msg/detail/node_traversability_properties__functions.h
[9.937s] -- Symlinking: /root/ros2_ws/install/graphnav_msgs/include/graphnav_msgs/graphnav_msgs/msg/detail/node_traversability_properties__struct.h
[9.945s] -- Symlinking: /root/ros2_ws/install/graphnav_msgs/include/graphnav_msgs/graphnav_msgs/msg/detail/node_traversability_properties__type_support.h
[9.952s] -- Symlinking: /root/ros2_ws/install/graphnav_msgs/include/graphnav_msgs/graphnav_msgs/msg/detail/uuid__functions.h
[9.959s] -- Symlinking: /root/ros2_ws/install/graphnav_msgs/include/graphnav_msgs/graphnav_msgs/msg/detail/uuid__struct.h
[9.966s] -- Symlinking: /root/ros2_ws/install/graphnav_msgs/include/graphnav_msgs/graphnav_msgs/msg/detail/uuid__type_support.h
[9.974s] -- Symlinking: /root/ros2_ws/install/graphnav_msgs/include/graphnav_msgs/graphnav_msgs/msg/edge.h
[9.981s] -- Symlinking: /root/ros2_ws/install/graphnav_msgs/include/graphnav_msgs/graphnav_msgs/msg/edge_traversability.h
[9.988s] -- Symlinking: /root/ros2_ws/install/graphnav_msgs/include/graphnav_msgs/graphnav_msgs/msg/key_value.h
[9.995s] -- Symlinking: /root/ros2_ws/install/graphnav_msgs/include/graphnav_msgs/graphnav_msgs/msg/navigation_graph.h
[10.002s] -- Symlinking: /root/ros2_ws/install/graphnav_msgs/include/graphnav_msgs/graphnav_msgs/msg/node.h
[10.010s] -- Symlinking: /root/ros2_ws/install/graphnav_msgs/include/graphnav_msgs/graphnav_msgs/msg/node_traversability_properties.h
[10.017s] -- Symlinking: /root/ros2_ws/install/graphnav_msgs/include/graphnav_msgs/graphnav_msgs/msg/rosidl_generator_c__visibility_control.h
[10.024s] -- Symlinking: /root/ros2_ws/install/graphnav_msgs/include/graphnav_msgs/graphnav_msgs/msg/uuid.h
[10.031s] -- Symlinking: /root/ros2_ws/install/graphnav_msgs/share/graphnav_msgs/environment/library_path.sh
[10.039s] -- Symlinking: /root/ros2_ws/install/graphnav_msgs/share/graphnav_msgs/environment/library_path.dsv
[10.046s] -- Symlinking: /root/ros2_ws/install/graphnav_msgs/include/graphnav_msgs/graphnav_msgs/msg/detail/edge__rosidl_typesupport_fastrtps_c.h
[10.054s] -- Symlinking: /root/ros2_ws/install/graphnav_msgs/include/graphnav_msgs/graphnav_msgs/msg/detail/edge_traversability__rosidl_typesupport_fastrtps_c.h
[10.061s] -- Symlinking: /root/ros2_ws/install/graphnav_msgs/include/graphnav_msgs/graphnav_msgs/msg/detail/key_value__rosidl_typesupport_fastrtps_c.h
[10.068s] -- Symlinking: /root/ros2_ws/install/graphnav_msgs/include/graphnav_msgs/graphnav_msgs/msg/detail/navigation_graph__rosidl_typesupport_fastrtps_c.h
[10.075s] -- Symlinking: /root/ros2_ws/install/graphnav_msgs/include/graphnav_msgs/graphnav_msgs/msg/detail/node__rosidl_typesupport_fastrtps_c.h
[10.083s] -- Symlinking: /root/ros2_ws/install/graphnav_msgs/include/graphnav_msgs/graphnav_msgs/msg/detail/node_traversability_properties__rosidl_typesupport_fastrtps_c.h
[10.090s] -- Symlinking: /root/ros2_ws/install/graphnav_msgs/include/graphnav_msgs/graphnav_msgs/msg/detail/uuid__rosidl_typesupport_fastrtps_c.h
[10.097s] -- Symlinking: /root/ros2_ws/install/graphnav_msgs/include/graphnav_msgs/graphnav_msgs/msg/rosidl_typesupport_fastrtps_c__visibility_control.h
[10.105s] -- Symlinking: /root/ros2_ws/install/graphnav_msgs/include/graphnav_msgs/graphnav_msgs/msg/detail/edge__rosidl_typesupport_introspection_c.h
[10.112s] -- Symlinking: /root/ros2_ws/install/graphnav_msgs/include/graphnav_msgs/graphnav_msgs/msg/detail/edge_traversability__rosidl_typesupport_introspection_c.h
[10.120s] -- Symlinking: /root/ros2_ws/install/graphnav_msgs/include/graphnav_msgs/graphnav_msgs/msg/detail/key_value__rosidl_typesupport_introspection_c.h
[10.127s] -- Symlinking: /root/ros2_ws/install/graphnav_msgs/include/graphnav_msgs/graphnav_msgs/msg/detail/navigation_graph__rosidl_typesupport_introspection_c.h
[10.135s] -- Symlinking: /root/ros2_ws/install/graphnav_msgs/include/graphnav_msgs/graphnav_msgs/msg/detail/node__rosidl_typesupport_introspection_c.h
[10.143s] -- Symlinking: /root/ros2_ws/install/graphnav_msgs/include/graphnav_msgs/graphnav_msgs/msg/detail/node_traversability_properties__rosidl_typesupport_introspection_c.h
[10.150s] -- Symlinking: /root/ros2_ws/install/graphnav_msgs/include/graphnav_msgs/graphnav_msgs/msg/detail/uuid__rosidl_typesupport_introspection_c.h
[10.157s] -- Symlinking: /root/ros2_ws/install/graphnav_msgs/include/graphnav_msgs/graphnav_msgs/msg/rosidl_typesupport_introspection_c__visibility_control.h
[10.165s] -- Symlinking: /root/ros2_ws/install/graphnav_msgs/include/graphnav_msgs/graphnav_msgs/msg/detail/edge__builder.hpp
[10.175s] -- Symlinking: /root/ros2_ws/install/graphnav_msgs/include/graphnav_msgs/graphnav_msgs/msg/detail/edge__struct.hpp
[10.182s] -- Symlinking: /root/ros2_ws/install/graphnav_msgs/include/graphnav_msgs/graphnav_msgs/msg/detail/edge__traits.hpp
[10.190s] -- Symlinking: /root/ros2_ws/install/graphnav_msgs/include/graphnav_msgs/graphnav_msgs/msg/detail/edge__type_support.hpp
[10.197s] -- Symlinking: /root/ros2_ws/install/graphnav_msgs/include/graphnav_msgs/graphnav_msgs/msg/detail/edge_traversability__builder.hpp
[10.204s] -- Symlinking: /root/ros2_ws/install/graphnav_msgs/include/graphnav_msgs/graphnav_msgs/msg/detail/edge_traversability__struct.hpp
[10.212s] -- Symlinking: /root/ros2_ws/install/graphnav_msgs/include/graphnav_msgs/graphnav_msgs/msg/detail/edge_traversability__traits.hpp
[10.219s] -- Symlinking: /root/ros2_ws/install/graphnav_msgs/include/graphnav_msgs/graphnav_msgs/msg/detail/edge_traversability__type_support.hpp
[10.226s] -- Symlinking: /root/ros2_ws/install/graphnav_msgs/include/graphnav_msgs/graphnav_msgs/msg/detail/key_value__builder.hpp
[10.233s] -- Symlinking: /root/ros2_ws/install/graphnav_msgs/include/graphnav_msgs/graphnav_msgs/msg/detail/key_value__struct.hpp
[10.241s] -- Symlinking: /root/ros2_ws/install/graphnav_msgs/include/graphnav_msgs/graphnav_msgs/msg/detail/key_value__traits.hpp
[10.248s] -- Symlinking: /root/ros2_ws/install/graphnav_msgs/include/graphnav_msgs/graphnav_msgs/msg/detail/key_value__type_support.hpp
[10.256s] -- Symlinking: /root/ros2_ws/install/graphnav_msgs/include/graphnav_msgs/graphnav_msgs/msg/detail/navigation_graph__builder.hpp
[10.264s] -- Symlinking: /root/ros2_ws/install/graphnav_msgs/include/graphnav_msgs/graphnav_msgs/msg/detail/navigation_graph__struct.hpp
[10.271s] -- Symlinking: /root/ros2_ws/install/graphnav_msgs/include/graphnav_msgs/graphnav_msgs/msg/detail/navigation_graph__traits.hpp
[10.278s] -- Symlinking: /root/ros2_ws/install/graphnav_msgs/include/graphnav_msgs/graphnav_msgs/msg/detail/navigation_graph__type_support.hpp
[10.286s] -- Symlinking: /root/ros2_ws/install/graphnav_msgs/include/graphnav_msgs/graphnav_msgs/msg/detail/node__builder.hpp
[10.293s] -- Symlinking: /root/ros2_ws/install/graphnav_msgs/include/graphnav_msgs/graphnav_msgs/msg/detail/node__struct.hpp
[10.300s] -- Symlinking: /root/ros2_ws/install/graphnav_msgs/include/graphnav_msgs/graphnav_msgs/msg/detail/node__traits.hpp
[10.308s] -- Symlinking: /root/ros2_ws/install/graphnav_msgs/include/graphnav_msgs/graphnav_msgs/msg/detail/node__type_support.hpp
[10.316s] -- Symlinking: /root/ros2_ws/install/graphnav_msgs/include/graphnav_msgs/graphnav_msgs/msg/detail/node_traversability_properties__builder.hpp
[10.325s] -- Symlinking: /root/ros2_ws/install/graphnav_msgs/include/graphnav_msgs/graphnav_msgs/msg/detail/node_traversability_properties__struct.hpp
[10.332s] -- Symlinking: /root/ros2_ws/install/graphnav_msgs/include/graphnav_msgs/graphnav_msgs/msg/detail/node_traversability_properties__traits.hpp
[10.340s] -- Symlinking: /root/ros2_ws/install/graphnav_msgs/include/graphnav_msgs/graphnav_msgs/msg/detail/node_traversability_properties__type_support.hpp
[10.347s] -- Symlinking: /root/ros2_ws/install/graphnav_msgs/include/graphnav_msgs/graphnav_msgs/msg/detail/uuid__builder.hpp
[10.354s] -- Symlinking: /root/ros2_ws/install/graphnav_msgs/include/graphnav_msgs/graphnav_msgs/msg/detail/uuid__struct.hpp
[10.362s] -- Symlinking: /root/ros2_ws/install/graphnav_msgs/include/graphnav_msgs/graphnav_msgs/msg/detail/uuid__traits.hpp
[10.369s] -- Symlinking: /root/ros2_ws/install/graphnav_msgs/include/graphnav_msgs/graphnav_msgs/msg/detail/uuid__type_support.hpp
[10.376s] -- Symlinking: /root/ros2_ws/install/graphnav_msgs/include/graphnav_msgs/graphnav_msgs/msg/edge.hpp
[10.384s] -- Symlinking: /root/ros2_ws/install/graphnav_msgs/include/graphnav_msgs/graphnav_msgs/msg/edge_traversability.hpp
[10.391s] -- Symlinking: /root/ros2_ws/install/graphnav_msgs/include/graphnav_msgs/graphnav_msgs/msg/key_value.hpp
[10.398s] -- Symlinking: /root/ros2_ws/install/graphnav_msgs/include/graphnav_msgs/graphnav_msgs/msg/navigation_graph.hpp
[10.405s] -- Symlinking: /root/ros2_ws/install/graphnav_msgs/include/graphnav_msgs/graphnav_msgs/msg/node.hpp
[10.413s] -- Symlinking: /root/ros2_ws/install/graphnav_msgs/include/graphnav_msgs/graphnav_msgs/msg/node_traversability_properties.hpp
[10.420s] -- Symlinking: /root/ros2_ws/install/graphnav_msgs/include/graphnav_msgs/graphnav_msgs/msg/rosidl_generator_cpp__visibility_control.hpp
[10.427s] -- Symlinking: /root/ros2_ws/install/graphnav_msgs/include/graphnav_msgs/graphnav_msgs/msg/uuid.hpp
[10.435s] -- Symlinking: /root/ros2_ws/install/graphnav_msgs/include/graphnav_msgs/graphnav_msgs/msg/detail/edge__rosidl_typesupport_fastrtps_cpp.hpp
[10.442s] -- Symlinking: /root/ros2_ws/install/graphnav_msgs/include/graphnav_msgs/graphnav_msgs/msg/detail/edge_traversability__rosidl_typesupport_fastrtps_cpp.hpp
[10.449s] -- Symlinking: /root/ros2_ws/install/graphnav_msgs/include/graphnav_msgs/graphnav_msgs/msg/detail/key_value__rosidl_typesupport_fastrtps_cpp.hpp
[10.457s] -- Symlinking: /root/ros2_ws/install/graphnav_msgs/include/graphnav_msgs/graphnav_msgs/msg/detail/navigation_graph__rosidl_typesupport_fastrtps_cpp.hpp
[10.464s] -- Symlinking: /root/ros2_ws/install/graphnav_msgs/include/graphnav_msgs/graphnav_msgs/msg/detail/node__rosidl_typesupport_fastrtps_cpp.hpp
[10.471s] -- Symlinking: /root/ros2_ws/install/graphnav_msgs/include/graphnav_msgs/graphnav_msgs/msg/detail/node_traversability_properties__rosidl_typesupport_fastrtps_cpp.hpp
[10.479s] -- Symlinking: /root/ros2_ws/install/graphnav_msgs/include/graphnav_msgs/graphnav_msgs/msg/detail/uuid__rosidl_typesupport_fastrtps_cpp.hpp
[10.486s] -- Symlinking: /root/ros2_ws/install/graphnav_msgs/include/graphnav_msgs/graphnav_msgs/msg/rosidl_typesupport_fastrtps_cpp__visibility_control.h
[10.494s] -- Symlinking: /root/ros2_ws/install/graphnav_msgs/include/graphnav_msgs/graphnav_msgs/msg/detail/edge__rosidl_typesupport_introspection_cpp.hpp
[10.501s] -- Symlinking: /root/ros2_ws/install/graphnav_msgs/include/graphnav_msgs/graphnav_msgs/msg/detail/edge_traversability__rosidl_typesupport_introspection_cpp.hpp
[10.509s] -- Symlinking: /root/ros2_ws/install/graphnav_msgs/include/graphnav_msgs/graphnav_msgs/msg/detail/key_value__rosidl_typesupport_introspection_cpp.hpp
[10.516s] -- Symlinking: /root/ros2_ws/install/graphnav_msgs/include/graphnav_msgs/graphnav_msgs/msg/detail/navigation_graph__rosidl_typesupport_introspection_cpp.hpp
[10.524s] -- Symlinking: /root/ros2_ws/install/graphnav_msgs/include/graphnav_msgs/graphnav_msgs/msg/detail/node__rosidl_typesupport_introspection_cpp.hpp
[10.532s] -- Symlinking: /root/ros2_ws/install/graphnav_msgs/include/graphnav_msgs/graphnav_msgs/msg/detail/node_traversability_properties__rosidl_typesupport_introspection_cpp.hpp
[10.540s] -- Symlinking: /root/ros2_ws/install/graphnav_msgs/include/graphnav_msgs/graphnav_msgs/msg/detail/uuid__rosidl_typesupport_introspection_cpp.hpp
[10.547s] -- Symlinking: /root/ros2_ws/install/graphnav_msgs/share/graphnav_msgs/environment/pythonpath.sh
[10.555s] -- Symlinking: /root/ros2_ws/install/graphnav_msgs/share/graphnav_msgs/environment/pythonpath.dsv
[10.563s] -- Symlinking: /root/ros2_ws/install/graphnav_msgs/lib/python3.12/site-packages/graphnav_msgs-0.0.0-py3.12.egg-info/PKG-INFO
[10.570s] -- Symlinking: /root/ros2_ws/install/graphnav_msgs/lib/python3.12/site-packages/graphnav_msgs-0.0.0-py3.12.egg-info/SOURCES.txt
[10.577s] -- Symlinking: /root/ros2_ws/install/graphnav_msgs/lib/python3.12/site-packages/graphnav_msgs-0.0.0-py3.12.egg-info/dependency_links.txt
[10.585s] -- Symlinking: /root/ros2_ws/install/graphnav_msgs/lib/python3.12/site-packages/graphnav_msgs-0.0.0-py3.12.egg-info/top_level.txt
[10.592s] -- Symlinking: /root/ros2_ws/install/graphnav_msgs/lib/python3.12/site-packages/graphnav_msgs/__init__.py
[10.600s] -- Symlinking: /root/ros2_ws/install/graphnav_msgs/lib/python3.12/site-packages/graphnav_msgs/_graphnav_msgs_s.ep.rosidl_typesupport_c.c
[10.607s] -- Symlinking: /root/ros2_ws/install/graphnav_msgs/lib/python3.12/site-packages/graphnav_msgs/_graphnav_msgs_s.ep.rosidl_typesupport_fastrtps_c.c
[10.614s] -- Symlinking: /root/ros2_ws/install/graphnav_msgs/lib/python3.12/site-packages/graphnav_msgs/_graphnav_msgs_s.ep.rosidl_typesupport_introspection_c.c
[10.622s] -- Symlinking: /root/ros2_ws/install/graphnav_msgs/lib/python3.12/site-packages/graphnav_msgs/graphnav_msgs_s__rosidl_typesupport_c.so
[10.629s] -- Symlinking: /root/ros2_ws/install/graphnav_msgs/lib/python3.12/site-packages/graphnav_msgs/graphnav_msgs_s__rosidl_typesupport_fastrtps_c.so
[10.636s] -- Symlinking: /root/ros2_ws/install/graphnav_msgs/lib/python3.12/site-packages/graphnav_msgs/graphnav_msgs_s__rosidl_typesupport_introspection_c.so
[10.644s] -- Symlinking: /root/ros2_ws/install/graphnav_msgs/lib/python3.12/site-packages/graphnav_msgs/msg/__init__.py
[10.651s] -- Symlinking: /root/ros2_ws/install/graphnav_msgs/lib/python3.12/site-packages/graphnav_msgs/msg/_edge.py
[10.658s] -- Symlinking: /root/ros2_ws/install/graphnav_msgs/lib/python3.12/site-packages/graphnav_msgs/msg/_edge_s.c
[10.665s] -- Symlinking: /root/ros2_ws/install/graphnav_msgs/lib/python3.12/site-packages/graphnav_msgs/msg/_edge_traversability.py
[10.673s] -- Symlinking: /root/ros2_ws/install/graphnav_msgs/lib/python3.12/site-packages/graphnav_msgs/msg/_edge_traversability_s.c
[10.680s] -- Symlinking: /root/ros2_ws/install/graphnav_msgs/lib/python3.12/site-packages/graphnav_msgs/msg/_key_value.py
[10.687s] -- Symlinking: /root/ros2_ws/install/graphnav_msgs/lib/python3.12/site-packages/graphnav_msgs/msg/_key_value_s.c
[10.695s] -- Symlinking: /root/ros2_ws/install/graphnav_msgs/lib/python3.12/site-packages/graphnav_msgs/msg/_navigation_graph.py
[10.703s] -- Symlinking: /root/ros2_ws/install/graphnav_msgs/lib/python3.12/site-packages/graphnav_msgs/msg/_navigation_graph_s.c
[10.710s] -- Symlinking: /root/ros2_ws/install/graphnav_msgs/lib/python3.12/site-packages/graphnav_msgs/msg/_node.py
[10.717s] -- Symlinking: /root/ros2_ws/install/graphnav_msgs/lib/python3.12/site-packages/graphnav_msgs/msg/_node_s.c
[10.725s] -- Symlinking: /root/ros2_ws/install/graphnav_msgs/lib/python3.12/site-packages/graphnav_msgs/msg/_node_traversability_properties.py
[10.732s] -- Symlinking: /root/ros2_ws/install/graphnav_msgs/lib/python3.12/site-packages/graphnav_msgs/msg/_node_traversability_properties_s.c
[10.739s] -- Symlinking: /root/ros2_ws/install/graphnav_msgs/lib/python3.12/site-packages/graphnav_msgs/msg/_uuid.py
[10.747s] -- Symlinking: /root/ros2_ws/install/graphnav_msgs/lib/python3.12/site-packages/graphnav_msgs/msg/_uuid_s.c
[10.756s] -- Up-to-date symlink: /root/ros2_ws/install/graphnav_msgs/lib/python3.12/site-packages/graphnav_msgs/graphnav_msgs_s__rosidl_typesupport_fastrtps_c.so
[10.756s] -- Up-to-date symlink: /root/ros2_ws/install/graphnav_msgs/lib/python3.12/site-packages/graphnav_msgs/graphnav_msgs_s__rosidl_typesupport_introspection_c.so
[10.756s] -- Up-to-date symlink: /root/ros2_ws/install/graphnav_msgs/lib/python3.12/site-packages/graphnav_msgs/graphnav_msgs_s__rosidl_typesupport_c.so
[10.757s] -- Symlinking: /root/ros2_ws/install/graphnav_msgs/share/ament_index/resource_index/rust_packages/graphnav_msgs
[10.765s] -- Symlinking: /root/ros2_ws/install/graphnav_msgs/share/graphnav_msgs/rust/Cargo.toml
[10.772s] -- Symlinking: /root/ros2_ws/install/graphnav_msgs/share/graphnav_msgs/rust/build.rs
[10.779s] -- Symlinking: /root/ros2_ws/install/graphnav_msgs/share/graphnav_msgs/rust/src/lib.rs
[10.787s] -- Symlinking: /root/ros2_ws/install/graphnav_msgs/share/graphnav_msgs/rust/src/msg.rs
[10.794s] -- Symlinking: /root/ros2_ws/install/graphnav_msgs/share/graphnav_msgs/rust/src/msg/rmw.rs
[10.801s] -- Symlinking: /root/ros2_ws/install/graphnav_msgs/share/graphnav_msgs/msg/NavigationGraph.idl
[10.809s] -- Symlinking: /root/ros2_ws/install/graphnav_msgs/share/graphnav_msgs/msg/Node.idl
[10.816s] -- Symlinking: /root/ros2_ws/install/graphnav_msgs/share/graphnav_msgs/msg/NodeTraversabilityProperties.idl
[10.823s] -- Symlinking: /root/ros2_ws/install/graphnav_msgs/share/graphnav_msgs/msg/Edge.idl
[10.831s] -- Symlinking: /root/ros2_ws/install/graphnav_msgs/share/graphnav_msgs/msg/EdgeTraversability.idl
[10.838s] -- Symlinking: /root/ros2_ws/install/graphnav_msgs/share/graphnav_msgs/msg/KeyValue.idl
[10.845s] -- Symlinking: /root/ros2_ws/install/graphnav_msgs/share/graphnav_msgs/msg/UUID.idl
[10.854s] -- Symlinking: /root/ros2_ws/install/graphnav_msgs/share/graphnav_msgs/msg/NavigationGraph.msg
[10.862s] -- Symlinking: /root/ros2_ws/install/graphnav_msgs/share/graphnav_msgs/msg/Node.msg
[10.870s] -- Symlinking: /root/ros2_ws/install/graphnav_msgs/share/graphnav_msgs/msg/NodeTraversabilityProperties.msg
[10.880s] -- Symlinking: /root/ros2_ws/install/graphnav_msgs/share/graphnav_msgs/msg/Edge.msg
[10.887s] -- Symlinking: /root/ros2_ws/install/graphnav_msgs/share/graphnav_msgs/msg/EdgeTraversability.msg
[10.895s] -- Symlinking: /root/ros2_ws/install/graphnav_msgs/share/graphnav_msgs/msg/KeyValue.msg
[10.904s] -- Symlinking: /root/ros2_ws/install/graphnav_msgs/share/graphnav_msgs/msg/UUID.msg
[10.911s] -- Symlinking: /root/ros2_ws/install/graphnav_msgs/share/ament_index/resource_index/package_run_dependencies/graphnav_msgs
[10.921s] -- Symlinking: /root/ros2_ws/install/graphnav_msgs/share/ament_index/resource_index/parent_prefix_path/graphnav_msgs
[10.930s] -- Symlinking: /root/ros2_ws/install/graphnav_msgs/share/graphnav_msgs/environment/ament_prefix_path.sh
[10.939s] -- Symlinking: /root/ros2_ws/install/graphnav_msgs/share/graphnav_msgs/environment/ament_prefix_path.dsv
[10.947s] -- Symlinking: /root/ros2_ws/install/graphnav_msgs/share/graphnav_msgs/environment/path.sh
[10.956s] -- Symlinking: /root/ros2_ws/install/graphnav_msgs/share/graphnav_msgs/environment/path.dsv
[10.965s] -- Symlinking: /root/ros2_ws/install/graphnav_msgs/share/graphnav_msgs/local_setup.bash
[10.973s] -- Symlinking: /root/ros2_ws/install/graphnav_msgs/share/graphnav_msgs/local_setup.sh
[10.983s] -- Symlinking: /root/ros2_ws/install/graphnav_msgs/share/graphnav_msgs/local_setup.zsh
[10.991s] -- Symlinking: /root/ros2_ws/install/graphnav_msgs/share/graphnav_msgs/local_setup.dsv
[11.000s] -- Symlinking: /root/ros2_ws/install/graphnav_msgs/share/graphnav_msgs/package.dsv
[11.008s] -- Symlinking: /root/ros2_ws/install/graphnav_msgs/share/ament_index/resource_index/packages/graphnav_msgs
[11.017s] -- Symlinking: /root/ros2_ws/install/graphnav_msgs/share/graphnav_msgs/cmake/rosidl_cmake-extras.cmake
[11.026s] -- Symlinking: /root/ros2_ws/install/graphnav_msgs/share/graphnav_msgs/cmake/ament_cmake_export_dependencies-extras.cmake
[11.034s] -- Symlinking: /root/ros2_ws/install/graphnav_msgs/share/graphnav_msgs/cmake/ament_cmake_export_include_directories-extras.cmake
[11.043s] -- Symlinking: /root/ros2_ws/install/graphnav_msgs/share/graphnav_msgs/cmake/ament_cmake_export_libraries-extras.cmake
[11.051s] -- Symlinking: /root/ros2_ws/install/graphnav_msgs/share/graphnav_msgs/cmake/ament_cmake_export_targets-extras.cmake
[11.060s] -- Symlinking: /root/ros2_ws/install/graphnav_msgs/share/graphnav_msgs/cmake/rosidl_cmake_export_typesupport_targets-extras.cmake
[11.069s] -- Symlinking: /root/ros2_ws/install/graphnav_msgs/share/graphnav_msgs/cmake/rosidl_cmake_export_typesupport_libraries-extras.cmake
[11.077s] -- Symlinking: /root/ros2_ws/install/graphnav_msgs/share/graphnav_msgs/cmake/graphnav_msgsConfig.cmake
[11.087s] -- Symlinking: /root/ros2_ws/install/graphnav_msgs/share/graphnav_msgs/cmake/graphnav_msgsConfig-version.cmake
[11.095s] -- Symlinking: /root/ros2_ws/install/graphnav_msgs/share/graphnav_msgs/package.xml
[11.104s] -- Installing: /root/ros2_ws/install/graphnav_msgs/lib/libgraphnav_msgs__rosidl_generator_c.so
[11.104s] -- Set non-toolchain portion of runtime path of "/root/ros2_ws/install/graphnav_msgs/lib/libgraphnav_msgs__rosidl_generator_c.so" to ""
[11.105s] -- Installing: /root/ros2_ws/install/graphnav_msgs/lib/libgraphnav_msgs__rosidl_typesupport_fastrtps_c.so
[11.105s] -- Set non-toolchain portion of runtime path of "/root/ros2_ws/install/graphnav_msgs/lib/libgraphnav_msgs__rosidl_typesupport_fastrtps_c.so" to ""
[11.105s] -- Installing: /root/ros2_ws/install/graphnav_msgs/lib/libgraphnav_msgs__rosidl_typesupport_introspection_c.so
[11.105s] -- Set non-toolchain portion of runtime path of "/root/ros2_ws/install/graphnav_msgs/lib/libgraphnav_msgs__rosidl_typesupport_introspection_c.so" to ""
[11.106s] -- Installing: /root/ros2_ws/install/graphnav_msgs/lib/libgraphnav_msgs__rosidl_typesupport_c.so
[11.106s] -- Set non-toolchain portion of runtime path of "/root/ros2_ws/install/graphnav_msgs/lib/libgraphnav_msgs__rosidl_typesupport_c.so" to ""
[11.106s] -- Installing: /root/ros2_ws/install/graphnav_msgs/lib/libgraphnav_msgs__rosidl_typesupport_fastrtps_cpp.so
[11.107s] -- Set non-toolchain portion of runtime path of "/root/ros2_ws/install/graphnav_msgs/lib/libgraphnav_msgs__rosidl_typesupport_fastrtps_cpp.so" to ""
[11.107s] -- Installing: /root/ros2_ws/install/graphnav_msgs/lib/libgraphnav_msgs__rosidl_typesupport_introspection_cpp.so
[11.108s] -- Set non-toolchain portion of runtime path of "/root/ros2_ws/install/graphnav_msgs/lib/libgraphnav_msgs__rosidl_typesupport_introspection_cpp.so" to ""
[11.108s] -- Installing: /root/ros2_ws/install/graphnav_msgs/lib/libgraphnav_msgs__rosidl_typesupport_cpp.so
[11.108s] -- Set non-toolchain portion of runtime path of "/root/ros2_ws/install/graphnav_msgs/lib/libgraphnav_msgs__rosidl_typesupport_cpp.so" to ""
[11.160s] Listing '/root/ros2_ws/install/graphnav_msgs/lib/python3.12/site-packages/graphnav_msgs'...
[11.160s] Compiling '/root/ros2_ws/install/graphnav_msgs/lib/python3.12/site-packages/graphnav_msgs/__init__.py'...
[11.160s] Listing '/root/ros2_ws/install/graphnav_msgs/lib/python3.12/site-packages/graphnav_msgs/msg'...
[11.160s] Compiling '/root/ros2_ws/install/graphnav_msgs/lib/python3.12/site-packages/graphnav_msgs/msg/__init__.py'...
[11.160s] Compiling '/root/ros2_ws/install/graphnav_msgs/lib/python3.12/site-packages/graphnav_msgs/msg/_edge.py'...
[11.160s] Compiling '/root/ros2_ws/install/graphnav_msgs/lib/python3.12/site-packages/graphnav_msgs/msg/_edge_traversability.py'...
[11.160s] Compiling '/root/ros2_ws/install/graphnav_msgs/lib/python3.12/site-packages/graphnav_msgs/msg/_key_value.py'...
[11.160s] Compiling '/root/ros2_ws/install/graphnav_msgs/lib/python3.12/site-packages/graphnav_msgs/msg/_navigation_graph.py'...
[11.160s] Compiling '/root/ros2_ws/install/graphnav_msgs/lib/python3.12/site-packages/graphnav_msgs/msg/_node.py'...
[11.160s] Compiling '/root/ros2_ws/install/graphnav_msgs/lib/python3.12/site-packages/graphnav_msgs/msg/_node_traversability_properties.py'...
[11.160s] Compiling '/root/ros2_ws/install/graphnav_msgs/lib/python3.12/site-packages/graphnav_msgs/msg/_uuid.py'...
[11.167s] -- Installing: /root/ros2_ws/install/graphnav_msgs/lib/libgraphnav_msgs__rosidl_generator_py.so
[11.167s] -- Set non-toolchain portion of runtime path of "/root/ros2_ws/install/graphnav_msgs/lib/libgraphnav_msgs__rosidl_generator_py.so" to ""
[11.167s] -- Installing: /root/ros2_ws/install/graphnav_msgs/share/graphnav_msgs/cmake/export_graphnav_msgs__rosidl_generator_cExport.cmake
[11.168s] -- Installing: /root/ros2_ws/install/graphnav_msgs/share/graphnav_msgs/cmake/export_graphnav_msgs__rosidl_generator_cExport-noconfig.cmake
[11.168s] -- Installing: /root/ros2_ws/install/graphnav_msgs/share/graphnav_msgs/cmake/export_graphnav_msgs__rosidl_typesupport_fastrtps_cExport.cmake
[11.168s] -- Installing: /root/ros2_ws/install/graphnav_msgs/share/graphnav_msgs/cmake/export_graphnav_msgs__rosidl_typesupport_fastrtps_cExport-noconfig.cmake
[11.168s] -- Installing: /root/ros2_ws/install/graphnav_msgs/share/graphnav_msgs/cmake/graphnav_msgs__rosidl_typesupport_introspection_cExport.cmake
[11.168s] -- Installing: /root/ros2_ws/install/graphnav_msgs/share/graphnav_msgs/cmake/graphnav_msgs__rosidl_typesupport_introspection_cExport-noconfig.cmake
[11.168s] -- Installing: /root/ros2_ws/install/graphnav_msgs/share/graphnav_msgs/cmake/graphnav_msgs__rosidl_typesupport_cExport.cmake
[11.169s] -- Installing: /root/ros2_ws/install/graphnav_msgs/share/graphnav_msgs/cmake/graphnav_msgs__rosidl_typesupport_cExport-noconfig.cmake
[11.169s] -- Installing: /root/ros2_ws/install/graphnav_msgs/share/graphnav_msgs/cmake/export_graphnav_msgs__rosidl_generator_cppExport.cmake
[11.169s] -- Installing: /root/ros2_ws/install/graphnav_msgs/share/graphnav_msgs/cmake/export_graphnav_msgs__rosidl_typesupport_fastrtps_cppExport.cmake
[11.169s] -- Installing: /root/ros2_ws/install/graphnav_msgs/share/graphnav_msgs/cmake/export_graphnav_msgs__rosidl_typesupport_fastrtps_cppExport-noconfig.cmake
[11.169s] -- Installing: /root/ros2_ws/install/graphnav_msgs/share/graphnav_msgs/cmake/graphnav_msgs__rosidl_typesupport_introspection_cppExport.cmake
[11.170s] -- Installing: /root/ros2_ws/install/graphnav_msgs/share/graphnav_msgs/cmake/graphnav_msgs__rosidl_typesupport_introspection_cppExport-noconfig.cmake
[11.170s] -- Installing: /root/ros2_ws/install/graphnav_msgs/share/graphnav_msgs/cmake/graphnav_msgs__rosidl_typesupport_cppExport.cmake
[11.170s] -- Installing: /root/ros2_ws/install/graphnav_msgs/share/graphnav_msgs/cmake/graphnav_msgs__rosidl_typesupport_cppExport-noconfig.cmake
[11.170s] -- Installing: /root/ros2_ws/install/graphnav_msgs/share/graphnav_msgs/cmake/export_graphnav_msgs__rosidl_generator_pyExport.cmake
[11.170s] -- Installing: /root/ros2_ws/install/graphnav_msgs/share/graphnav_msgs/cmake/export_graphnav_msgs__rosidl_generator_pyExport-noconfig.cmake
[11.172s] Invoked command in '/root/ros2_ws/build/graphnav_msgs' returned '0': CMAKE_PREFIX_PATH=${CMAKE_PREFIX_PATH}:/opt/ros/jazzy /usr/bin/cmake --install /root/ros2_ws/build/graphnav_msgs
