[0.009s] Invoking command in '/root/ros2_ws/build/graphnav_msgs': CMAKE_PREFIX_PATH=${CMAKE_PREFIX_PATH}:/opt/ros/jazzy /usr/bin/cmake --build /root/ros2_ws/build/graphnav_msgs -- -j8 -l8
[0.054s] [  1%] Built target graphnav_msgs__rosidl_generator_type_description
[0.054s] [  2%] Built target graphnav_msgs__rs
[0.062s] [  2%] Built target ament_cmake_python_symlink_graphnav_msgs
[0.073s] [  3%] Built target graphnav_msgs__cpp
[0.085s] [ 27%] Built target graphnav_msgs__rosidl_generator_c
[0.132s] [ 36%] Built target graphnav_msgs__rosidl_typesupport_c
[0.132s] [ 49%] Built target graphnav_msgs__rosidl_typesupport_fastrtps_c
[0.132s] [ 55%] Built target graphnav_msgs__rosidl_typesupport_introspection_c
[0.137s] [ 74%] Built target graphnav_msgs__rosidl_typesupport_cpp
[0.137s] [ 74%] Built target graphnav_msgs__rosidl_typesupport_fastrtps_cpp
[0.143s] [ 84%] Built target graphnav_msgs__rosidl_typesupport_introspection_cpp
[0.162s] [ 84%] Built target graphnav_msgs
[0.181s] [ 85%] Built target graphnav_msgs__py
[0.222s] [ 93%] Built target graphnav_msgs__rosidl_generator_py
[0.253s] [ 95%] Built target graphnav_msgs_s__rosidl_typesupport_introspection_c
[0.261s] [ 97%] Built target graphnav_msgs_s__rosidl_typesupport_c
[0.265s] [100%] Built target graphnav_msgs_s__rosidl_typesupport_fastrtps_c
[0.316s] running egg_info
[0.336s] writing graphnav_msgs.egg-info/PKG-INFO
[0.337s] writing dependency_links to graphnav_msgs.egg-info/dependency_links.txt
[0.337s] writing top-level names to graphnav_msgs.egg-info/top_level.txt
[0.396s] reading manifest file 'graphnav_msgs.egg-info/SOURCES.txt'
[0.397s] writing manifest file 'graphnav_msgs.egg-info/SOURCES.txt'
[0.424s] [100%] Built target ament_cmake_python_build_graphnav_msgs_egg
[0.434s] Invoked command in '/root/ros2_ws/build/graphnav_msgs' returned '0': CMAKE_PREFIX_PATH=${CMAKE_PREFIX_PATH}:/opt/ros/jazzy /usr/bin/cmake --build /root/ros2_ws/build/graphnav_msgs -- -j8 -l8
[0.442s] Invoking command in '/root/ros2_ws/build/graphnav_msgs': CMAKE_PREFIX_PATH=${CMAKE_PREFIX_PATH}:/opt/ros/jazzy /usr/bin/cmake --install /root/ros2_ws/build/graphnav_msgs
[0.449s] -- Install configuration: ""
[0.450s] -- Execute custom install script
[0.450s] -- Up-to-date symlink: /root/ros2_ws/install/graphnav_msgs/share/ament_index/resource_index/rosidl_interfaces/graphnav_msgs
[0.450s] -- Up-to-date symlink: /root/ros2_ws/install/graphnav_msgs/share/graphnav_msgs/msg/NavigationGraph.json
[0.450s] -- Up-to-date symlink: /root/ros2_ws/install/graphnav_msgs/share/graphnav_msgs/msg/Node.json
[0.450s] -- Up-to-date symlink: /root/ros2_ws/install/graphnav_msgs/share/graphnav_msgs/msg/NodeTraversabilityProperties.json
[0.450s] -- Up-to-date symlink: /root/ros2_ws/install/graphnav_msgs/share/graphnav_msgs/msg/Edge.json
[0.451s] -- Up-to-date symlink: /root/ros2_ws/install/graphnav_msgs/share/graphnav_msgs/msg/EdgeTraversability.json
[0.451s] -- Up-to-date symlink: /root/ros2_ws/install/graphnav_msgs/share/graphnav_msgs/msg/KeyValue.json
[0.451s] -- Up-to-date symlink: /root/ros2_ws/install/graphnav_msgs/share/graphnav_msgs/msg/UUID.json
[0.451s] -- Up-to-date symlink: /root/ros2_ws/install/graphnav_msgs/include/graphnav_msgs/graphnav_msgs/msg/detail/edge__functions.h
[0.452s] -- Up-to-date symlink: /root/ros2_ws/install/graphnav_msgs/include/graphnav_msgs/graphnav_msgs/msg/detail/edge__struct.h
[0.452s] -- Up-to-date symlink: /root/ros2_ws/install/graphnav_msgs/include/graphnav_msgs/graphnav_msgs/msg/detail/edge__type_support.h
[0.452s] -- Up-to-date symlink: /root/ros2_ws/install/graphnav_msgs/include/graphnav_msgs/graphnav_msgs/msg/detail/edge_traversability__functions.h
[0.452s] -- Up-to-date symlink: /root/ros2_ws/install/graphnav_msgs/include/graphnav_msgs/graphnav_msgs/msg/detail/edge_traversability__struct.h
[0.452s] -- Up-to-date symlink: /root/ros2_ws/install/graphnav_msgs/include/graphnav_msgs/graphnav_msgs/msg/detail/edge_traversability__type_support.h
[0.453s] -- Up-to-date symlink: /root/ros2_ws/install/graphnav_msgs/include/graphnav_msgs/graphnav_msgs/msg/detail/key_value__functions.h
[0.453s] -- Up-to-date symlink: /root/ros2_ws/install/graphnav_msgs/include/graphnav_msgs/graphnav_msgs/msg/detail/key_value__struct.h
[0.453s] -- Up-to-date symlink: /root/ros2_ws/install/graphnav_msgs/include/graphnav_msgs/graphnav_msgs/msg/detail/key_value__type_support.h
[0.453s] -- Up-to-date symlink: /root/ros2_ws/install/graphnav_msgs/include/graphnav_msgs/graphnav_msgs/msg/detail/navigation_graph__functions.h
[0.453s] -- Up-to-date symlink: /root/ros2_ws/install/graphnav_msgs/include/graphnav_msgs/graphnav_msgs/msg/detail/navigation_graph__struct.h
[0.453s] -- Up-to-date symlink: /root/ros2_ws/install/graphnav_msgs/include/graphnav_msgs/graphnav_msgs/msg/detail/navigation_graph__type_support.h
[0.453s] -- Up-to-date symlink: /root/ros2_ws/install/graphnav_msgs/include/graphnav_msgs/graphnav_msgs/msg/detail/node__functions.h
[0.453s] -- Up-to-date symlink: /root/ros2_ws/install/graphnav_msgs/include/graphnav_msgs/graphnav_msgs/msg/detail/node__struct.h
[0.453s] -- Up-to-date symlink: /root/ros2_ws/install/graphnav_msgs/include/graphnav_msgs/graphnav_msgs/msg/detail/node__type_support.h
[0.454s] -- Up-to-date symlink: /root/ros2_ws/install/graphnav_msgs/include/graphnav_msgs/graphnav_msgs/msg/detail/node_traversability_properties__functions.h
[0.454s] -- Up-to-date symlink: /root/ros2_ws/install/graphnav_msgs/include/graphnav_msgs/graphnav_msgs/msg/detail/node_traversability_properties__struct.h
[0.454s] -- Up-to-date symlink: /root/ros2_ws/install/graphnav_msgs/include/graphnav_msgs/graphnav_msgs/msg/detail/node_traversability_properties__type_support.h
[0.454s] -- Up-to-date symlink: /root/ros2_ws/install/graphnav_msgs/include/graphnav_msgs/graphnav_msgs/msg/detail/uuid__functions.h
[0.454s] -- Up-to-date symlink: /root/ros2_ws/install/graphnav_msgs/include/graphnav_msgs/graphnav_msgs/msg/detail/uuid__struct.h
[0.454s] -- Up-to-date symlink: /root/ros2_ws/install/graphnav_msgs/include/graphnav_msgs/graphnav_msgs/msg/detail/uuid__type_support.h
[0.454s] -- Up-to-date symlink: /root/ros2_ws/install/graphnav_msgs/include/graphnav_msgs/graphnav_msgs/msg/edge.h
[0.454s] -- Up-to-date symlink: /root/ros2_ws/install/graphnav_msgs/include/graphnav_msgs/graphnav_msgs/msg/edge_traversability.h
[0.454s] -- Up-to-date symlink: /root/ros2_ws/install/graphnav_msgs/include/graphnav_msgs/graphnav_msgs/msg/key_value.h
[0.455s] -- Up-to-date symlink: /root/ros2_ws/install/graphnav_msgs/include/graphnav_msgs/graphnav_msgs/msg/navigation_graph.h
[0.455s] -- Up-to-date symlink: /root/ros2_ws/install/graphnav_msgs/include/graphnav_msgs/graphnav_msgs/msg/node.h
[0.455s] -- Up-to-date symlink: /root/ros2_ws/install/graphnav_msgs/include/graphnav_msgs/graphnav_msgs/msg/node_traversability_properties.h
[0.455s] -- Up-to-date symlink: /root/ros2_ws/install/graphnav_msgs/include/graphnav_msgs/graphnav_msgs/msg/rosidl_generator_c__visibility_control.h
[0.455s] -- Up-to-date symlink: /root/ros2_ws/install/graphnav_msgs/include/graphnav_msgs/graphnav_msgs/msg/uuid.h
[0.455s] -- Up-to-date symlink: /root/ros2_ws/install/graphnav_msgs/share/graphnav_msgs/environment/library_path.sh
[0.455s] -- Up-to-date symlink: /root/ros2_ws/install/graphnav_msgs/share/graphnav_msgs/environment/library_path.dsv
[0.455s] -- Up-to-date symlink: /root/ros2_ws/install/graphnav_msgs/include/graphnav_msgs/graphnav_msgs/msg/detail/edge__rosidl_typesupport_fastrtps_c.h
[0.455s] -- Up-to-date symlink: /root/ros2_ws/install/graphnav_msgs/include/graphnav_msgs/graphnav_msgs/msg/detail/edge_traversability__rosidl_typesupport_fastrtps_c.h
[0.456s] -- Up-to-date symlink: /root/ros2_ws/install/graphnav_msgs/include/graphnav_msgs/graphnav_msgs/msg/detail/key_value__rosidl_typesupport_fastrtps_c.h
[0.456s] -- Up-to-date symlink: /root/ros2_ws/install/graphnav_msgs/include/graphnav_msgs/graphnav_msgs/msg/detail/navigation_graph__rosidl_typesupport_fastrtps_c.h
[0.456s] -- Up-to-date symlink: /root/ros2_ws/install/graphnav_msgs/include/graphnav_msgs/graphnav_msgs/msg/detail/node__rosidl_typesupport_fastrtps_c.h
[0.456s] -- Up-to-date symlink: /root/ros2_ws/install/graphnav_msgs/include/graphnav_msgs/graphnav_msgs/msg/detail/node_traversability_properties__rosidl_typesupport_fastrtps_c.h
[0.456s] -- Up-to-date symlink: /root/ros2_ws/install/graphnav_msgs/include/graphnav_msgs/graphnav_msgs/msg/detail/uuid__rosidl_typesupport_fastrtps_c.h
[0.456s] -- Up-to-date symlink: /root/ros2_ws/install/graphnav_msgs/include/graphnav_msgs/graphnav_msgs/msg/rosidl_typesupport_fastrtps_c__visibility_control.h
[0.456s] -- Up-to-date symlink: /root/ros2_ws/install/graphnav_msgs/include/graphnav_msgs/graphnav_msgs/msg/detail/edge__rosidl_typesupport_introspection_c.h
[0.457s] -- Up-to-date symlink: /root/ros2_ws/install/graphnav_msgs/include/graphnav_msgs/graphnav_msgs/msg/detail/edge_traversability__rosidl_typesupport_introspection_c.h
[0.457s] -- Up-to-date symlink: /root/ros2_ws/install/graphnav_msgs/include/graphnav_msgs/graphnav_msgs/msg/detail/key_value__rosidl_typesupport_introspection_c.h
[0.457s] -- Up-to-date symlink: /root/ros2_ws/install/graphnav_msgs/include/graphnav_msgs/graphnav_msgs/msg/detail/navigation_graph__rosidl_typesupport_introspection_c.h
[0.457s] -- Up-to-date symlink: /root/ros2_ws/install/graphnav_msgs/include/graphnav_msgs/graphnav_msgs/msg/detail/node__rosidl_typesupport_introspection_c.h
[0.457s] -- Up-to-date symlink: /root/ros2_ws/install/graphnav_msgs/include/graphnav_msgs/graphnav_msgs/msg/detail/node_traversability_properties__rosidl_typesupport_introspection_c.h
[0.457s] -- Up-to-date symlink: /root/ros2_ws/install/graphnav_msgs/include/graphnav_msgs/graphnav_msgs/msg/detail/uuid__rosidl_typesupport_introspection_c.h
[0.457s] -- Up-to-date symlink: /root/ros2_ws/install/graphnav_msgs/include/graphnav_msgs/graphnav_msgs/msg/rosidl_typesupport_introspection_c__visibility_control.h
[0.458s] -- Up-to-date symlink: /root/ros2_ws/install/graphnav_msgs/include/graphnav_msgs/graphnav_msgs/msg/detail/edge__builder.hpp
[0.458s] -- Up-to-date symlink: /root/ros2_ws/install/graphnav_msgs/include/graphnav_msgs/graphnav_msgs/msg/detail/edge__struct.hpp
[0.458s] -- Up-to-date symlink: /root/ros2_ws/install/graphnav_msgs/include/graphnav_msgs/graphnav_msgs/msg/detail/edge__traits.hpp
[0.458s] -- Up-to-date symlink: /root/ros2_ws/install/graphnav_msgs/include/graphnav_msgs/graphnav_msgs/msg/detail/edge__type_support.hpp
[0.458s] -- Up-to-date symlink: /root/ros2_ws/install/graphnav_msgs/include/graphnav_msgs/graphnav_msgs/msg/detail/edge_traversability__builder.hpp
[0.458s] -- Up-to-date symlink: /root/ros2_ws/install/graphnav_msgs/include/graphnav_msgs/graphnav_msgs/msg/detail/edge_traversability__struct.hpp
[0.458s] -- Up-to-date symlink: /root/ros2_ws/install/graphnav_msgs/include/graphnav_msgs/graphnav_msgs/msg/detail/edge_traversability__traits.hpp
[0.459s] -- Up-to-date symlink: /root/ros2_ws/install/graphnav_msgs/include/graphnav_msgs/graphnav_msgs/msg/detail/edge_traversability__type_support.hpp
[0.459s] -- Up-to-date symlink: /root/ros2_ws/install/graphnav_msgs/include/graphnav_msgs/graphnav_msgs/msg/detail/key_value__builder.hpp
[0.459s] -- Up-to-date symlink: /root/ros2_ws/install/graphnav_msgs/include/graphnav_msgs/graphnav_msgs/msg/detail/key_value__struct.hpp
[0.459s] -- Up-to-date symlink: /root/ros2_ws/install/graphnav_msgs/include/graphnav_msgs/graphnav_msgs/msg/detail/key_value__traits.hpp
[0.459s] -- Up-to-date symlink: /root/ros2_ws/install/graphnav_msgs/include/graphnav_msgs/graphnav_msgs/msg/detail/key_value__type_support.hpp
[0.459s] -- Up-to-date symlink: /root/ros2_ws/install/graphnav_msgs/include/graphnav_msgs/graphnav_msgs/msg/detail/navigation_graph__builder.hpp
[0.459s] -- Up-to-date symlink: /root/ros2_ws/install/graphnav_msgs/include/graphnav_msgs/graphnav_msgs/msg/detail/navigation_graph__struct.hpp
[0.460s] -- Up-to-date symlink: /root/ros2_ws/install/graphnav_msgs/include/graphnav_msgs/graphnav_msgs/msg/detail/navigation_graph__traits.hpp
[0.460s] -- Up-to-date symlink: /root/ros2_ws/install/graphnav_msgs/include/graphnav_msgs/graphnav_msgs/msg/detail/navigation_graph__type_support.hpp
[0.460s] -- Up-to-date symlink: /root/ros2_ws/install/graphnav_msgs/include/graphnav_msgs/graphnav_msgs/msg/detail/node__builder.hpp
[0.460s] -- Up-to-date symlink: /root/ros2_ws/install/graphnav_msgs/include/graphnav_msgs/graphnav_msgs/msg/detail/node__struct.hpp
[0.460s] -- Up-to-date symlink: /root/ros2_ws/install/graphnav_msgs/include/graphnav_msgs/graphnav_msgs/msg/detail/node__traits.hpp
[0.460s] -- Up-to-date symlink: /root/ros2_ws/install/graphnav_msgs/include/graphnav_msgs/graphnav_msgs/msg/detail/node__type_support.hpp
[0.461s] -- Up-to-date symlink: /root/ros2_ws/install/graphnav_msgs/include/graphnav_msgs/graphnav_msgs/msg/detail/node_traversability_properties__builder.hpp
[0.461s] -- Up-to-date symlink: /root/ros2_ws/install/graphnav_msgs/include/graphnav_msgs/graphnav_msgs/msg/detail/node_traversability_properties__struct.hpp
[0.461s] -- Up-to-date symlink: /root/ros2_ws/install/graphnav_msgs/include/graphnav_msgs/graphnav_msgs/msg/detail/node_traversability_properties__traits.hpp
[0.461s] -- Up-to-date symlink: /root/ros2_ws/install/graphnav_msgs/include/graphnav_msgs/graphnav_msgs/msg/detail/node_traversability_properties__type_support.hpp
[0.461s] -- Up-to-date symlink: /root/ros2_ws/install/graphnav_msgs/include/graphnav_msgs/graphnav_msgs/msg/detail/uuid__builder.hpp
[0.461s] -- Up-to-date symlink: /root/ros2_ws/install/graphnav_msgs/include/graphnav_msgs/graphnav_msgs/msg/detail/uuid__struct.hpp
[0.462s] -- Up-to-date symlink: /root/ros2_ws/install/graphnav_msgs/include/graphnav_msgs/graphnav_msgs/msg/detail/uuid__traits.hpp
[0.462s] -- Up-to-date symlink: /root/ros2_ws/install/graphnav_msgs/include/graphnav_msgs/graphnav_msgs/msg/detail/uuid__type_support.hpp
[0.462s] -- Up-to-date symlink: /root/ros2_ws/install/graphnav_msgs/include/graphnav_msgs/graphnav_msgs/msg/edge.hpp
[0.462s] -- Up-to-date symlink: /root/ros2_ws/install/graphnav_msgs/include/graphnav_msgs/graphnav_msgs/msg/edge_traversability.hpp
[0.462s] -- Up-to-date symlink: /root/ros2_ws/install/graphnav_msgs/include/graphnav_msgs/graphnav_msgs/msg/key_value.hpp
[0.462s] -- Up-to-date symlink: /root/ros2_ws/install/graphnav_msgs/include/graphnav_msgs/graphnav_msgs/msg/navigation_graph.hpp
[0.462s] -- Up-to-date symlink: /root/ros2_ws/install/graphnav_msgs/include/graphnav_msgs/graphnav_msgs/msg/node.hpp
[0.462s] -- Up-to-date symlink: /root/ros2_ws/install/graphnav_msgs/include/graphnav_msgs/graphnav_msgs/msg/node_traversability_properties.hpp
[0.462s] -- Up-to-date symlink: /root/ros2_ws/install/graphnav_msgs/include/graphnav_msgs/graphnav_msgs/msg/rosidl_generator_cpp__visibility_control.hpp
[0.462s] -- Up-to-date symlink: /root/ros2_ws/install/graphnav_msgs/include/graphnav_msgs/graphnav_msgs/msg/uuid.hpp
[0.463s] -- Up-to-date symlink: /root/ros2_ws/install/graphnav_msgs/include/graphnav_msgs/graphnav_msgs/msg/detail/edge__rosidl_typesupport_fastrtps_cpp.hpp
[0.463s] -- Up-to-date symlink: /root/ros2_ws/install/graphnav_msgs/include/graphnav_msgs/graphnav_msgs/msg/detail/edge_traversability__rosidl_typesupport_fastrtps_cpp.hpp
[0.463s] -- Up-to-date symlink: /root/ros2_ws/install/graphnav_msgs/include/graphnav_msgs/graphnav_msgs/msg/detail/key_value__rosidl_typesupport_fastrtps_cpp.hpp
[0.463s] -- Up-to-date symlink: /root/ros2_ws/install/graphnav_msgs/include/graphnav_msgs/graphnav_msgs/msg/detail/navigation_graph__rosidl_typesupport_fastrtps_cpp.hpp
[0.463s] -- Up-to-date symlink: /root/ros2_ws/install/graphnav_msgs/include/graphnav_msgs/graphnav_msgs/msg/detail/node__rosidl_typesupport_fastrtps_cpp.hpp
[0.463s] -- Up-to-date symlink: /root/ros2_ws/install/graphnav_msgs/include/graphnav_msgs/graphnav_msgs/msg/detail/node_traversability_properties__rosidl_typesupport_fastrtps_cpp.hpp
[0.464s] -- Up-to-date symlink: /root/ros2_ws/install/graphnav_msgs/include/graphnav_msgs/graphnav_msgs/msg/detail/uuid__rosidl_typesupport_fastrtps_cpp.hpp
[0.464s] -- Up-to-date symlink: /root/ros2_ws/install/graphnav_msgs/include/graphnav_msgs/graphnav_msgs/msg/rosidl_typesupport_fastrtps_cpp__visibility_control.h
[0.466s] -- Up-to-date symlink: /root/ros2_ws/install/graphnav_msgs/include/graphnav_msgs/graphnav_msgs/msg/detail/edge__rosidl_typesupport_introspection_cpp.hpp
[0.466s] -- Up-to-date symlink: /root/ros2_ws/install/graphnav_msgs/include/graphnav_msgs/graphnav_msgs/msg/detail/edge_traversability__rosidl_typesupport_introspection_cpp.hpp
[0.466s] -- Up-to-date symlink: /root/ros2_ws/install/graphnav_msgs/include/graphnav_msgs/graphnav_msgs/msg/detail/key_value__rosidl_typesupport_introspection_cpp.hpp
[0.466s] -- Up-to-date symlink: /root/ros2_ws/install/graphnav_msgs/include/graphnav_msgs/graphnav_msgs/msg/detail/navigation_graph__rosidl_typesupport_introspection_cpp.hpp
[0.467s] -- Up-to-date symlink: /root/ros2_ws/install/graphnav_msgs/include/graphnav_msgs/graphnav_msgs/msg/detail/node__rosidl_typesupport_introspection_cpp.hpp
[0.467s] -- Up-to-date symlink: /root/ros2_ws/install/graphnav_msgs/include/graphnav_msgs/graphnav_msgs/msg/detail/node_traversability_properties__rosidl_typesupport_introspection_cpp.hpp
[0.467s] -- Up-to-date symlink: /root/ros2_ws/install/graphnav_msgs/include/graphnav_msgs/graphnav_msgs/msg/detail/uuid__rosidl_typesupport_introspection_cpp.hpp
[0.467s] -- Up-to-date symlink: /root/ros2_ws/install/graphnav_msgs/share/graphnav_msgs/environment/pythonpath.sh
[0.467s] -- Up-to-date symlink: /root/ros2_ws/install/graphnav_msgs/share/graphnav_msgs/environment/pythonpath.dsv
[0.467s] -- Up-to-date symlink: /root/ros2_ws/install/graphnav_msgs/lib/python3.12/site-packages/graphnav_msgs-0.0.0-py3.12.egg-info/PKG-INFO
[0.467s] -- Up-to-date symlink: /root/ros2_ws/install/graphnav_msgs/lib/python3.12/site-packages/graphnav_msgs-0.0.0-py3.12.egg-info/SOURCES.txt
[0.468s] -- Up-to-date symlink: /root/ros2_ws/install/graphnav_msgs/lib/python3.12/site-packages/graphnav_msgs-0.0.0-py3.12.egg-info/dependency_links.txt
[0.468s] -- Up-to-date symlink: /root/ros2_ws/install/graphnav_msgs/lib/python3.12/site-packages/graphnav_msgs-0.0.0-py3.12.egg-info/top_level.txt
[0.468s] -- Up-to-date symlink: /root/ros2_ws/install/graphnav_msgs/lib/python3.12/site-packages/graphnav_msgs/__init__.py
[0.468s] -- Up-to-date symlink: /root/ros2_ws/install/graphnav_msgs/lib/python3.12/site-packages/graphnav_msgs/_graphnav_msgs_s.ep.rosidl_typesupport_c.c
[0.468s] -- Up-to-date symlink: /root/ros2_ws/install/graphnav_msgs/lib/python3.12/site-packages/graphnav_msgs/_graphnav_msgs_s.ep.rosidl_typesupport_fastrtps_c.c
[0.469s] -- Up-to-date symlink: /root/ros2_ws/install/graphnav_msgs/lib/python3.12/site-packages/graphnav_msgs/_graphnav_msgs_s.ep.rosidl_typesupport_introspection_c.c
[0.469s] -- Up-to-date symlink: /root/ros2_ws/install/graphnav_msgs/lib/python3.12/site-packages/graphnav_msgs/graphnav_msgs_s__rosidl_typesupport_c.so
[0.469s] -- Up-to-date symlink: /root/ros2_ws/install/graphnav_msgs/lib/python3.12/site-packages/graphnav_msgs/graphnav_msgs_s__rosidl_typesupport_fastrtps_c.so
[0.469s] -- Up-to-date symlink: /root/ros2_ws/install/graphnav_msgs/lib/python3.12/site-packages/graphnav_msgs/graphnav_msgs_s__rosidl_typesupport_introspection_c.so
[0.469s] -- Up-to-date symlink: /root/ros2_ws/install/graphnav_msgs/lib/python3.12/site-packages/graphnav_msgs/msg/__init__.py
[0.470s] -- Up-to-date symlink: /root/ros2_ws/install/graphnav_msgs/lib/python3.12/site-packages/graphnav_msgs/msg/_edge.py
[0.470s] -- Up-to-date symlink: /root/ros2_ws/install/graphnav_msgs/lib/python3.12/site-packages/graphnav_msgs/msg/_edge_s.c
[0.470s] -- Up-to-date symlink: /root/ros2_ws/install/graphnav_msgs/lib/python3.12/site-packages/graphnav_msgs/msg/_edge_traversability.py
[0.470s] -- Up-to-date symlink: /root/ros2_ws/install/graphnav_msgs/lib/python3.12/site-packages/graphnav_msgs/msg/_edge_traversability_s.c
[0.470s] -- Up-to-date symlink: /root/ros2_ws/install/graphnav_msgs/lib/python3.12/site-packages/graphnav_msgs/msg/_key_value.py
[0.470s] -- Up-to-date symlink: /root/ros2_ws/install/graphnav_msgs/lib/python3.12/site-packages/graphnav_msgs/msg/_key_value_s.c
[0.470s] -- Up-to-date symlink: /root/ros2_ws/install/graphnav_msgs/lib/python3.12/site-packages/graphnav_msgs/msg/_navigation_graph.py
[0.471s] -- Up-to-date symlink: /root/ros2_ws/install/graphnav_msgs/lib/python3.12/site-packages/graphnav_msgs/msg/_navigation_graph_s.c
[0.471s] -- Up-to-date symlink: /root/ros2_ws/install/graphnav_msgs/lib/python3.12/site-packages/graphnav_msgs/msg/_node.py
[0.471s] -- Up-to-date symlink: /root/ros2_ws/install/graphnav_msgs/lib/python3.12/site-packages/graphnav_msgs/msg/_node_s.c
[0.471s] -- Up-to-date symlink: /root/ros2_ws/install/graphnav_msgs/lib/python3.12/site-packages/graphnav_msgs/msg/_node_traversability_properties.py
[0.471s] -- Up-to-date symlink: /root/ros2_ws/install/graphnav_msgs/lib/python3.12/site-packages/graphnav_msgs/msg/_node_traversability_properties_s.c
[0.471s] -- Up-to-date symlink: /root/ros2_ws/install/graphnav_msgs/lib/python3.12/site-packages/graphnav_msgs/msg/_uuid.py
[0.472s] -- Up-to-date symlink: /root/ros2_ws/install/graphnav_msgs/lib/python3.12/site-packages/graphnav_msgs/msg/_uuid_s.c
[0.472s] -- Up-to-date symlink: /root/ros2_ws/install/graphnav_msgs/lib/python3.12/site-packages/graphnav_msgs/graphnav_msgs_s__rosidl_typesupport_fastrtps_c.so
[0.472s] -- Up-to-date symlink: /root/ros2_ws/install/graphnav_msgs/lib/python3.12/site-packages/graphnav_msgs/graphnav_msgs_s__rosidl_typesupport_introspection_c.so
[0.472s] -- Up-to-date symlink: /root/ros2_ws/install/graphnav_msgs/lib/python3.12/site-packages/graphnav_msgs/graphnav_msgs_s__rosidl_typesupport_c.so
[0.472s] -- Up-to-date symlink: /root/ros2_ws/install/graphnav_msgs/share/ament_index/resource_index/rust_packages/graphnav_msgs
[0.472s] -- Up-to-date symlink: /root/ros2_ws/install/graphnav_msgs/share/graphnav_msgs/rust/Cargo.toml
[0.473s] -- Up-to-date symlink: /root/ros2_ws/install/graphnav_msgs/share/graphnav_msgs/rust/build.rs
[0.473s] -- Up-to-date symlink: /root/ros2_ws/install/graphnav_msgs/share/graphnav_msgs/rust/src/lib.rs
[0.473s] -- Up-to-date symlink: /root/ros2_ws/install/graphnav_msgs/share/graphnav_msgs/rust/src/msg.rs
[0.473s] -- Up-to-date symlink: /root/ros2_ws/install/graphnav_msgs/share/graphnav_msgs/rust/src/msg/rmw.rs
[0.473s] -- Up-to-date symlink: /root/ros2_ws/install/graphnav_msgs/share/graphnav_msgs/msg/NavigationGraph.idl
[0.474s] -- Up-to-date symlink: /root/ros2_ws/install/graphnav_msgs/share/graphnav_msgs/msg/Node.idl
[0.474s] -- Up-to-date symlink: /root/ros2_ws/install/graphnav_msgs/share/graphnav_msgs/msg/NodeTraversabilityProperties.idl
[0.474s] -- Up-to-date symlink: /root/ros2_ws/install/graphnav_msgs/share/graphnav_msgs/msg/Edge.idl
[0.474s] -- Up-to-date symlink: /root/ros2_ws/install/graphnav_msgs/share/graphnav_msgs/msg/EdgeTraversability.idl
[0.474s] -- Up-to-date symlink: /root/ros2_ws/install/graphnav_msgs/share/graphnav_msgs/msg/KeyValue.idl
[0.474s] -- Up-to-date symlink: /root/ros2_ws/install/graphnav_msgs/share/graphnav_msgs/msg/UUID.idl
[0.474s] -- Up-to-date symlink: /root/ros2_ws/install/graphnav_msgs/share/graphnav_msgs/msg/NavigationGraph.msg
[0.475s] -- Up-to-date symlink: /root/ros2_ws/install/graphnav_msgs/share/graphnav_msgs/msg/Node.msg
[0.475s] -- Up-to-date symlink: /root/ros2_ws/install/graphnav_msgs/share/graphnav_msgs/msg/NodeTraversabilityProperties.msg
[0.475s] -- Up-to-date symlink: /root/ros2_ws/install/graphnav_msgs/share/graphnav_msgs/msg/Edge.msg
[0.475s] -- Up-to-date symlink: /root/ros2_ws/install/graphnav_msgs/share/graphnav_msgs/msg/EdgeTraversability.msg
[0.475s] -- Up-to-date symlink: /root/ros2_ws/install/graphnav_msgs/share/graphnav_msgs/msg/KeyValue.msg
[0.475s] -- Up-to-date symlink: /root/ros2_ws/install/graphnav_msgs/share/graphnav_msgs/msg/UUID.msg
[0.475s] -- Up-to-date symlink: /root/ros2_ws/install/graphnav_msgs/share/ament_index/resource_index/package_run_dependencies/graphnav_msgs
[0.475s] -- Up-to-date symlink: /root/ros2_ws/install/graphnav_msgs/share/ament_index/resource_index/parent_prefix_path/graphnav_msgs
[0.476s] -- Up-to-date symlink: /root/ros2_ws/install/graphnav_msgs/share/graphnav_msgs/environment/ament_prefix_path.sh
[0.476s] -- Up-to-date symlink: /root/ros2_ws/install/graphnav_msgs/share/graphnav_msgs/environment/ament_prefix_path.dsv
[0.476s] -- Up-to-date symlink: /root/ros2_ws/install/graphnav_msgs/share/graphnav_msgs/environment/path.sh
[0.476s] -- Up-to-date symlink: /root/ros2_ws/install/graphnav_msgs/share/graphnav_msgs/environment/path.dsv
[0.476s] -- Up-to-date symlink: /root/ros2_ws/install/graphnav_msgs/share/graphnav_msgs/local_setup.bash
[0.476s] -- Up-to-date symlink: /root/ros2_ws/install/graphnav_msgs/share/graphnav_msgs/local_setup.sh
[0.476s] -- Up-to-date symlink: /root/ros2_ws/install/graphnav_msgs/share/graphnav_msgs/local_setup.zsh
[0.477s] -- Up-to-date symlink: /root/ros2_ws/install/graphnav_msgs/share/graphnav_msgs/local_setup.dsv
[0.477s] -- Symlinking: /root/ros2_ws/install/graphnav_msgs/share/graphnav_msgs/package.dsv
[0.485s] -- Up-to-date symlink: /root/ros2_ws/install/graphnav_msgs/share/ament_index/resource_index/packages/graphnav_msgs
[0.485s] -- Up-to-date symlink: /root/ros2_ws/install/graphnav_msgs/share/graphnav_msgs/cmake/rosidl_cmake-extras.cmake
[0.485s] -- Up-to-date symlink: /root/ros2_ws/install/graphnav_msgs/share/graphnav_msgs/cmake/ament_cmake_export_dependencies-extras.cmake
[0.485s] -- Up-to-date symlink: /root/ros2_ws/install/graphnav_msgs/share/graphnav_msgs/cmake/ament_cmake_export_include_directories-extras.cmake
[0.485s] -- Up-to-date symlink: /root/ros2_ws/install/graphnav_msgs/share/graphnav_msgs/cmake/ament_cmake_export_libraries-extras.cmake
[0.486s] -- Up-to-date symlink: /root/ros2_ws/install/graphnav_msgs/share/graphnav_msgs/cmake/ament_cmake_export_targets-extras.cmake
[0.486s] -- Up-to-date symlink: /root/ros2_ws/install/graphnav_msgs/share/graphnav_msgs/cmake/rosidl_cmake_export_typesupport_targets-extras.cmake
[0.486s] -- Up-to-date symlink: /root/ros2_ws/install/graphnav_msgs/share/graphnav_msgs/cmake/rosidl_cmake_export_typesupport_libraries-extras.cmake
[0.486s] -- Up-to-date symlink: /root/ros2_ws/install/graphnav_msgs/share/graphnav_msgs/cmake/graphnav_msgsConfig.cmake
[0.486s] -- Up-to-date symlink: /root/ros2_ws/install/graphnav_msgs/share/graphnav_msgs/cmake/graphnav_msgsConfig-version.cmake
[0.486s] -- Up-to-date symlink: /root/ros2_ws/install/graphnav_msgs/share/graphnav_msgs/package.xml
[0.487s] -- Up-to-date: /root/ros2_ws/install/graphnav_msgs/lib/libgraphnav_msgs__rosidl_generator_c.so
[0.487s] -- Up-to-date: /root/ros2_ws/install/graphnav_msgs/lib/libgraphnav_msgs__rosidl_typesupport_fastrtps_c.so
[0.487s] -- Up-to-date: /root/ros2_ws/install/graphnav_msgs/lib/libgraphnav_msgs__rosidl_typesupport_introspection_c.so
[0.487s] -- Up-to-date: /root/ros2_ws/install/graphnav_msgs/lib/libgraphnav_msgs__rosidl_typesupport_c.so
[0.488s] -- Up-to-date: /root/ros2_ws/install/graphnav_msgs/lib/libgraphnav_msgs__rosidl_typesupport_fastrtps_cpp.so
[0.488s] -- Up-to-date: /root/ros2_ws/install/graphnav_msgs/lib/libgraphnav_msgs__rosidl_typesupport_introspection_cpp.so
[0.488s] -- Up-to-date: /root/ros2_ws/install/graphnav_msgs/lib/libgraphnav_msgs__rosidl_typesupport_cpp.so
[0.522s] Listing '/root/ros2_ws/install/graphnav_msgs/lib/python3.12/site-packages/graphnav_msgs'...
[0.522s] Listing '/root/ros2_ws/install/graphnav_msgs/lib/python3.12/site-packages/graphnav_msgs/msg'...
[0.528s] -- Up-to-date: /root/ros2_ws/install/graphnav_msgs/lib/libgraphnav_msgs__rosidl_generator_py.so
[0.528s] -- Up-to-date: /root/ros2_ws/install/graphnav_msgs/share/graphnav_msgs/cmake/export_graphnav_msgs__rosidl_generator_cExport.cmake
[0.528s] -- Up-to-date: /root/ros2_ws/install/graphnav_msgs/share/graphnav_msgs/cmake/export_graphnav_msgs__rosidl_generator_cExport-noconfig.cmake
[0.529s] -- Up-to-date: /root/ros2_ws/install/graphnav_msgs/share/graphnav_msgs/cmake/export_graphnav_msgs__rosidl_typesupport_fastrtps_cExport.cmake
[0.529s] -- Up-to-date: /root/ros2_ws/install/graphnav_msgs/share/graphnav_msgs/cmake/export_graphnav_msgs__rosidl_typesupport_fastrtps_cExport-noconfig.cmake
[0.529s] -- Up-to-date: /root/ros2_ws/install/graphnav_msgs/share/graphnav_msgs/cmake/graphnav_msgs__rosidl_typesupport_introspection_cExport.cmake
[0.529s] -- Up-to-date: /root/ros2_ws/install/graphnav_msgs/share/graphnav_msgs/cmake/graphnav_msgs__rosidl_typesupport_introspection_cExport-noconfig.cmake
[0.529s] -- Up-to-date: /root/ros2_ws/install/graphnav_msgs/share/graphnav_msgs/cmake/graphnav_msgs__rosidl_typesupport_cExport.cmake
[0.529s] -- Up-to-date: /root/ros2_ws/install/graphnav_msgs/share/graphnav_msgs/cmake/graphnav_msgs__rosidl_typesupport_cExport-noconfig.cmake
[0.529s] -- Up-to-date: /root/ros2_ws/install/graphnav_msgs/share/graphnav_msgs/cmake/export_graphnav_msgs__rosidl_generator_cppExport.cmake
[0.529s] -- Up-to-date: /root/ros2_ws/install/graphnav_msgs/share/graphnav_msgs/cmake/export_graphnav_msgs__rosidl_typesupport_fastrtps_cppExport.cmake
[0.529s] -- Up-to-date: /root/ros2_ws/install/graphnav_msgs/share/graphnav_msgs/cmake/export_graphnav_msgs__rosidl_typesupport_fastrtps_cppExport-noconfig.cmake
[0.530s] -- Up-to-date: /root/ros2_ws/install/graphnav_msgs/share/graphnav_msgs/cmake/graphnav_msgs__rosidl_typesupport_introspection_cppExport.cmake
[0.530s] -- Up-to-date: /root/ros2_ws/install/graphnav_msgs/share/graphnav_msgs/cmake/graphnav_msgs__rosidl_typesupport_introspection_cppExport-noconfig.cmake
[0.530s] -- Up-to-date: /root/ros2_ws/install/graphnav_msgs/share/graphnav_msgs/cmake/graphnav_msgs__rosidl_typesupport_cppExport.cmake
[0.530s] -- Up-to-date: /root/ros2_ws/install/graphnav_msgs/share/graphnav_msgs/cmake/graphnav_msgs__rosidl_typesupport_cppExport-noconfig.cmake
[0.530s] -- Up-to-date: /root/ros2_ws/install/graphnav_msgs/share/graphnav_msgs/cmake/export_graphnav_msgs__rosidl_generator_pyExport.cmake
[0.530s] -- Up-to-date: /root/ros2_ws/install/graphnav_msgs/share/graphnav_msgs/cmake/export_graphnav_msgs__rosidl_generator_pyExport-noconfig.cmake
[0.531s] Invoked command in '/root/ros2_ws/build/graphnav_msgs' returned '0': CMAKE_PREFIX_PATH=${CMAKE_PREFIX_PATH}:/opt/ros/jazzy /usr/bin/cmake --install /root/ros2_ws/build/graphnav_msgs
