[0.106s] DEBUG:colcon:Command line arguments: ['/usr/bin/colcon', 'build', '--symlink-install', '--packages-select', 'elevation_mapping_cupy']
[0.106s] DEBUG:colcon:Parsed command line arguments: Namespace(log_base=None, log_level=None, verb_name='build', build_base='build', install_base='install', merge_install=False, symlink_install=True, test_result_base=None, continue_on_error=False, executor='parallel', parallel_workers=8, event_handlers=None, ignore_user_meta=False, metas=['./colcon.meta'], base_paths=['.'], packages_ignore=None, packages_ignore_regex=None, paths=None, packages_up_to=None, packages_up_to_regex=None, packages_above=None, packages_above_and_dependencies=None, packages_above_depth=None, packages_select_by_dep=None, packages_skip_by_dep=None, packages_skip_up_to=None, packages_select_build_failed=False, packages_skip_build_finished=False, packages_select_test_failures=False, packages_skip_test_passed=False, packages_select=['elevation_mapping_cupy'], packages_skip=None, packages_select_regex=None, packages_skip_regex=None, packages_start=None, packages_end=None, cmake_args=None, cmake_target=None, cmake_target_skip_unavailable=False, cmake_clean_cache=False, cmake_clean_first=False, cmake_force_configure=False, ament_cmake_args=None, catkin_cmake_args=None, catkin_skip_building_tests=False, mixin_files=None, mixin=None, verb_parser=<colcon_mixin.mixin.mixin_argument.MixinArgumentDecorator object at 0x7101c0106480>, verb_extension=<colcon_core.verb.build.BuildVerb object at 0x7101c025e4e0>, main=<bound method BuildVerb.main of <colcon_core.verb.build.BuildVerb object at 0x7101c025e4e0>>, mixin_verb=('build',))
[0.140s] Level 1:colcon.colcon_core.package_discovery:discover_packages(colcon_meta) check parameters
[0.140s] INFO:colcon.colcon_metadata.package_discovery.colcon_meta:Using configuration from '/root/.colcon/metadata/default/Gazebo.meta'
[0.141s] INFO:colcon.colcon_metadata.package_discovery.colcon_meta:Using configuration from '/root/.colcon/metadata/default/fastdds.meta'
[0.141s] INFO:colcon.colcon_metadata.package_discovery.colcon_meta:Using configuration from '/root/.colcon/metadata/default/fastrtps.meta'
[0.141s] Level 1:colcon.colcon_core.package_discovery:discover_packages(recursive) check parameters
[0.141s] Level 1:colcon.colcon_core.package_discovery:discover_packages(ignore) check parameters
[0.141s] Level 1:colcon.colcon_core.package_discovery:discover_packages(path) check parameters
[0.141s] Level 1:colcon.colcon_core.package_discovery:discover_packages(colcon_meta) discover
[0.141s] Level 1:colcon.colcon_core.package_discovery:discover_packages(recursive) discover
[0.141s] INFO:colcon.colcon_core.package_discovery:Crawling recursively for packages in '/root/ros2_ws'
[0.141s] Level 1:colcon.colcon_core.package_identification:_identify(.) by extensions ['ignore', 'ignore_ament_install']
[0.142s] Level 1:colcon.colcon_core.package_identification:_identify(.) by extension 'ignore'
[0.142s] Level 1:colcon.colcon_core.package_identification:_identify(.) by extension 'ignore_ament_install'
[0.142s] Level 1:colcon.colcon_core.package_identification:_identify(.) by extensions ['colcon_pkg']
[0.142s] Level 1:colcon.colcon_core.package_identification:_identify(.) by extension 'colcon_pkg'
[0.142s] Level 1:colcon.colcon_core.package_identification:_identify(.) by extensions ['colcon_meta']
[0.142s] Level 1:colcon.colcon_core.package_identification:_identify(.) by extension 'colcon_meta'
[0.142s] Level 1:colcon.colcon_core.package_identification:_identify(.) by extensions ['ros']
[0.142s] Level 1:colcon.colcon_core.package_identification:_identify(.) by extension 'ros'
[0.165s] Level 1:colcon.colcon_core.package_identification:_identify(.) by extensions ['cmake', 'python']
[0.165s] Level 1:colcon.colcon_core.package_identification:_identify(.) by extension 'cmake'
[0.165s] Level 1:colcon.colcon_core.package_identification:_identify(.) by extension 'python'
[0.165s] Level 1:colcon.colcon_core.package_identification:_identify(.) by extensions ['python_setup_py']
[0.165s] Level 1:colcon.colcon_core.package_identification:_identify(.) by extension 'python_setup_py'
[0.165s] Level 1:colcon.colcon_core.package_identification:_identify(build) by extensions ['ignore', 'ignore_ament_install']
[0.165s] Level 1:colcon.colcon_core.package_identification:_identify(build) by extension 'ignore'
[0.165s] Level 1:colcon.colcon_core.package_identification:_identify(build) ignored
[0.165s] Level 1:colcon.colcon_core.package_identification:_identify(install) by extensions ['ignore', 'ignore_ament_install']
[0.165s] Level 1:colcon.colcon_core.package_identification:_identify(install) by extension 'ignore'
[0.166s] Level 1:colcon.colcon_core.package_identification:_identify(install) ignored
[0.166s] Level 1:colcon.colcon_core.package_identification:_identify(log) by extensions ['ignore', 'ignore_ament_install']
[0.166s] Level 1:colcon.colcon_core.package_identification:_identify(log) by extension 'ignore'
[0.166s] Level 1:colcon.colcon_core.package_identification:_identify(log) ignored
[0.166s] Level 1:colcon.colcon_core.package_identification:_identify(scripts) by extensions ['ignore', 'ignore_ament_install']
[0.166s] Level 1:colcon.colcon_core.package_identification:_identify(scripts) by extension 'ignore'
[0.166s] Level 1:colcon.colcon_core.package_identification:_identify(scripts) by extension 'ignore_ament_install'
[0.166s] Level 1:colcon.colcon_core.package_identification:_identify(scripts) by extensions ['colcon_pkg']
[0.166s] Level 1:colcon.colcon_core.package_identification:_identify(scripts) by extension 'colcon_pkg'
[0.166s] Level 1:colcon.colcon_core.package_identification:_identify(scripts) by extensions ['colcon_meta']
[0.166s] Level 1:colcon.colcon_core.package_identification:_identify(scripts) by extension 'colcon_meta'
[0.166s] Level 1:colcon.colcon_core.package_identification:_identify(scripts) by extensions ['ros']
[0.166s] Level 1:colcon.colcon_core.package_identification:_identify(scripts) by extension 'ros'
[0.166s] Level 1:colcon.colcon_core.package_identification:_identify(scripts) by extensions ['cmake', 'python']
[0.166s] Level 1:colcon.colcon_core.package_identification:_identify(scripts) by extension 'cmake'
[0.166s] Level 1:colcon.colcon_core.package_identification:_identify(scripts) by extension 'python'
[0.166s] Level 1:colcon.colcon_core.package_identification:_identify(scripts) by extensions ['python_setup_py']
[0.166s] Level 1:colcon.colcon_core.package_identification:_identify(scripts) by extension 'python_setup_py'
[0.166s] Level 1:colcon.colcon_core.package_identification:_identify(scripts/__pycache__) by extensions ['ignore', 'ignore_ament_install']
[0.167s] Level 1:colcon.colcon_core.package_identification:_identify(scripts/__pycache__) by extension 'ignore'
[0.167s] Level 1:colcon.colcon_core.package_identification:_identify(scripts/__pycache__) by extension 'ignore_ament_install'
[0.167s] Level 1:colcon.colcon_core.package_identification:_identify(scripts/__pycache__) by extensions ['colcon_pkg']
[0.167s] Level 1:colcon.colcon_core.package_identification:_identify(scripts/__pycache__) by extension 'colcon_pkg'
[0.167s] Level 1:colcon.colcon_core.package_identification:_identify(scripts/__pycache__) by extensions ['colcon_meta']
[0.167s] Level 1:colcon.colcon_core.package_identification:_identify(scripts/__pycache__) by extension 'colcon_meta'
[0.167s] Level 1:colcon.colcon_core.package_identification:_identify(scripts/__pycache__) by extensions ['ros']
[0.167s] Level 1:colcon.colcon_core.package_identification:_identify(scripts/__pycache__) by extension 'ros'
[0.167s] Level 1:colcon.colcon_core.package_identification:_identify(scripts/__pycache__) by extensions ['cmake', 'python']
[0.167s] Level 1:colcon.colcon_core.package_identification:_identify(scripts/__pycache__) by extension 'cmake'
[0.167s] Level 1:colcon.colcon_core.package_identification:_identify(scripts/__pycache__) by extension 'python'
[0.167s] Level 1:colcon.colcon_core.package_identification:_identify(scripts/__pycache__) by extensions ['python_setup_py']
[0.167s] Level 1:colcon.colcon_core.package_identification:_identify(scripts/__pycache__) by extension 'python_setup_py'
[0.167s] Level 1:colcon.colcon_core.package_identification:_identify(src) by extensions ['ignore', 'ignore_ament_install']
[0.167s] Level 1:colcon.colcon_core.package_identification:_identify(src) by extension 'ignore'
[0.167s] Level 1:colcon.colcon_core.package_identification:_identify(src) by extension 'ignore_ament_install'
[0.167s] Level 1:colcon.colcon_core.package_identification:_identify(src) by extensions ['colcon_pkg']
[0.167s] Level 1:colcon.colcon_core.package_identification:_identify(src) by extension 'colcon_pkg'
[0.167s] Level 1:colcon.colcon_core.package_identification:_identify(src) by extensions ['colcon_meta']
[0.167s] Level 1:colcon.colcon_core.package_identification:_identify(src) by extension 'colcon_meta'
[0.167s] Level 1:colcon.colcon_core.package_identification:_identify(src) by extensions ['ros']
[0.168s] Level 1:colcon.colcon_core.package_identification:_identify(src) by extension 'ros'
[0.168s] Level 1:colcon.colcon_core.package_identification:_identify(src) by extensions ['cmake', 'python']
[0.168s] Level 1:colcon.colcon_core.package_identification:_identify(src) by extension 'cmake'
[0.168s] Level 1:colcon.colcon_core.package_identification:_identify(src) by extension 'python'
[0.168s] Level 1:colcon.colcon_core.package_identification:_identify(src) by extensions ['python_setup_py']
[0.168s] Level 1:colcon.colcon_core.package_identification:_identify(src) by extension 'python_setup_py'
[0.168s] Level 1:colcon.colcon_core.package_identification:_identify(src/direct_lidar_inertial_odometry-feature-ros2) by extensions ['ignore', 'ignore_ament_install']
[0.168s] Level 1:colcon.colcon_core.package_identification:_identify(src/direct_lidar_inertial_odometry-feature-ros2) by extension 'ignore'
[0.168s] Level 1:colcon.colcon_core.package_identification:_identify(src/direct_lidar_inertial_odometry-feature-ros2) by extension 'ignore_ament_install'
[0.168s] Level 1:colcon.colcon_core.package_identification:_identify(src/direct_lidar_inertial_odometry-feature-ros2) by extensions ['colcon_pkg']
[0.168s] Level 1:colcon.colcon_core.package_identification:_identify(src/direct_lidar_inertial_odometry-feature-ros2) by extension 'colcon_pkg'
[0.168s] Level 1:colcon.colcon_core.package_identification:_identify(src/direct_lidar_inertial_odometry-feature-ros2) by extensions ['colcon_meta']
[0.168s] Level 1:colcon.colcon_core.package_identification:_identify(src/direct_lidar_inertial_odometry-feature-ros2) by extension 'colcon_meta'
[0.168s] Level 1:colcon.colcon_core.package_identification:_identify(src/direct_lidar_inertial_odometry-feature-ros2) by extensions ['ros']
[0.168s] Level 1:colcon.colcon_core.package_identification:_identify(src/direct_lidar_inertial_odometry-feature-ros2) by extension 'ros'
[0.171s] DEBUG:colcon.colcon_core.package_identification:Package 'src/direct_lidar_inertial_odometry-feature-ros2' with type 'ros.ament_cmake' and name 'direct_lidar_inertial_odometry'
[0.171s] Level 1:colcon.colcon_core.package_identification:_identify(src/dlio_gazebo_sim) by extensions ['ignore', 'ignore_ament_install']
[0.171s] Level 1:colcon.colcon_core.package_identification:_identify(src/dlio_gazebo_sim) by extension 'ignore'
[0.171s] Level 1:colcon.colcon_core.package_identification:_identify(src/dlio_gazebo_sim) by extension 'ignore_ament_install'
[0.171s] Level 1:colcon.colcon_core.package_identification:_identify(src/dlio_gazebo_sim) by extensions ['colcon_pkg']
[0.171s] Level 1:colcon.colcon_core.package_identification:_identify(src/dlio_gazebo_sim) by extension 'colcon_pkg'
[0.171s] Level 1:colcon.colcon_core.package_identification:_identify(src/dlio_gazebo_sim) by extensions ['colcon_meta']
[0.171s] Level 1:colcon.colcon_core.package_identification:_identify(src/dlio_gazebo_sim) by extension 'colcon_meta'
[0.171s] Level 1:colcon.colcon_core.package_identification:_identify(src/dlio_gazebo_sim) by extensions ['ros']
[0.171s] Level 1:colcon.colcon_core.package_identification:_identify(src/dlio_gazebo_sim) by extension 'ros'
[0.172s] DEBUG:colcon.colcon_core.package_identification:Package 'src/dlio_gazebo_sim' with type 'ros.ament_python' and name 'dlio_gazebo_sim'
[0.172s] Level 1:colcon.colcon_core.package_identification:_identify(src/elevation_mapping_cupy) by extensions ['ignore', 'ignore_ament_install']
[0.172s] Level 1:colcon.colcon_core.package_identification:_identify(src/elevation_mapping_cupy) by extension 'ignore'
[0.172s] Level 1:colcon.colcon_core.package_identification:_identify(src/elevation_mapping_cupy) by extension 'ignore_ament_install'
[0.172s] Level 1:colcon.colcon_core.package_identification:_identify(src/elevation_mapping_cupy) by extensions ['colcon_pkg']
[0.172s] Level 1:colcon.colcon_core.package_identification:_identify(src/elevation_mapping_cupy) by extension 'colcon_pkg'
[0.172s] Level 1:colcon.colcon_core.package_identification:_identify(src/elevation_mapping_cupy) by extensions ['colcon_meta']
[0.172s] Level 1:colcon.colcon_core.package_identification:_identify(src/elevation_mapping_cupy) by extension 'colcon_meta'
[0.172s] Level 1:colcon.colcon_core.package_identification:_identify(src/elevation_mapping_cupy) by extensions ['ros']
[0.172s] Level 1:colcon.colcon_core.package_identification:_identify(src/elevation_mapping_cupy) by extension 'ros'
[0.172s] Level 1:colcon.colcon_core.package_identification:_identify(src/elevation_mapping_cupy) by extensions ['cmake', 'python']
[0.172s] Level 1:colcon.colcon_core.package_identification:_identify(src/elevation_mapping_cupy) by extension 'cmake'
[0.172s] Level 1:colcon.colcon_core.package_identification:_identify(src/elevation_mapping_cupy) by extension 'python'
[0.172s] Level 1:colcon.colcon_core.package_identification:_identify(src/elevation_mapping_cupy) by extensions ['python_setup_py']
[0.172s] Level 1:colcon.colcon_core.package_identification:_identify(src/elevation_mapping_cupy) by extension 'python_setup_py'
[0.172s] Level 1:colcon.colcon_core.package_identification:_identify(src/elevation_mapping_cupy/docker) by extensions ['ignore', 'ignore_ament_install']
[0.172s] Level 1:colcon.colcon_core.package_identification:_identify(src/elevation_mapping_cupy/docker) by extension 'ignore'
[0.172s] Level 1:colcon.colcon_core.package_identification:_identify(src/elevation_mapping_cupy/docker) by extension 'ignore_ament_install'
[0.173s] Level 1:colcon.colcon_core.package_identification:_identify(src/elevation_mapping_cupy/docker) by extensions ['colcon_pkg']
[0.173s] Level 1:colcon.colcon_core.package_identification:_identify(src/elevation_mapping_cupy/docker) by extension 'colcon_pkg'
[0.173s] Level 1:colcon.colcon_core.package_identification:_identify(src/elevation_mapping_cupy/docker) by extensions ['colcon_meta']
[0.173s] Level 1:colcon.colcon_core.package_identification:_identify(src/elevation_mapping_cupy/docker) by extension 'colcon_meta'
[0.173s] Level 1:colcon.colcon_core.package_identification:_identify(src/elevation_mapping_cupy/docker) by extensions ['ros']
[0.173s] Level 1:colcon.colcon_core.package_identification:_identify(src/elevation_mapping_cupy/docker) by extension 'ros'
[0.173s] Level 1:colcon.colcon_core.package_identification:_identify(src/elevation_mapping_cupy/docker) by extensions ['cmake', 'python']
[0.173s] Level 1:colcon.colcon_core.package_identification:_identify(src/elevation_mapping_cupy/docker) by extension 'cmake'
[0.173s] Level 1:colcon.colcon_core.package_identification:_identify(src/elevation_mapping_cupy/docker) by extension 'python'
[0.173s] Level 1:colcon.colcon_core.package_identification:_identify(src/elevation_mapping_cupy/docker) by extensions ['python_setup_py']
[0.173s] Level 1:colcon.colcon_core.package_identification:_identify(src/elevation_mapping_cupy/docker) by extension 'python_setup_py'
[0.173s] Level 1:colcon.colcon_core.package_identification:_identify(src/elevation_mapping_cupy/docs) by extensions ['ignore', 'ignore_ament_install']
[0.173s] Level 1:colcon.colcon_core.package_identification:_identify(src/elevation_mapping_cupy/docs) by extension 'ignore'
[0.173s] Level 1:colcon.colcon_core.package_identification:_identify(src/elevation_mapping_cupy/docs) by extension 'ignore_ament_install'
[0.173s] Level 1:colcon.colcon_core.package_identification:_identify(src/elevation_mapping_cupy/docs) by extensions ['colcon_pkg']
[0.173s] Level 1:colcon.colcon_core.package_identification:_identify(src/elevation_mapping_cupy/docs) by extension 'colcon_pkg'
[0.173s] Level 1:colcon.colcon_core.package_identification:_identify(src/elevation_mapping_cupy/docs) by extensions ['colcon_meta']
[0.173s] Level 1:colcon.colcon_core.package_identification:_identify(src/elevation_mapping_cupy/docs) by extension 'colcon_meta'
[0.173s] Level 1:colcon.colcon_core.package_identification:_identify(src/elevation_mapping_cupy/docs) by extensions ['ros']
[0.173s] Level 1:colcon.colcon_core.package_identification:_identify(src/elevation_mapping_cupy/docs) by extension 'ros'
[0.173s] Level 1:colcon.colcon_core.package_identification:_identify(src/elevation_mapping_cupy/docs) by extensions ['cmake', 'python']
[0.173s] Level 1:colcon.colcon_core.package_identification:_identify(src/elevation_mapping_cupy/docs) by extension 'cmake'
[0.174s] Level 1:colcon.colcon_core.package_identification:_identify(src/elevation_mapping_cupy/docs) by extension 'python'
[0.174s] Level 1:colcon.colcon_core.package_identification:_identify(src/elevation_mapping_cupy/docs) by extensions ['python_setup_py']
[0.174s] Level 1:colcon.colcon_core.package_identification:_identify(src/elevation_mapping_cupy/docs) by extension 'python_setup_py'
[0.174s] Level 1:colcon.colcon_core.package_identification:_identify(src/elevation_mapping_cupy/docs/media) by extensions ['ignore', 'ignore_ament_install']
[0.174s] Level 1:colcon.colcon_core.package_identification:_identify(src/elevation_mapping_cupy/docs/media) by extension 'ignore'
[0.174s] Level 1:colcon.colcon_core.package_identification:_identify(src/elevation_mapping_cupy/docs/media) by extension 'ignore_ament_install'
[0.174s] Level 1:colcon.colcon_core.package_identification:_identify(src/elevation_mapping_cupy/docs/media) by extensions ['colcon_pkg']
[0.174s] Level 1:colcon.colcon_core.package_identification:_identify(src/elevation_mapping_cupy/docs/media) by extension 'colcon_pkg'
[0.174s] Level 1:colcon.colcon_core.package_identification:_identify(src/elevation_mapping_cupy/docs/media) by extensions ['colcon_meta']
[0.174s] Level 1:colcon.colcon_core.package_identification:_identify(src/elevation_mapping_cupy/docs/media) by extension 'colcon_meta'
[0.174s] Level 1:colcon.colcon_core.package_identification:_identify(src/elevation_mapping_cupy/docs/media) by extensions ['ros']
[0.174s] Level 1:colcon.colcon_core.package_identification:_identify(src/elevation_mapping_cupy/docs/media) by extension 'ros'
[0.174s] Level 1:colcon.colcon_core.package_identification:_identify(src/elevation_mapping_cupy/docs/media) by extensions ['cmake', 'python']
[0.174s] Level 1:colcon.colcon_core.package_identification:_identify(src/elevation_mapping_cupy/docs/media) by extension 'cmake'
[0.174s] Level 1:colcon.colcon_core.package_identification:_identify(src/elevation_mapping_cupy/docs/media) by extension 'python'
[0.174s] Level 1:colcon.colcon_core.package_identification:_identify(src/elevation_mapping_cupy/docs/media) by extensions ['python_setup_py']
[0.174s] Level 1:colcon.colcon_core.package_identification:_identify(src/elevation_mapping_cupy/docs/media) by extension 'python_setup_py'
[0.174s] Level 1:colcon.colcon_core.package_identification:_identify(src/elevation_mapping_cupy/docs/reviews) by extensions ['ignore', 'ignore_ament_install']
[0.174s] Level 1:colcon.colcon_core.package_identification:_identify(src/elevation_mapping_cupy/docs/reviews) by extension 'ignore'
[0.175s] Level 1:colcon.colcon_core.package_identification:_identify(src/elevation_mapping_cupy/docs/reviews) by extension 'ignore_ament_install'
[0.175s] Level 1:colcon.colcon_core.package_identification:_identify(src/elevation_mapping_cupy/docs/reviews) by extensions ['colcon_pkg']
[0.175s] Level 1:colcon.colcon_core.package_identification:_identify(src/elevation_mapping_cupy/docs/reviews) by extension 'colcon_pkg'
[0.175s] Level 1:colcon.colcon_core.package_identification:_identify(src/elevation_mapping_cupy/docs/reviews) by extensions ['colcon_meta']
[0.175s] Level 1:colcon.colcon_core.package_identification:_identify(src/elevation_mapping_cupy/docs/reviews) by extension 'colcon_meta'
[0.175s] Level 1:colcon.colcon_core.package_identification:_identify(src/elevation_mapping_cupy/docs/reviews) by extensions ['ros']
[0.175s] Level 1:colcon.colcon_core.package_identification:_identify(src/elevation_mapping_cupy/docs/reviews) by extension 'ros'
[0.175s] Level 1:colcon.colcon_core.package_identification:_identify(src/elevation_mapping_cupy/docs/reviews) by extensions ['cmake', 'python']
[0.175s] Level 1:colcon.colcon_core.package_identification:_identify(src/elevation_mapping_cupy/docs/reviews) by extension 'cmake'
[0.175s] Level 1:colcon.colcon_core.package_identification:_identify(src/elevation_mapping_cupy/docs/reviews) by extension 'python'
[0.175s] Level 1:colcon.colcon_core.package_identification:_identify(src/elevation_mapping_cupy/docs/reviews) by extensions ['python_setup_py']
[0.175s] Level 1:colcon.colcon_core.package_identification:_identify(src/elevation_mapping_cupy/docs/reviews) by extension 'python_setup_py'
[0.175s] Level 1:colcon.colcon_core.package_identification:_identify(src/elevation_mapping_cupy/docs/source) by extensions ['ignore', 'ignore_ament_install']
[0.175s] Level 1:colcon.colcon_core.package_identification:_identify(src/elevation_mapping_cupy/docs/source) by extension 'ignore'
[0.175s] Level 1:colcon.colcon_core.package_identification:_identify(src/elevation_mapping_cupy/docs/source) by extension 'ignore_ament_install'
[0.175s] Level 1:colcon.colcon_core.package_identification:_identify(src/elevation_mapping_cupy/docs/source) by extensions ['colcon_pkg']
[0.175s] Level 1:colcon.colcon_core.package_identification:_identify(src/elevation_mapping_cupy/docs/source) by extension 'colcon_pkg'
[0.175s] Level 1:colcon.colcon_core.package_identification:_identify(src/elevation_mapping_cupy/docs/source) by extensions ['colcon_meta']
[0.175s] Level 1:colcon.colcon_core.package_identification:_identify(src/elevation_mapping_cupy/docs/source) by extension 'colcon_meta'
[0.175s] Level 1:colcon.colcon_core.package_identification:_identify(src/elevation_mapping_cupy/docs/source) by extensions ['ros']
[0.175s] Level 1:colcon.colcon_core.package_identification:_identify(src/elevation_mapping_cupy/docs/source) by extension 'ros'
[0.176s] Level 1:colcon.colcon_core.package_identification:_identify(src/elevation_mapping_cupy/docs/source) by extensions ['cmake', 'python']
[0.176s] Level 1:colcon.colcon_core.package_identification:_identify(src/elevation_mapping_cupy/docs/source) by extension 'cmake'
[0.176s] Level 1:colcon.colcon_core.package_identification:_identify(src/elevation_mapping_cupy/docs/source) by extension 'python'
[0.176s] Level 1:colcon.colcon_core.package_identification:_identify(src/elevation_mapping_cupy/docs/source) by extensions ['python_setup_py']
[0.176s] Level 1:colcon.colcon_core.package_identification:_identify(src/elevation_mapping_cupy/docs/source) by extension 'python_setup_py'
[0.176s] Level 1:colcon.colcon_core.package_identification:_identify(src/elevation_mapping_cupy/docs/source/getting_started) by extensions ['ignore', 'ignore_ament_install']
[0.176s] Level 1:colcon.colcon_core.package_identification:_identify(src/elevation_mapping_cupy/docs/source/getting_started) by extension 'ignore'
[0.176s] Level 1:colcon.colcon_core.package_identification:_identify(src/elevation_mapping_cupy/docs/source/getting_started) by extension 'ignore_ament_install'
[0.176s] Level 1:colcon.colcon_core.package_identification:_identify(src/elevation_mapping_cupy/docs/source/getting_started) by extensions ['colcon_pkg']
[0.176s] Level 1:colcon.colcon_core.package_identification:_identify(src/elevation_mapping_cupy/docs/source/getting_started) by extension 'colcon_pkg'
[0.176s] Level 1:colcon.colcon_core.package_identification:_identify(src/elevation_mapping_cupy/docs/source/getting_started) by extensions ['colcon_meta']
[0.176s] Level 1:colcon.colcon_core.package_identification:_identify(src/elevation_mapping_cupy/docs/source/getting_started) by extension 'colcon_meta'
[0.176s] Level 1:colcon.colcon_core.package_identification:_identify(src/elevation_mapping_cupy/docs/source/getting_started) by extensions ['ros']
[0.176s] Level 1:colcon.colcon_core.package_identification:_identify(src/elevation_mapping_cupy/docs/source/getting_started) by extension 'ros'
[0.176s] Level 1:colcon.colcon_core.package_identification:_identify(src/elevation_mapping_cupy/docs/source/getting_started) by extensions ['cmake', 'python']
[0.176s] Level 1:colcon.colcon_core.package_identification:_identify(src/elevation_mapping_cupy/docs/source/getting_started) by extension 'cmake'
[0.176s] Level 1:colcon.colcon_core.package_identification:_identify(src/elevation_mapping_cupy/docs/source/getting_started) by extension 'python'
[0.176s] Level 1:colcon.colcon_core.package_identification:_identify(src/elevation_mapping_cupy/docs/source/getting_started) by extensions ['python_setup_py']
[0.176s] Level 1:colcon.colcon_core.package_identification:_identify(src/elevation_mapping_cupy/docs/source/getting_started) by extension 'python_setup_py'
[0.176s] Level 1:colcon.colcon_core.package_identification:_identify(src/elevation_mapping_cupy/docs/source/python) by extensions ['ignore', 'ignore_ament_install']
[0.177s] Level 1:colcon.colcon_core.package_identification:_identify(src/elevation_mapping_cupy/docs/source/python) by extension 'ignore'
[0.177s] Level 1:colcon.colcon_core.package_identification:_identify(src/elevation_mapping_cupy/docs/source/python) by extension 'ignore_ament_install'
[0.177s] Level 1:colcon.colcon_core.package_identification:_identify(src/elevation_mapping_cupy/docs/source/python) by extensions ['colcon_pkg']
[0.177s] Level 1:colcon.colcon_core.package_identification:_identify(src/elevation_mapping_cupy/docs/source/python) by extension 'colcon_pkg'
[0.177s] Level 1:colcon.colcon_core.package_identification:_identify(src/elevation_mapping_cupy/docs/source/python) by extensions ['colcon_meta']
[0.177s] Level 1:colcon.colcon_core.package_identification:_identify(src/elevation_mapping_cupy/docs/source/python) by extension 'colcon_meta'
[0.177s] Level 1:colcon.colcon_core.package_identification:_identify(src/elevation_mapping_cupy/docs/source/python) by extensions ['ros']
[0.177s] Level 1:colcon.colcon_core.package_identification:_identify(src/elevation_mapping_cupy/docs/source/python) by extension 'ros'
[0.177s] Level 1:colcon.colcon_core.package_identification:_identify(src/elevation_mapping_cupy/docs/source/python) by extensions ['cmake', 'python']
[0.177s] Level 1:colcon.colcon_core.package_identification:_identify(src/elevation_mapping_cupy/docs/source/python) by extension 'cmake'
[0.177s] Level 1:colcon.colcon_core.package_identification:_identify(src/elevation_mapping_cupy/docs/source/python) by extension 'python'
[0.177s] Level 1:colcon.colcon_core.package_identification:_identify(src/elevation_mapping_cupy/docs/source/python) by extensions ['python_setup_py']
[0.177s] Level 1:colcon.colcon_core.package_identification:_identify(src/elevation_mapping_cupy/docs/source/python) by extension 'python_setup_py'
[0.177s] Level 1:colcon.colcon_core.package_identification:_identify(src/elevation_mapping_cupy/docs/source/release_notes) by extensions ['ignore', 'ignore_ament_install']
[0.177s] Level 1:colcon.colcon_core.package_identification:_identify(src/elevation_mapping_cupy/docs/source/release_notes) by extension 'ignore'
[0.177s] Level 1:colcon.colcon_core.package_identification:_identify(src/elevation_mapping_cupy/docs/source/release_notes) by extension 'ignore_ament_install'
[0.177s] Level 1:colcon.colcon_core.package_identification:_identify(src/elevation_mapping_cupy/docs/source/release_notes) by extensions ['colcon_pkg']
[0.177s] Level 1:colcon.colcon_core.package_identification:_identify(src/elevation_mapping_cupy/docs/source/release_notes) by extension 'colcon_pkg'
[0.177s] Level 1:colcon.colcon_core.package_identification:_identify(src/elevation_mapping_cupy/docs/source/release_notes) by extensions ['colcon_meta']
[0.177s] Level 1:colcon.colcon_core.package_identification:_identify(src/elevation_mapping_cupy/docs/source/release_notes) by extension 'colcon_meta'
[0.178s] Level 1:colcon.colcon_core.package_identification:_identify(src/elevation_mapping_cupy/docs/source/release_notes) by extensions ['ros']
[0.178s] Level 1:colcon.colcon_core.package_identification:_identify(src/elevation_mapping_cupy/docs/source/release_notes) by extension 'ros'
[0.178s] Level 1:colcon.colcon_core.package_identification:_identify(src/elevation_mapping_cupy/docs/source/release_notes) by extensions ['cmake', 'python']
[0.178s] Level 1:colcon.colcon_core.package_identification:_identify(src/elevation_mapping_cupy/docs/source/release_notes) by extension 'cmake'
[0.178s] Level 1:colcon.colcon_core.package_identification:_identify(src/elevation_mapping_cupy/docs/source/release_notes) by extension 'python'
[0.178s] Level 1:colcon.colcon_core.package_identification:_identify(src/elevation_mapping_cupy/docs/source/release_notes) by extensions ['python_setup_py']
[0.178s] Level 1:colcon.colcon_core.package_identification:_identify(src/elevation_mapping_cupy/docs/source/release_notes) by extension 'python_setup_py'
[0.178s] Level 1:colcon.colcon_core.package_identification:_identify(src/elevation_mapping_cupy/docs/source/usage) by extensions ['ignore', 'ignore_ament_install']
[0.178s] Level 1:colcon.colcon_core.package_identification:_identify(src/elevation_mapping_cupy/docs/source/usage) by extension 'ignore'
[0.178s] Level 1:colcon.colcon_core.package_identification:_identify(src/elevation_mapping_cupy/docs/source/usage) by extension 'ignore_ament_install'
[0.178s] Level 1:colcon.colcon_core.package_identification:_identify(src/elevation_mapping_cupy/docs/source/usage) by extensions ['colcon_pkg']
[0.178s] Level 1:colcon.colcon_core.package_identification:_identify(src/elevation_mapping_cupy/docs/source/usage) by extension 'colcon_pkg'
[0.178s] Level 1:colcon.colcon_core.package_identification:_identify(src/elevation_mapping_cupy/docs/source/usage) by extensions ['colcon_meta']
[0.178s] Level 1:colcon.colcon_core.package_identification:_identify(src/elevation_mapping_cupy/docs/source/usage) by extension 'colcon_meta'
[0.178s] Level 1:colcon.colcon_core.package_identification:_identify(src/elevation_mapping_cupy/docs/source/usage) by extensions ['ros']
[0.178s] Level 1:colcon.colcon_core.package_identification:_identify(src/elevation_mapping_cupy/docs/source/usage) by extension 'ros'
[0.178s] Level 1:colcon.colcon_core.package_identification:_identify(src/elevation_mapping_cupy/docs/source/usage) by extensions ['cmake', 'python']
[0.178s] Level 1:colcon.colcon_core.package_identification:_identify(src/elevation_mapping_cupy/docs/source/usage) by extension 'cmake'
[0.178s] Level 1:colcon.colcon_core.package_identification:_identify(src/elevation_mapping_cupy/docs/source/usage) by extension 'python'
[0.178s] Level 1:colcon.colcon_core.package_identification:_identify(src/elevation_mapping_cupy/docs/source/usage) by extensions ['python_setup_py']
[0.178s] Level 1:colcon.colcon_core.package_identification:_identify(src/elevation_mapping_cupy/docs/source/usage) by extension 'python_setup_py'
[0.179s] Level 1:colcon.colcon_core.package_identification:_identify(src/elevation_mapping_cupy/elevation_map_msgs) by extensions ['ignore', 'ignore_ament_install']
[0.179s] Level 1:colcon.colcon_core.package_identification:_identify(src/elevation_mapping_cupy/elevation_map_msgs) by extension 'ignore'
[0.179s] Level 1:colcon.colcon_core.package_identification:_identify(src/elevation_mapping_cupy/elevation_map_msgs) by extension 'ignore_ament_install'
[0.179s] Level 1:colcon.colcon_core.package_identification:_identify(src/elevation_mapping_cupy/elevation_map_msgs) by extensions ['colcon_pkg']
[0.179s] Level 1:colcon.colcon_core.package_identification:_identify(src/elevation_mapping_cupy/elevation_map_msgs) by extension 'colcon_pkg'
[0.179s] Level 1:colcon.colcon_core.package_identification:_identify(src/elevation_mapping_cupy/elevation_map_msgs) by extensions ['colcon_meta']
[0.179s] Level 1:colcon.colcon_core.package_identification:_identify(src/elevation_mapping_cupy/elevation_map_msgs) by extension 'colcon_meta'
[0.179s] Level 1:colcon.colcon_core.package_identification:_identify(src/elevation_mapping_cupy/elevation_map_msgs) by extensions ['ros']
[0.179s] Level 1:colcon.colcon_core.package_identification:_identify(src/elevation_mapping_cupy/elevation_map_msgs) by extension 'ros'
[0.179s] DEBUG:colcon.colcon_core.package_identification:Package 'src/elevation_mapping_cupy/elevation_map_msgs' with type 'ros.ament_cmake' and name 'elevation_map_msgs'
[0.180s] Level 1:colcon.colcon_core.package_identification:_identify(src/elevation_mapping_cupy/elevation_mapping_cupy) by extensions ['ignore', 'ignore_ament_install']
[0.180s] Level 1:colcon.colcon_core.package_identification:_identify(src/elevation_mapping_cupy/elevation_mapping_cupy) by extension 'ignore'
[0.180s] Level 1:colcon.colcon_core.package_identification:_identify(src/elevation_mapping_cupy/elevation_mapping_cupy) by extension 'ignore_ament_install'
[0.180s] Level 1:colcon.colcon_core.package_identification:_identify(src/elevation_mapping_cupy/elevation_mapping_cupy) by extensions ['colcon_pkg']
[0.180s] Level 1:colcon.colcon_core.package_identification:_identify(src/elevation_mapping_cupy/elevation_mapping_cupy) by extension 'colcon_pkg'
[0.180s] Level 1:colcon.colcon_core.package_identification:_identify(src/elevation_mapping_cupy/elevation_mapping_cupy) by extensions ['colcon_meta']
[0.180s] Level 1:colcon.colcon_core.package_identification:_identify(src/elevation_mapping_cupy/elevation_mapping_cupy) by extension 'colcon_meta'
[0.180s] Level 1:colcon.colcon_core.package_identification:_identify(src/elevation_mapping_cupy/elevation_mapping_cupy) by extensions ['ros']
[0.180s] Level 1:colcon.colcon_core.package_identification:_identify(src/elevation_mapping_cupy/elevation_mapping_cupy) by extension 'ros'
[0.182s] DEBUG:colcon.colcon_core.package_identification:Package 'src/elevation_mapping_cupy/elevation_mapping_cupy' with type 'ros.ament_cmake' and name 'elevation_mapping_cupy'
[0.182s] Level 1:colcon.colcon_core.package_identification:_identify(src/elevation_mapping_cupy/plane_segmentation) by extensions ['ignore', 'ignore_ament_install']
[0.182s] Level 1:colcon.colcon_core.package_identification:_identify(src/elevation_mapping_cupy/plane_segmentation) by extension 'ignore'
[0.182s] Level 1:colcon.colcon_core.package_identification:_identify(src/elevation_mapping_cupy/plane_segmentation) ignored
[0.182s] Level 1:colcon.colcon_core.package_identification:_identify(src/elevation_mapping_cupy/scripts) by extensions ['ignore', 'ignore_ament_install']
[0.182s] Level 1:colcon.colcon_core.package_identification:_identify(src/elevation_mapping_cupy/scripts) by extension 'ignore'
[0.182s] Level 1:colcon.colcon_core.package_identification:_identify(src/elevation_mapping_cupy/scripts) by extension 'ignore_ament_install'
[0.182s] Level 1:colcon.colcon_core.package_identification:_identify(src/elevation_mapping_cupy/scripts) by extensions ['colcon_pkg']
[0.182s] Level 1:colcon.colcon_core.package_identification:_identify(src/elevation_mapping_cupy/scripts) by extension 'colcon_pkg'
[0.182s] Level 1:colcon.colcon_core.package_identification:_identify(src/elevation_mapping_cupy/scripts) by extensions ['colcon_meta']
[0.182s] Level 1:colcon.colcon_core.package_identification:_identify(src/elevation_mapping_cupy/scripts) by extension 'colcon_meta'
[0.182s] Level 1:colcon.colcon_core.package_identification:_identify(src/elevation_mapping_cupy/scripts) by extensions ['ros']
[0.182s] Level 1:colcon.colcon_core.package_identification:_identify(src/elevation_mapping_cupy/scripts) by extension 'ros'
[0.182s] Level 1:colcon.colcon_core.package_identification:_identify(src/elevation_mapping_cupy/scripts) by extensions ['cmake', 'python']
[0.182s] Level 1:colcon.colcon_core.package_identification:_identify(src/elevation_mapping_cupy/scripts) by extension 'cmake'
[0.182s] Level 1:colcon.colcon_core.package_identification:_identify(src/elevation_mapping_cupy/scripts) by extension 'python'
[0.182s] Level 1:colcon.colcon_core.package_identification:_identify(src/elevation_mapping_cupy/scripts) by extensions ['python_setup_py']
[0.183s] Level 1:colcon.colcon_core.package_identification:_identify(src/elevation_mapping_cupy/scripts) by extension 'python_setup_py'
[0.183s] Level 1:colcon.colcon_core.package_identification:_identify(src/elevation_mapping_cupy/scripts/ci) by extensions ['ignore', 'ignore_ament_install']
[0.183s] Level 1:colcon.colcon_core.package_identification:_identify(src/elevation_mapping_cupy/scripts/ci) by extension 'ignore'
[0.183s] Level 1:colcon.colcon_core.package_identification:_identify(src/elevation_mapping_cupy/scripts/ci) by extension 'ignore_ament_install'
[0.183s] Level 1:colcon.colcon_core.package_identification:_identify(src/elevation_mapping_cupy/scripts/ci) by extensions ['colcon_pkg']
[0.183s] Level 1:colcon.colcon_core.package_identification:_identify(src/elevation_mapping_cupy/scripts/ci) by extension 'colcon_pkg'
[0.183s] Level 1:colcon.colcon_core.package_identification:_identify(src/elevation_mapping_cupy/scripts/ci) by extensions ['colcon_meta']
[0.183s] Level 1:colcon.colcon_core.package_identification:_identify(src/elevation_mapping_cupy/scripts/ci) by extension 'colcon_meta'
[0.183s] Level 1:colcon.colcon_core.package_identification:_identify(src/elevation_mapping_cupy/scripts/ci) by extensions ['ros']
[0.183s] Level 1:colcon.colcon_core.package_identification:_identify(src/elevation_mapping_cupy/scripts/ci) by extension 'ros'
[0.183s] Level 1:colcon.colcon_core.package_identification:_identify(src/elevation_mapping_cupy/scripts/ci) by extensions ['cmake', 'python']
[0.183s] Level 1:colcon.colcon_core.package_identification:_identify(src/elevation_mapping_cupy/scripts/ci) by extension 'cmake'
[0.183s] Level 1:colcon.colcon_core.package_identification:_identify(src/elevation_mapping_cupy/scripts/ci) by extension 'python'
[0.183s] Level 1:colcon.colcon_core.package_identification:_identify(src/elevation_mapping_cupy/scripts/ci) by extensions ['python_setup_py']
[0.183s] Level 1:colcon.colcon_core.package_identification:_identify(src/elevation_mapping_cupy/scripts/ci) by extension 'python_setup_py'
[0.183s] Level 1:colcon.colcon_core.package_identification:_identify(src/elevation_mapping_cupy/sensor_processing) by extensions ['ignore', 'ignore_ament_install']
[0.183s] Level 1:colcon.colcon_core.package_identification:_identify(src/elevation_mapping_cupy/sensor_processing) by extension 'ignore'
[0.183s] Level 1:colcon.colcon_core.package_identification:_identify(src/elevation_mapping_cupy/sensor_processing) by extension 'ignore_ament_install'
[0.183s] Level 1:colcon.colcon_core.package_identification:_identify(src/elevation_mapping_cupy/sensor_processing) by extensions ['colcon_pkg']
[0.184s] Level 1:colcon.colcon_core.package_identification:_identify(src/elevation_mapping_cupy/sensor_processing) by extension 'colcon_pkg'
[0.184s] Level 1:colcon.colcon_core.package_identification:_identify(src/elevation_mapping_cupy/sensor_processing) by extensions ['colcon_meta']
[0.184s] Level 1:colcon.colcon_core.package_identification:_identify(src/elevation_mapping_cupy/sensor_processing) by extension 'colcon_meta'
[0.184s] Level 1:colcon.colcon_core.package_identification:_identify(src/elevation_mapping_cupy/sensor_processing) by extensions ['ros']
[0.184s] Level 1:colcon.colcon_core.package_identification:_identify(src/elevation_mapping_cupy/sensor_processing) by extension 'ros'
[0.184s] Level 1:colcon.colcon_core.package_identification:_identify(src/elevation_mapping_cupy/sensor_processing) by extensions ['cmake', 'python']
[0.184s] Level 1:colcon.colcon_core.package_identification:_identify(src/elevation_mapping_cupy/sensor_processing) by extension 'cmake'
[0.184s] Level 1:colcon.colcon_core.package_identification:_identify(src/elevation_mapping_cupy/sensor_processing) by extension 'python'
[0.184s] Level 1:colcon.colcon_core.package_identification:_identify(src/elevation_mapping_cupy/sensor_processing) by extensions ['python_setup_py']
[0.184s] Level 1:colcon.colcon_core.package_identification:_identify(src/elevation_mapping_cupy/sensor_processing) by extension 'python_setup_py'
[0.184s] Level 1:colcon.colcon_core.package_identification:_identify(src/elevation_mapping_cupy/sensor_processing/semantic_sensor) by extensions ['ignore', 'ignore_ament_install']
[0.184s] Level 1:colcon.colcon_core.package_identification:_identify(src/elevation_mapping_cupy/sensor_processing/semantic_sensor) by extension 'ignore'
[0.184s] Level 1:colcon.colcon_core.package_identification:_identify(src/elevation_mapping_cupy/sensor_processing/semantic_sensor) by extension 'ignore_ament_install'
[0.184s] Level 1:colcon.colcon_core.package_identification:_identify(src/elevation_mapping_cupy/sensor_processing/semantic_sensor) by extensions ['colcon_pkg']
[0.184s] Level 1:colcon.colcon_core.package_identification:_identify(src/elevation_mapping_cupy/sensor_processing/semantic_sensor) by extension 'colcon_pkg'
[0.184s] Level 1:colcon.colcon_core.package_identification:_identify(src/elevation_mapping_cupy/sensor_processing/semantic_sensor) by extensions ['colcon_meta']
[0.184s] Level 1:colcon.colcon_core.package_identification:_identify(src/elevation_mapping_cupy/sensor_processing/semantic_sensor) by extension 'colcon_meta'
[0.184s] Level 1:colcon.colcon_core.package_identification:_identify(src/elevation_mapping_cupy/sensor_processing/semantic_sensor) by extensions ['ros']
[0.184s] Level 1:colcon.colcon_core.package_identification:_identify(src/elevation_mapping_cupy/sensor_processing/semantic_sensor) by extension 'ros'
[0.185s] DEBUG:colcon.colcon_core.package_identification:Package 'src/elevation_mapping_cupy/sensor_processing/semantic_sensor' with type 'ros.ament_python' and name 'semantic_sensor'
[0.185s] Level 1:colcon.colcon_core.package_identification:_identify(src/nebula2-wildos-main) by extensions ['ignore', 'ignore_ament_install']
[0.186s] Level 1:colcon.colcon_core.package_identification:_identify(src/nebula2-wildos-main) by extension 'ignore'
[0.186s] Level 1:colcon.colcon_core.package_identification:_identify(src/nebula2-wildos-main) by extension 'ignore_ament_install'
[0.186s] Level 1:colcon.colcon_core.package_identification:_identify(src/nebula2-wildos-main) by extensions ['colcon_pkg']
[0.186s] Level 1:colcon.colcon_core.package_identification:_identify(src/nebula2-wildos-main) by extension 'colcon_pkg'
[0.186s] Level 1:colcon.colcon_core.package_identification:_identify(src/nebula2-wildos-main) by extensions ['colcon_meta']
[0.186s] Level 1:colcon.colcon_core.package_identification:_identify(src/nebula2-wildos-main) by extension 'colcon_meta'
[0.186s] Level 1:colcon.colcon_core.package_identification:_identify(src/nebula2-wildos-main) by extensions ['ros']
[0.186s] Level 1:colcon.colcon_core.package_identification:_identify(src/nebula2-wildos-main) by extension 'ros'
[0.186s] Level 1:colcon.colcon_core.package_identification:_identify(src/nebula2-wildos-main) by extensions ['cmake', 'python']
[0.186s] Level 1:colcon.colcon_core.package_identification:_identify(src/nebula2-wildos-main) by extension 'cmake'
[0.186s] Level 1:colcon.colcon_core.package_identification:_identify(src/nebula2-wildos-main) by extension 'python'
[0.186s] Level 1:colcon.colcon_core.package_identification:_identify(src/nebula2-wildos-main) by extensions ['python_setup_py']
[0.186s] Level 1:colcon.colcon_core.package_identification:_identify(src/nebula2-wildos-main) by extension 'python_setup_py'
[0.186s] Level 1:colcon.colcon_core.package_identification:_identify(src/nebula2-wildos-main/assets) by extensions ['ignore', 'ignore_ament_install']
[0.186s] Level 1:colcon.colcon_core.package_identification:_identify(src/nebula2-wildos-main/assets) by extension 'ignore'
[0.186s] Level 1:colcon.colcon_core.package_identification:_identify(src/nebula2-wildos-main/assets) ignored
[0.186s] Level 1:colcon.colcon_core.package_identification:_identify(src/nebula2-wildos-main/ckpts) by extensions ['ignore', 'ignore_ament_install']
[0.187s] Level 1:colcon.colcon_core.package_identification:_identify(src/nebula2-wildos-main/ckpts) by extension 'ignore'
[0.187s] Level 1:colcon.colcon_core.package_identification:_identify(src/nebula2-wildos-main/ckpts) by extension 'ignore_ament_install'
[0.187s] Level 1:colcon.colcon_core.package_identification:_identify(src/nebula2-wildos-main/ckpts) by extensions ['colcon_pkg']
[0.187s] Level 1:colcon.colcon_core.package_identification:_identify(src/nebula2-wildos-main/ckpts) by extension 'colcon_pkg'
[0.187s] Level 1:colcon.colcon_core.package_identification:_identify(src/nebula2-wildos-main/ckpts) by extensions ['colcon_meta']
[0.187s] Level 1:colcon.colcon_core.package_identification:_identify(src/nebula2-wildos-main/ckpts) by extension 'colcon_meta'
[0.187s] Level 1:colcon.colcon_core.package_identification:_identify(src/nebula2-wildos-main/ckpts) by extensions ['ros']
[0.187s] Level 1:colcon.colcon_core.package_identification:_identify(src/nebula2-wildos-main/ckpts) by extension 'ros'
[0.187s] Level 1:colcon.colcon_core.package_identification:_identify(src/nebula2-wildos-main/ckpts) by extensions ['cmake', 'python']
[0.187s] Level 1:colcon.colcon_core.package_identification:_identify(src/nebula2-wildos-main/ckpts) by extension 'cmake'
[0.187s] Level 1:colcon.colcon_core.package_identification:_identify(src/nebula2-wildos-main/ckpts) by extension 'python'
[0.187s] Level 1:colcon.colcon_core.package_identification:_identify(src/nebula2-wildos-main/ckpts) by extensions ['python_setup_py']
[0.187s] Level 1:colcon.colcon_core.package_identification:_identify(src/nebula2-wildos-main/ckpts) by extension 'python_setup_py'
[0.187s] Level 1:colcon.colcon_core.package_identification:_identify(src/nebula2-wildos-main/explorfm) by extensions ['ignore', 'ignore_ament_install']
[0.187s] Level 1:colcon.colcon_core.package_identification:_identify(src/nebula2-wildos-main/explorfm) by extension 'ignore'
[0.187s] Level 1:colcon.colcon_core.package_identification:_identify(src/nebula2-wildos-main/explorfm) ignored
[0.187s] Level 1:colcon.colcon_core.package_identification:_identify(src/nebula2-wildos-main/explorfm_trainer) by extensions ['ignore', 'ignore_ament_install']
[0.187s] Level 1:colcon.colcon_core.package_identification:_identify(src/nebula2-wildos-main/explorfm_trainer) by extension 'ignore'
[0.187s] Level 1:colcon.colcon_core.package_identification:_identify(src/nebula2-wildos-main/explorfm_trainer) ignored
[0.188s] Level 1:colcon.colcon_core.package_identification:_identify(src/nebula2-wildos-main/gps_visualization) by extensions ['ignore', 'ignore_ament_install']
[0.188s] Level 1:colcon.colcon_core.package_identification:_identify(src/nebula2-wildos-main/gps_visualization) by extension 'ignore'
[0.188s] Level 1:colcon.colcon_core.package_identification:_identify(src/nebula2-wildos-main/gps_visualization) by extension 'ignore_ament_install'
[0.188s] Level 1:colcon.colcon_core.package_identification:_identify(src/nebula2-wildos-main/gps_visualization) by extensions ['colcon_pkg']
[0.188s] Level 1:colcon.colcon_core.package_identification:_identify(src/nebula2-wildos-main/gps_visualization) by extension 'colcon_pkg'
[0.188s] Level 1:colcon.colcon_core.package_identification:_identify(src/nebula2-wildos-main/gps_visualization) by extensions ['colcon_meta']
[0.188s] Level 1:colcon.colcon_core.package_identification:_identify(src/nebula2-wildos-main/gps_visualization) by extension 'colcon_meta'
[0.188s] Level 1:colcon.colcon_core.package_identification:_identify(src/nebula2-wildos-main/gps_visualization) by extensions ['ros']
[0.188s] Level 1:colcon.colcon_core.package_identification:_identify(src/nebula2-wildos-main/gps_visualization) by extension 'ros'
[0.188s] DEBUG:colcon.colcon_core.package_identification:Package 'src/nebula2-wildos-main/gps_visualization' with type 'ros.ament_cmake' and name 'gps_visualization'
[0.188s] Level 1:colcon.colcon_core.package_identification:_identify(src/nebula2-wildos-main/graaf_vendor) by extensions ['ignore', 'ignore_ament_install']
[0.189s] Level 1:colcon.colcon_core.package_identification:_identify(src/nebula2-wildos-main/graaf_vendor) by extension 'ignore'
[0.189s] Level 1:colcon.colcon_core.package_identification:_identify(src/nebula2-wildos-main/graaf_vendor) by extension 'ignore_ament_install'
[0.189s] Level 1:colcon.colcon_core.package_identification:_identify(src/nebula2-wildos-main/graaf_vendor) by extensions ['colcon_pkg']
[0.189s] Level 1:colcon.colcon_core.package_identification:_identify(src/nebula2-wildos-main/graaf_vendor) by extension 'colcon_pkg'
[0.189s] Level 1:colcon.colcon_core.package_identification:_identify(src/nebula2-wildos-main/graaf_vendor) by extensions ['colcon_meta']
[0.189s] Level 1:colcon.colcon_core.package_identification:_identify(src/nebula2-wildos-main/graaf_vendor) by extension 'colcon_meta'
[0.189s] Level 1:colcon.colcon_core.package_identification:_identify(src/nebula2-wildos-main/graaf_vendor) by extensions ['ros']
[0.189s] Level 1:colcon.colcon_core.package_identification:_identify(src/nebula2-wildos-main/graaf_vendor) by extension 'ros'
[0.189s] DEBUG:colcon.colcon_core.package_identification:Package 'src/nebula2-wildos-main/graaf_vendor' with type 'ros.ament_cmake' and name 'graaf_vendor'
[0.189s] Level 1:colcon.colcon_core.package_identification:_identify(src/nebula2-wildos-main/graphnav_builder) by extensions ['ignore', 'ignore_ament_install']
[0.189s] Level 1:colcon.colcon_core.package_identification:_identify(src/nebula2-wildos-main/graphnav_builder) by extension 'ignore'
[0.189s] Level 1:colcon.colcon_core.package_identification:_identify(src/nebula2-wildos-main/graphnav_builder) by extension 'ignore_ament_install'
[0.190s] Level 1:colcon.colcon_core.package_identification:_identify(src/nebula2-wildos-main/graphnav_builder) by extensions ['colcon_pkg']
[0.190s] Level 1:colcon.colcon_core.package_identification:_identify(src/nebula2-wildos-main/graphnav_builder) by extension 'colcon_pkg'
[0.190s] Level 1:colcon.colcon_core.package_identification:_identify(src/nebula2-wildos-main/graphnav_builder) by extensions ['colcon_meta']
[0.190s] Level 1:colcon.colcon_core.package_identification:_identify(src/nebula2-wildos-main/graphnav_builder) by extension 'colcon_meta'
[0.190s] Level 1:colcon.colcon_core.package_identification:_identify(src/nebula2-wildos-main/graphnav_builder) by extensions ['ros']
[0.190s] Level 1:colcon.colcon_core.package_identification:_identify(src/nebula2-wildos-main/graphnav_builder) by extension 'ros'
[0.190s] DEBUG:colcon.colcon_core.package_identification:Package 'src/nebula2-wildos-main/graphnav_builder' with type 'ros.ament_python' and name 'graphnav_builder'
[0.190s] Level 1:colcon.colcon_core.package_identification:_identify(src/nebula2-wildos-main/graphnav_msgs) by extensions ['ignore', 'ignore_ament_install']
[0.190s] Level 1:colcon.colcon_core.package_identification:_identify(src/nebula2-wildos-main/graphnav_msgs) by extension 'ignore'
[0.190s] Level 1:colcon.colcon_core.package_identification:_identify(src/nebula2-wildos-main/graphnav_msgs) by extension 'ignore_ament_install'
[0.190s] Level 1:colcon.colcon_core.package_identification:_identify(src/nebula2-wildos-main/graphnav_msgs) by extensions ['colcon_pkg']
[0.190s] Level 1:colcon.colcon_core.package_identification:_identify(src/nebula2-wildos-main/graphnav_msgs) by extension 'colcon_pkg'
[0.191s] Level 1:colcon.colcon_core.package_identification:_identify(src/nebula2-wildos-main/graphnav_msgs) by extensions ['colcon_meta']
[0.191s] Level 1:colcon.colcon_core.package_identification:_identify(src/nebula2-wildos-main/graphnav_msgs) by extension 'colcon_meta'
[0.191s] Level 1:colcon.colcon_core.package_identification:_identify(src/nebula2-wildos-main/graphnav_msgs) by extensions ['ros']
[0.191s] Level 1:colcon.colcon_core.package_identification:_identify(src/nebula2-wildos-main/graphnav_msgs) by extension 'ros'
[0.191s] DEBUG:colcon.colcon_core.package_identification:Package 'src/nebula2-wildos-main/graphnav_msgs' with type 'ros.ament_cmake' and name 'graphnav_msgs'
[0.191s] Level 1:colcon.colcon_core.package_identification:_identify(src/nebula2-wildos-main/graphnav_planner) by extensions ['ignore', 'ignore_ament_install']
[0.191s] Level 1:colcon.colcon_core.package_identification:_identify(src/nebula2-wildos-main/graphnav_planner) by extension 'ignore'
[0.191s] Level 1:colcon.colcon_core.package_identification:_identify(src/nebula2-wildos-main/graphnav_planner) by extension 'ignore_ament_install'
[0.191s] Level 1:colcon.colcon_core.package_identification:_identify(src/nebula2-wildos-main/graphnav_planner) by extensions ['colcon_pkg']
[0.191s] Level 1:colcon.colcon_core.package_identification:_identify(src/nebula2-wildos-main/graphnav_planner) by extension 'colcon_pkg'
[0.191s] Level 1:colcon.colcon_core.package_identification:_identify(src/nebula2-wildos-main/graphnav_planner) by extensions ['colcon_meta']
[0.191s] Level 1:colcon.colcon_core.package_identification:_identify(src/nebula2-wildos-main/graphnav_planner) by extension 'colcon_meta'
[0.191s] Level 1:colcon.colcon_core.package_identification:_identify(src/nebula2-wildos-main/graphnav_planner) by extensions ['ros']
[0.192s] Level 1:colcon.colcon_core.package_identification:_identify(src/nebula2-wildos-main/graphnav_planner) by extension 'ros'
[0.192s] DEBUG:colcon.colcon_core.package_identification:Package 'src/nebula2-wildos-main/graphnav_planner' with type 'ros.ament_cmake' and name 'graphnav_planner'
[0.192s] Level 1:colcon.colcon_core.package_identification:_identify(src/nebula2-wildos-main/nvidia_radio) by extensions ['ignore', 'ignore_ament_install']
[0.193s] Level 1:colcon.colcon_core.package_identification:_identify(src/nebula2-wildos-main/nvidia_radio) by extension 'ignore'
[0.193s] Level 1:colcon.colcon_core.package_identification:_identify(src/nebula2-wildos-main/nvidia_radio) ignored
[0.193s] Level 1:colcon.colcon_core.package_identification:_identify(src/nebula2-wildos-main/object_search_msgs) by extensions ['ignore', 'ignore_ament_install']
[0.193s] Level 1:colcon.colcon_core.package_identification:_identify(src/nebula2-wildos-main/object_search_msgs) by extension 'ignore'
[0.193s] Level 1:colcon.colcon_core.package_identification:_identify(src/nebula2-wildos-main/object_search_msgs) by extension 'ignore_ament_install'
[0.193s] Level 1:colcon.colcon_core.package_identification:_identify(src/nebula2-wildos-main/object_search_msgs) by extensions ['colcon_pkg']
[0.193s] Level 1:colcon.colcon_core.package_identification:_identify(src/nebula2-wildos-main/object_search_msgs) by extension 'colcon_pkg'
[0.193s] Level 1:colcon.colcon_core.package_identification:_identify(src/nebula2-wildos-main/object_search_msgs) by extensions ['colcon_meta']
[0.193s] Level 1:colcon.colcon_core.package_identification:_identify(src/nebula2-wildos-main/object_search_msgs) by extension 'colcon_meta'
[0.193s] Level 1:colcon.colcon_core.package_identification:_identify(src/nebula2-wildos-main/object_search_msgs) by extensions ['ros']
[0.193s] Level 1:colcon.colcon_core.package_identification:_identify(src/nebula2-wildos-main/object_search_msgs) by extension 'ros'
[0.194s] DEBUG:colcon.colcon_core.package_identification:Package 'src/nebula2-wildos-main/object_search_msgs' with type 'ros.ament_cmake' and name 'object_search_msgs'
[0.194s] Level 1:colcon.colcon_core.package_identification:_identify(src/nebula2-wildos-main/triangulation3d) by extensions ['ignore', 'ignore_ament_install']
[0.194s] Level 1:colcon.colcon_core.package_identification:_identify(src/nebula2-wildos-main/triangulation3d) by extension 'ignore'
[0.194s] Level 1:colcon.colcon_core.package_identification:_identify(src/nebula2-wildos-main/triangulation3d) by extension 'ignore_ament_install'
[0.194s] Level 1:colcon.colcon_core.package_identification:_identify(src/nebula2-wildos-main/triangulation3d) by extensions ['colcon_pkg']
[0.194s] Level 1:colcon.colcon_core.package_identification:_identify(src/nebula2-wildos-main/triangulation3d) by extension 'colcon_pkg'
[0.194s] Level 1:colcon.colcon_core.package_identification:_identify(src/nebula2-wildos-main/triangulation3d) by extensions ['colcon_meta']
[0.194s] Level 1:colcon.colcon_core.package_identification:_identify(src/nebula2-wildos-main/triangulation3d) by extension 'colcon_meta'
[0.194s] Level 1:colcon.colcon_core.package_identification:_identify(src/nebula2-wildos-main/triangulation3d) by extensions ['ros']
[0.194s] Level 1:colcon.colcon_core.package_identification:_identify(src/nebula2-wildos-main/triangulation3d) by extension 'ros'
[0.194s] DEBUG:colcon.colcon_core.package_identification:Package 'src/nebula2-wildos-main/triangulation3d' with type 'ros.ament_python' and name 'triangulation3d'
[0.195s] Level 1:colcon.colcon_core.package_identification:_identify(src/nebula2-wildos-main/visual_navigation) by extensions ['ignore', 'ignore_ament_install']
[0.195s] Level 1:colcon.colcon_core.package_identification:_identify(src/nebula2-wildos-main/visual_navigation) by extension 'ignore'
[0.195s] Level 1:colcon.colcon_core.package_identification:_identify(src/nebula2-wildos-main/visual_navigation) by extension 'ignore_ament_install'
[0.195s] Level 1:colcon.colcon_core.package_identification:_identify(src/nebula2-wildos-main/visual_navigation) by extensions ['colcon_pkg']
[0.195s] Level 1:colcon.colcon_core.package_identification:_identify(src/nebula2-wildos-main/visual_navigation) by extension 'colcon_pkg'
[0.195s] Level 1:colcon.colcon_core.package_identification:_identify(src/nebula2-wildos-main/visual_navigation) by extensions ['colcon_meta']
[0.195s] Level 1:colcon.colcon_core.package_identification:_identify(src/nebula2-wildos-main/visual_navigation) by extension 'colcon_meta'
[0.195s] Level 1:colcon.colcon_core.package_identification:_identify(src/nebula2-wildos-main/visual_navigation) by extensions ['ros']
[0.195s] Level 1:colcon.colcon_core.package_identification:_identify(src/nebula2-wildos-main/visual_navigation) by extension 'ros'
[0.195s] DEBUG:colcon.colcon_core.package_identification:Package 'src/nebula2-wildos-main/visual_navigation' with type 'ros.ament_python' and name 'visual_navigation'
[0.195s] Level 1:colcon.colcon_core.package_identification:_identify(src/ros2_numpy) by extensions ['ignore', 'ignore_ament_install']
[0.196s] Level 1:colcon.colcon_core.package_identification:_identify(src/ros2_numpy) by extension 'ignore'
[0.196s] Level 1:colcon.colcon_core.package_identification:_identify(src/ros2_numpy) by extension 'ignore_ament_install'
[0.196s] Level 1:colcon.colcon_core.package_identification:_identify(src/ros2_numpy) by extensions ['colcon_pkg']
[0.196s] Level 1:colcon.colcon_core.package_identification:_identify(src/ros2_numpy) by extension 'colcon_pkg'
[0.196s] Level 1:colcon.colcon_core.package_identification:_identify(src/ros2_numpy) by extensions ['colcon_meta']
[0.196s] Level 1:colcon.colcon_core.package_identification:_identify(src/ros2_numpy) by extension 'colcon_meta'
[0.196s] Level 1:colcon.colcon_core.package_identification:_identify(src/ros2_numpy) by extensions ['ros']
[0.196s] Level 1:colcon.colcon_core.package_identification:_identify(src/ros2_numpy) by extension 'ros'
[0.197s] DEBUG:colcon.colcon_core.package_identification:Package 'src/ros2_numpy' with type 'ros.ament_cmake' and name 'ros2_numpy'
[0.197s] Level 1:colcon.colcon_core.package_discovery:discover_packages(recursive) using defaults
[0.197s] Level 1:colcon.colcon_core.package_discovery:discover_packages(ignore) discover
[0.197s] Level 1:colcon.colcon_core.package_discovery:discover_packages(ignore) using defaults
[0.197s] Level 1:colcon.colcon_core.package_discovery:discover_packages(path) discover
[0.197s] Level 1:colcon.colcon_core.package_discovery:discover_packages(path) using defaults
[0.216s] INFO:colcon.colcon_core.package_selection:Skipping not selected package 'direct_lidar_inertial_odometry' in 'src/direct_lidar_inertial_odometry-feature-ros2'
[0.216s] INFO:colcon.colcon_core.package_selection:Skipping not selected package 'elevation_map_msgs' in 'src/elevation_mapping_cupy/elevation_map_msgs'
[0.216s] INFO:colcon.colcon_core.package_selection:Skipping not selected package 'gps_visualization' in 'src/nebula2-wildos-main/gps_visualization'
[0.216s] INFO:colcon.colcon_core.package_selection:Skipping not selected package 'graaf_vendor' in 'src/nebula2-wildos-main/graaf_vendor'
[0.216s] INFO:colcon.colcon_core.package_selection:Skipping not selected package 'graphnav_msgs' in 'src/nebula2-wildos-main/graphnav_msgs'
[0.216s] INFO:colcon.colcon_core.package_selection:Skipping not selected package 'object_search_msgs' in 'src/nebula2-wildos-main/object_search_msgs'
[0.216s] INFO:colcon.colcon_core.package_selection:Skipping not selected package 'ros2_numpy' in 'src/ros2_numpy'
[0.216s] INFO:colcon.colcon_core.package_selection:Skipping not selected package 'triangulation3d' in 'src/nebula2-wildos-main/triangulation3d'
[0.216s] INFO:colcon.colcon_core.package_selection:Skipping not selected package 'graphnav_builder' in 'src/nebula2-wildos-main/graphnav_builder'
[0.216s] INFO:colcon.colcon_core.package_selection:Skipping not selected package 'graphnav_planner' in 'src/nebula2-wildos-main/graphnav_planner'
[0.216s] INFO:colcon.colcon_core.package_selection:Skipping not selected package 'semantic_sensor' in 'src/elevation_mapping_cupy/sensor_processing/semantic_sensor'
[0.216s] INFO:colcon.colcon_core.package_selection:Skipping not selected package 'visual_navigation' in 'src/nebula2-wildos-main/visual_navigation'
[0.216s] INFO:colcon.colcon_core.package_selection:Skipping not selected package 'dlio_gazebo_sim' in 'src/dlio_gazebo_sim'
[0.216s] Level 5:colcon.colcon_core.verb:set package 'elevation_mapping_cupy' build argument 'cmake_args' from command line to 'None'
[0.216s] Level 5:colcon.colcon_core.verb:set package 'elevation_mapping_cupy' build argument 'cmake_target' from command line to 'None'
[0.216s] Level 5:colcon.colcon_core.verb:set package 'elevation_mapping_cupy' build argument 'cmake_target_skip_unavailable' from command line to 'False'
[0.216s] Level 5:colcon.colcon_core.verb:set package 'elevation_mapping_cupy' build argument 'cmake_clean_cache' from command line to 'False'
[0.216s] Level 5:colcon.colcon_core.verb:set package 'elevation_mapping_cupy' build argument 'cmake_clean_first' from command line to 'False'
[0.216s] Level 5:colcon.colcon_core.verb:set package 'elevation_mapping_cupy' build argument 'cmake_force_configure' from command line to 'False'
[0.216s] Level 5:colcon.colcon_core.verb:set package 'elevation_mapping_cupy' build argument 'ament_cmake_args' from command line to 'None'
[0.216s] Level 5:colcon.colcon_core.verb:set package 'elevation_mapping_cupy' build argument 'catkin_cmake_args' from command line to 'None'
[0.216s] Level 5:colcon.colcon_core.verb:set package 'elevation_mapping_cupy' build argument 'catkin_skip_building_tests' from command line to 'False'
[0.216s] DEBUG:colcon.colcon_core.verb:Building package 'elevation_mapping_cupy' with the following arguments: {'ament_cmake_args': None, 'build_base': '/root/ros2_ws/build/elevation_mapping_cupy', 'catkin_cmake_args': None, 'catkin_skip_building_tests': False, 'cmake_args': None, 'cmake_clean_cache': False, 'cmake_clean_first': False, 'cmake_force_configure': False, 'cmake_target': None, 'cmake_target_skip_unavailable': False, 'install_base': '/root/ros2_ws/install/elevation_mapping_cupy', 'merge_install': False, 'path': '/root/ros2_ws/src/elevation_mapping_cupy/elevation_mapping_cupy', 'symlink_install': True, 'test_result_base': None}
[0.217s] INFO:colcon.colcon_core.executor:Executing jobs using 'parallel' executor
[0.217s] DEBUG:colcon.colcon_parallel_executor.executor.parallel:run_until_complete
[0.218s] INFO:colcon.colcon_ros.task.ament_cmake.build:Building ROS package in '/root/ros2_ws/src/elevation_mapping_cupy/elevation_mapping_cupy' with build type 'ament_cmake'
[0.218s] INFO:colcon.colcon_cmake.task.cmake.build:Building CMake package in '/root/ros2_ws/src/elevation_mapping_cupy/elevation_mapping_cupy'
[0.220s] INFO:colcon.colcon_core.plugin_system:Skipping extension 'colcon_core.shell.bat': Not used on non-Windows systems
[0.220s] INFO:colcon.colcon_core.shell:Skip shell extension 'powershell' for command environment: Not usable outside of PowerShell
[0.220s] DEBUG:colcon.colcon_core.shell:Skip shell extension 'dsv' for command environment
[0.232s] DEBUG:colcon.colcon_core.event_handler.log_command:Invoking command in '/root/ros2_ws/build/elevation_mapping_cupy': AMENT_PREFIX_PATH=/root/ros2_ws/install/semantic_sensor:/root/ros2_ws/install/ros2_numpy:/root/ros2_ws/install/elevation_map_msgs:${AMENT_PREFIX_PATH} CMAKE_PREFIX_PATH=/root/ros2_ws/install/ros2_numpy:/root/ros2_ws/install/elevation_map_msgs:/opt/ros/jazzy/opt/gz_sim_vendor:/opt/ros/jazzy/opt/gz_sensors_vendor:/opt/ros/jazzy/opt/gz_physics_vendor:/opt/ros/jazzy/opt/sdformat_vendor:/opt/ros/jazzy/opt/gz_gui_vendor:/opt/ros/jazzy/opt/gz_transport_vendor:/opt/ros/jazzy/opt/gz_rendering_vendor:/opt/ros/jazzy/opt/gz_plugin_vendor:/opt/ros/jazzy/opt/gz_fuel_tools_vendor:/opt/ros/jazzy/opt/gz_msgs_vendor:/opt/ros/jazzy/opt/gz_common_vendor:/opt/ros/jazzy/opt/gz_math_vendor:/opt/ros/jazzy/opt/gz_utils_vendor:/opt/ros/jazzy/opt/gz_tools_vendor:/opt/ros/jazzy/opt/gz_ogre_next_vendor:/opt/ros/jazzy/opt/gz_dartsim_vendor:/opt/ros/jazzy/opt/gz_cmake_vendor:/opt/ros/jazzy LD_LIBRARY_PATH=/root/ros2_ws/install/elevation_map_msgs/lib:${LD_LIBRARY_PATH} PYTHONPATH=/root/ros2_ws/build/semantic_sensor:/root/ros2_ws/install/semantic_sensor/lib/python3.12/site-packages:/root/ros2_ws/install/ros2_numpy/lib/python3.12/site-packages:/root/ros2_ws/install/elevation_map_msgs/lib/python3.12/site-packages:${PYTHONPATH} /usr/bin/cmake --build /root/ros2_ws/build/elevation_mapping_cupy -- -j8 -l8
[0.635s] DEBUG:colcon.colcon_core.event_handler.log_command:Invoked command in '/root/ros2_ws/build/elevation_mapping_cupy' returned '0': AMENT_PREFIX_PATH=/root/ros2_ws/install/semantic_sensor:/root/ros2_ws/install/ros2_numpy:/root/ros2_ws/install/elevation_map_msgs:${AMENT_PREFIX_PATH} CMAKE_PREFIX_PATH=/root/ros2_ws/install/ros2_numpy:/root/ros2_ws/install/elevation_map_msgs:/opt/ros/jazzy/opt/gz_sim_vendor:/opt/ros/jazzy/opt/gz_sensors_vendor:/opt/ros/jazzy/opt/gz_physics_vendor:/opt/ros/jazzy/opt/sdformat_vendor:/opt/ros/jazzy/opt/gz_gui_vendor:/opt/ros/jazzy/opt/gz_transport_vendor:/opt/ros/jazzy/opt/gz_rendering_vendor:/opt/ros/jazzy/opt/gz_plugin_vendor:/opt/ros/jazzy/opt/gz_fuel_tools_vendor:/opt/ros/jazzy/opt/gz_msgs_vendor:/opt/ros/jazzy/opt/gz_common_vendor:/opt/ros/jazzy/opt/gz_math_vendor:/opt/ros/jazzy/opt/gz_utils_vendor:/opt/ros/jazzy/opt/gz_tools_vendor:/opt/ros/jazzy/opt/gz_ogre_next_vendor:/opt/ros/jazzy/opt/gz_dartsim_vendor:/opt/ros/jazzy/opt/gz_cmake_vendor:/opt/ros/jazzy LD_LIBRARY_PATH=/root/ros2_ws/install/elevation_map_msgs/lib:${LD_LIBRARY_PATH} PYTHONPATH=/root/ros2_ws/build/semantic_sensor:/root/ros2_ws/install/semantic_sensor/lib/python3.12/site-packages:/root/ros2_ws/install/ros2_numpy/lib/python3.12/site-packages:/root/ros2_ws/install/elevation_map_msgs/lib/python3.12/site-packages:${PYTHONPATH} /usr/bin/cmake --build /root/ros2_ws/build/elevation_mapping_cupy -- -j8 -l8
[0.644s] DEBUG:colcon.colcon_core.event_handler.log_command:Invoking command in '/root/ros2_ws/build/elevation_mapping_cupy': AMENT_PREFIX_PATH=/root/ros2_ws/install/semantic_sensor:/root/ros2_ws/install/ros2_numpy:/root/ros2_ws/install/elevation_map_msgs:${AMENT_PREFIX_PATH} CMAKE_PREFIX_PATH=/root/ros2_ws/install/ros2_numpy:/root/ros2_ws/install/elevation_map_msgs:/opt/ros/jazzy/opt/gz_sim_vendor:/opt/ros/jazzy/opt/gz_sensors_vendor:/opt/ros/jazzy/opt/gz_physics_vendor:/opt/ros/jazzy/opt/sdformat_vendor:/opt/ros/jazzy/opt/gz_gui_vendor:/opt/ros/jazzy/opt/gz_transport_vendor:/opt/ros/jazzy/opt/gz_rendering_vendor:/opt/ros/jazzy/opt/gz_plugin_vendor:/opt/ros/jazzy/opt/gz_fuel_tools_vendor:/opt/ros/jazzy/opt/gz_msgs_vendor:/opt/ros/jazzy/opt/gz_common_vendor:/opt/ros/jazzy/opt/gz_math_vendor:/opt/ros/jazzy/opt/gz_utils_vendor:/opt/ros/jazzy/opt/gz_tools_vendor:/opt/ros/jazzy/opt/gz_ogre_next_vendor:/opt/ros/jazzy/opt/gz_dartsim_vendor:/opt/ros/jazzy/opt/gz_cmake_vendor:/opt/ros/jazzy LD_LIBRARY_PATH=/root/ros2_ws/install/elevation_map_msgs/lib:${LD_LIBRARY_PATH} PYTHONPATH=/root/ros2_ws/build/semantic_sensor:/root/ros2_ws/install/semantic_sensor/lib/python3.12/site-packages:/root/ros2_ws/install/ros2_numpy/lib/python3.12/site-packages:/root/ros2_ws/install/elevation_map_msgs/lib/python3.12/site-packages:${PYTHONPATH} /usr/bin/cmake --install /root/ros2_ws/build/elevation_mapping_cupy
[0.719s] Level 1:colcon.colcon_core.environment:create_environment_scripts_only(elevation_mapping_cupy)
[0.720s] DEBUG:colcon.colcon_core.event_handler.log_command:Invoked command in '/root/ros2_ws/build/elevation_mapping_cupy' returned '0': AMENT_PREFIX_PATH=/root/ros2_ws/install/semantic_sensor:/root/ros2_ws/install/ros2_numpy:/root/ros2_ws/install/elevation_map_msgs:${AMENT_PREFIX_PATH} CMAKE_PREFIX_PATH=/root/ros2_ws/install/ros2_numpy:/root/ros2_ws/install/elevation_map_msgs:/opt/ros/jazzy/opt/gz_sim_vendor:/opt/ros/jazzy/opt/gz_sensors_vendor:/opt/ros/jazzy/opt/gz_physics_vendor:/opt/ros/jazzy/opt/sdformat_vendor:/opt/ros/jazzy/opt/gz_gui_vendor:/opt/ros/jazzy/opt/gz_transport_vendor:/opt/ros/jazzy/opt/gz_rendering_vendor:/opt/ros/jazzy/opt/gz_plugin_vendor:/opt/ros/jazzy/opt/gz_fuel_tools_vendor:/opt/ros/jazzy/opt/gz_msgs_vendor:/opt/ros/jazzy/opt/gz_common_vendor:/opt/ros/jazzy/opt/gz_math_vendor:/opt/ros/jazzy/opt/gz_utils_vendor:/opt/ros/jazzy/opt/gz_tools_vendor:/opt/ros/jazzy/opt/gz_ogre_next_vendor:/opt/ros/jazzy/opt/gz_dartsim_vendor:/opt/ros/jazzy/opt/gz_cmake_vendor:/opt/ros/jazzy LD_LIBRARY_PATH=/root/ros2_ws/install/elevation_map_msgs/lib:${LD_LIBRARY_PATH} PYTHONPATH=/root/ros2_ws/build/semantic_sensor:/root/ros2_ws/install/semantic_sensor/lib/python3.12/site-packages:/root/ros2_ws/install/ros2_numpy/lib/python3.12/site-packages:/root/ros2_ws/install/elevation_map_msgs/lib/python3.12/site-packages:${PYTHONPATH} /usr/bin/cmake --install /root/ros2_ws/build/elevation_mapping_cupy
[0.721s] Level 1:colcon.colcon_core.environment:checking '/root/ros2_ws/install/elevation_mapping_cupy' for CMake module files
[0.722s] Level 1:colcon.colcon_core.environment:checking '/root/ros2_ws/install/elevation_mapping_cupy' for CMake config files
[0.722s] Level 1:colcon.colcon_core.shell:create_environment_hook('elevation_mapping_cupy', 'cmake_prefix_path')
[0.722s] INFO:colcon.colcon_core.shell:Creating environment hook '/root/ros2_ws/install/elevation_mapping_cupy/share/elevation_mapping_cupy/hook/cmake_prefix_path.ps1'
[0.723s] INFO:colcon.colcon_core.shell:Creating environment descriptor '/root/ros2_ws/install/elevation_mapping_cupy/share/elevation_mapping_cupy/hook/cmake_prefix_path.dsv'
[0.723s] INFO:colcon.colcon_core.shell:Creating environment hook '/root/ros2_ws/install/elevation_mapping_cupy/share/elevation_mapping_cupy/hook/cmake_prefix_path.sh'
[0.724s] Level 1:colcon.colcon_core.environment:checking '/root/ros2_ws/install/elevation_mapping_cupy/lib'
[0.724s] Level 1:colcon.colcon_core.environment:checking '/root/ros2_ws/install/elevation_mapping_cupy/bin'
[0.724s] Level 1:colcon.colcon_core.environment:checking '/root/ros2_ws/install/elevation_mapping_cupy/lib/pkgconfig/elevation_mapping_cupy.pc'
[0.725s] Level 1:colcon.colcon_core.environment:checking '/root/ros2_ws/install/elevation_mapping_cupy/lib/python3.12/site-packages'
[0.725s] Level 1:colcon.colcon_core.shell:create_environment_hook('elevation_mapping_cupy', 'pythonpath')
[0.725s] INFO:colcon.colcon_core.shell:Creating environment hook '/root/ros2_ws/install/elevation_mapping_cupy/share/elevation_mapping_cupy/hook/pythonpath.ps1'
[0.726s] INFO:colcon.colcon_core.shell:Creating environment descriptor '/root/ros2_ws/install/elevation_mapping_cupy/share/elevation_mapping_cupy/hook/pythonpath.dsv'
[0.726s] INFO:colcon.colcon_core.shell:Creating environment hook '/root/ros2_ws/install/elevation_mapping_cupy/share/elevation_mapping_cupy/hook/pythonpath.sh'
[0.726s] Level 1:colcon.colcon_core.environment:checking '/root/ros2_ws/install/elevation_mapping_cupy/bin'
[0.727s] INFO:colcon.colcon_core.shell:Creating package script '/root/ros2_ws/install/elevation_mapping_cupy/share/elevation_mapping_cupy/package.ps1'
[0.727s] INFO:colcon.colcon_core.shell:Creating package descriptor '/root/ros2_ws/install/elevation_mapping_cupy/share/elevation_mapping_cupy/package.dsv'
[0.728s] INFO:colcon.colcon_core.shell:Creating package script '/root/ros2_ws/install/elevation_mapping_cupy/share/elevation_mapping_cupy/package.sh'
[0.728s] INFO:colcon.colcon_core.shell:Creating package script '/root/ros2_ws/install/elevation_mapping_cupy/share/elevation_mapping_cupy/package.bash'
[0.729s] INFO:colcon.colcon_core.shell:Creating package script '/root/ros2_ws/install/elevation_mapping_cupy/share/elevation_mapping_cupy/package.zsh'
[0.729s] Level 1:colcon.colcon_core.environment:create_file_with_runtime_dependencies(/root/ros2_ws/install/elevation_mapping_cupy/share/colcon-core/packages/elevation_mapping_cupy)
[0.730s] Level 1:colcon.colcon_core.environment:create_environment_scripts_only(elevation_mapping_cupy)
[0.730s] Level 1:colcon.colcon_core.environment:checking '/root/ros2_ws/install/elevation_mapping_cupy' for CMake module files
[0.731s] Level 1:colcon.colcon_core.environment:checking '/root/ros2_ws/install/elevation_mapping_cupy' for CMake config files
[0.731s] Level 1:colcon.colcon_core.shell:create_environment_hook('elevation_mapping_cupy', 'cmake_prefix_path')
[0.731s] INFO:colcon.colcon_core.shell:Creating environment hook '/root/ros2_ws/install/elevation_mapping_cupy/share/elevation_mapping_cupy/hook/cmake_prefix_path.ps1'
[0.732s] INFO:colcon.colcon_core.shell:Creating environment descriptor '/root/ros2_ws/install/elevation_mapping_cupy/share/elevation_mapping_cupy/hook/cmake_prefix_path.dsv'
[0.732s] INFO:colcon.colcon_core.shell:Creating environment hook '/root/ros2_ws/install/elevation_mapping_cupy/share/elevation_mapping_cupy/hook/cmake_prefix_path.sh'
[0.732s] Level 1:colcon.colcon_core.environment:checking '/root/ros2_ws/install/elevation_mapping_cupy/lib'
[0.732s] Level 1:colcon.colcon_core.environment:checking '/root/ros2_ws/install/elevation_mapping_cupy/bin'
[0.732s] Level 1:colcon.colcon_core.environment:checking '/root/ros2_ws/install/elevation_mapping_cupy/lib/pkgconfig/elevation_mapping_cupy.pc'
[0.733s] Level 1:colcon.colcon_core.environment:checking '/root/ros2_ws/install/elevation_mapping_cupy/lib/python3.12/site-packages'
[0.733s] Level 1:colcon.colcon_core.shell:create_environment_hook('elevation_mapping_cupy', 'pythonpath')
[0.733s] INFO:colcon.colcon_core.shell:Creating environment hook '/root/ros2_ws/install/elevation_mapping_cupy/share/elevation_mapping_cupy/hook/pythonpath.ps1'
[0.733s] INFO:colcon.colcon_core.shell:Creating environment descriptor '/root/ros2_ws/install/elevation_mapping_cupy/share/elevation_mapping_cupy/hook/pythonpath.dsv'
[0.734s] INFO:colcon.colcon_core.shell:Creating environment hook '/root/ros2_ws/install/elevation_mapping_cupy/share/elevation_mapping_cupy/hook/pythonpath.sh'
[0.734s] Level 1:colcon.colcon_core.environment:checking '/root/ros2_ws/install/elevation_mapping_cupy/bin'
[0.734s] INFO:colcon.colcon_core.shell:Creating package script '/root/ros2_ws/install/elevation_mapping_cupy/share/elevation_mapping_cupy/package.ps1'
[0.735s] INFO:colcon.colcon_core.shell:Creating package descriptor '/root/ros2_ws/install/elevation_mapping_cupy/share/elevation_mapping_cupy/package.dsv'
[0.735s] INFO:colcon.colcon_core.shell:Creating package script '/root/ros2_ws/install/elevation_mapping_cupy/share/elevation_mapping_cupy/package.sh'
[0.736s] INFO:colcon.colcon_core.shell:Creating package script '/root/ros2_ws/install/elevation_mapping_cupy/share/elevation_mapping_cupy/package.bash'
[0.736s] INFO:colcon.colcon_core.shell:Creating package script '/root/ros2_ws/install/elevation_mapping_cupy/share/elevation_mapping_cupy/package.zsh'
[0.736s] Level 1:colcon.colcon_core.environment:create_file_with_runtime_dependencies(/root/ros2_ws/install/elevation_mapping_cupy/share/colcon-core/packages/elevation_mapping_cupy)
[0.737s] DEBUG:colcon.colcon_parallel_executor.executor.parallel:closing loop
[0.737s] DEBUG:colcon.colcon_parallel_executor.executor.parallel:loop closed
[0.737s] DEBUG:colcon.colcon_parallel_executor.executor.parallel:run_until_complete finished with '0'
[0.737s] DEBUG:colcon.colcon_core.event_reactor:joining thread
[0.743s] INFO:colcon.colcon_core.plugin_system:Skipping extension 'colcon_notification.desktop_notification.notify_send': Could not find 'notify-send'
[0.743s] INFO:colcon.colcon_core.plugin_system:Skipping extension 'colcon_notification.desktop_notification.terminal_notifier': Not used on non-Darwin systems
[0.743s] INFO:colcon.colcon_core.plugin_system:Skipping extension 'colcon_notification.desktop_notification.win32': Not used on non-Windows systems
[0.743s] INFO:colcon.colcon_notification.desktop_notification:Sending desktop notification using 'notify2'
[0.746s] DEBUG:colcon.colcon_notification.desktop_notification.notify2:Failed to initialize notify2: org.freedesktop.DBus.Error.Spawn.ExecFailed: /usr/bin/dbus-launch terminated abnormally without any error message
[0.746s] DEBUG:colcon.colcon_core.event_reactor:joined thread
[0.746s] INFO:colcon.colcon_core.shell:Creating prefix script '/root/ros2_ws/install/local_setup.ps1'
[0.747s] INFO:colcon.colcon_core.shell:Creating prefix util module '/root/ros2_ws/install/_local_setup_util_ps1.py'
[0.748s] INFO:colcon.colcon_core.shell:Creating prefix chain script '/root/ros2_ws/install/setup.ps1'
[0.749s] INFO:colcon.colcon_core.shell:Creating prefix script '/root/ros2_ws/install/local_setup.sh'
[0.749s] INFO:colcon.colcon_core.shell:Creating prefix util module '/root/ros2_ws/install/_local_setup_util_sh.py'
[0.750s] INFO:colcon.colcon_core.shell:Creating prefix chain script '/root/ros2_ws/install/setup.sh'
[0.751s] INFO:colcon.colcon_core.shell:Creating prefix script '/root/ros2_ws/install/local_setup.bash'
[0.751s] INFO:colcon.colcon_core.shell:Creating prefix chain script '/root/ros2_ws/install/setup.bash'
[0.752s] INFO:colcon.colcon_core.shell:Creating prefix script '/root/ros2_ws/install/local_setup.zsh'
[0.752s] INFO:colcon.colcon_core.shell:Creating prefix chain script '/root/ros2_ws/install/setup.zsh'
