[1.201s] Invoking command in '/root/ros2_ws/build/dlio_gazebo_sim': AMENT_PREFIX_PATH=/root/ros2_ws/install/elevation_mapping_cupy:/root/ros2_ws/install/semantic_sensor:/root/ros2_ws/install/graphnav_builder:/root/ros2_ws/install/ros2_numpy:/root/ros2_ws/install/graphnav_msgs:/root/ros2_ws/install/elevation_map_msgs:/root/ros2_ws/install/direct_lidar_inertial_odometry:${AMENT_PREFIX_PATH} CMAKE_PREFIX_PATH=/root/ros2_ws/install/elevation_mapping_cupy:/root/ros2_ws/install/ros2_numpy:/root/ros2_ws/install/graphnav_msgs:/root/ros2_ws/install/elevation_map_msgs:/root/ros2_ws/install/direct_lidar_inertial_odometry:${CMAKE_PREFIX_PATH} LD_LIBRARY_PATH=/root/ros2_ws/install/graphnav_msgs/lib:/root/ros2_ws/install/elevation_map_msgs/lib:/root/ros2_ws/install/direct_lidar_inertial_odometry/lib:${LD_LIBRARY_PATH} PATH=/root/ros2_ws/install/graphnav_builder/bin:${PATH} PYTHONPATH=/root/ros2_ws/build/dlio_gazebo_sim/prefix_override:/usr/lib/python3/dist-packages/colcon_core/task/python/colcon_distutils_commands:/root/ros2_ws/install/dlio_gazebo_sim/lib/python3.12/site-packages:/root/ros2_ws/install/elevation_mapping_cupy/lib/python3.12/site-packages:/root/ros2_ws/build/semantic_sensor:/root/ros2_ws/install/semantic_sensor/lib/python3.12/site-packages:/root/ros2_ws/build/graphnav_builder:/root/ros2_ws/install/graphnav_builder/lib/python3.12/site-packages:/root/ros2_ws/install/ros2_numpy/lib/python3.12/site-packages:/root/ros2_ws/install/graphnav_msgs/lib/python3.12/site-packages:/root/ros2_ws/install/elevation_map_msgs/lib/python3.12/site-packages:/root/ros2_ws/install/direct_lidar_inertial_odometry/lib/python3.12/site-packages:${PYTHONPATH} /usr/bin/python3 -W ignore:setup.py install is deprecated -W ignore:easy_install command is deprecated setup.py develop --editable --build-directory /root/ros2_ws/build/dlio_gazebo_sim/build --no-deps symlink_data --force
[1.600s] running develop
[1.842s] running egg_info
[1.867s] writing dlio_gazebo_sim.egg-info/PKG-INFO
[1.867s] writing dependency_links to dlio_gazebo_sim.egg-info/dependency_links.txt
[1.867s] writing entry points to dlio_gazebo_sim.egg-info/entry_points.txt
[1.867s] writing requirements to dlio_gazebo_sim.egg-info/requires.txt
[1.867s] writing top-level names to dlio_gazebo_sim.egg-info/top_level.txt
[1.915s] reading manifest file 'dlio_gazebo_sim.egg-info/SOURCES.txt'
[1.916s] writing manifest file 'dlio_gazebo_sim.egg-info/SOURCES.txt'
[1.940s] running build_ext
[1.943s] Creating /root/ros2_ws/install/dlio_gazebo_sim/lib/python3.12/site-packages/dlio-gazebo-sim.egg-link (link to .)
[1.944s] Installing circle_cmd script to /root/ros2_ws/install/dlio_gazebo_sim/lib/dlio_gazebo_sim
[1.944s] Installing gazebo_cloud_adapter script to /root/ros2_ws/install/dlio_gazebo_sim/lib/dlio_gazebo_sim
[1.945s] Installing grid_threshold_markers script to /root/ros2_ws/install/dlio_gazebo_sim/lib/dlio_gazebo_sim
[1.945s] Installing nav_graph_markers script to /root/ros2_ws/install/dlio_gazebo_sim/lib/dlio_gazebo_sim
[1.945s] Installing synthetic_dlio_sensors script to /root/ros2_ws/install/dlio_gazebo_sim/lib/dlio_gazebo_sim
[1.945s] 
[1.945s] Installed /root/ros2_ws/build/dlio_gazebo_sim
[1.946s] running symlink_data
[1.946s] symbolically linking /root/ros2_ws/build/dlio_gazebo_sim/resource/dlio_gazebo_sim -> /root/ros2_ws/install/dlio_gazebo_sim/share/ament_index/resource_index/packages
[1.946s] symbolically linking /root/ros2_ws/build/dlio_gazebo_sim/package.xml -> /root/ros2_ws/install/dlio_gazebo_sim/share/dlio_gazebo_sim
[1.949s] symbolically linking /root/ros2_ws/build/dlio_gazebo_sim/launch/sim_dlio.launch.py -> /root/ros2_ws/install/dlio_gazebo_sim/share/dlio_gazebo_sim/launch
[1.949s] symbolically linking /root/ros2_ws/build/dlio_gazebo_sim/models/dlio_car/model.config -> /root/ros2_ws/install/dlio_gazebo_sim/share/dlio_gazebo_sim/models/dlio_car
[1.949s] symbolically linking /root/ros2_ws/build/dlio_gazebo_sim/models/dlio_car/model.sdf -> /root/ros2_ws/install/dlio_gazebo_sim/share/dlio_gazebo_sim/models/dlio_car
[1.949s] symbolically linking /root/ros2_ws/build/dlio_gazebo_sim/worlds/dlio_room.sdf -> /root/ros2_ws/install/dlio_gazebo_sim/share/dlio_gazebo_sim/worlds
[1.949s] symbolically linking /root/ros2_ws/build/dlio_gazebo_sim/worlds/dlio_empty.sdf -> /root/ros2_ws/install/dlio_gazebo_sim/share/dlio_gazebo_sim/worlds
[2.009s] Invoked command in '/root/ros2_ws/build/dlio_gazebo_sim' returned '0': AMENT_PREFIX_PATH=/root/ros2_ws/install/elevation_mapping_cupy:/root/ros2_ws/install/semantic_sensor:/root/ros2_ws/install/graphnav_builder:/root/ros2_ws/install/ros2_numpy:/root/ros2_ws/install/graphnav_msgs:/root/ros2_ws/install/elevation_map_msgs:/root/ros2_ws/install/direct_lidar_inertial_odometry:${AMENT_PREFIX_PATH} CMAKE_PREFIX_PATH=/root/ros2_ws/install/elevation_mapping_cupy:/root/ros2_ws/install/ros2_numpy:/root/ros2_ws/install/graphnav_msgs:/root/ros2_ws/install/elevation_map_msgs:/root/ros2_ws/install/direct_lidar_inertial_odometry:${CMAKE_PREFIX_PATH} LD_LIBRARY_PATH=/root/ros2_ws/install/graphnav_msgs/lib:/root/ros2_ws/install/elevation_map_msgs/lib:/root/ros2_ws/install/direct_lidar_inertial_odometry/lib:${LD_LIBRARY_PATH} PATH=/root/ros2_ws/install/graphnav_builder/bin:${PATH} PYTHONPATH=/root/ros2_ws/build/dlio_gazebo_sim/prefix_override:/usr/lib/python3/dist-packages/colcon_core/task/python/colcon_distutils_commands:/root/ros2_ws/install/dlio_gazebo_sim/lib/python3.12/site-packages:/root/ros2_ws/install/elevation_mapping_cupy/lib/python3.12/site-packages:/root/ros2_ws/build/semantic_sensor:/root/ros2_ws/install/semantic_sensor/lib/python3.12/site-packages:/root/ros2_ws/build/graphnav_builder:/root/ros2_ws/install/graphnav_builder/lib/python3.12/site-packages:/root/ros2_ws/install/ros2_numpy/lib/python3.12/site-packages:/root/ros2_ws/install/graphnav_msgs/lib/python3.12/site-packages:/root/ros2_ws/install/elevation_map_msgs/lib/python3.12/site-packages:/root/ros2_ws/install/direct_lidar_inertial_odometry/lib/python3.12/site-packages:${PYTHONPATH} /usr/bin/python3 -W ignore:setup.py install is deprecated -W ignore:easy_install command is deprecated setup.py develop --editable --build-directory /root/ros2_ws/build/dlio_gazebo_sim/build --no-deps symlink_data --force
