running develop
running egg_info
creating graphnav_builder.egg-info
writing graphnav_builder.egg-info/PKG-INFO
writing dependency_links to graphnav_builder.egg-info/dependency_links.txt
writing entry points to graphnav_builder.egg-info/entry_points.txt
writing requirements to graphnav_builder.egg-info/requires.txt
writing top-level names to graphnav_builder.egg-info/top_level.txt
writing manifest file 'graphnav_builder.egg-info/SOURCES.txt'
reading manifest file 'graphnav_builder.egg-info/SOURCES.txt'
writing manifest file 'graphnav_builder.egg-info/SOURCES.txt'
running build_ext
Creating /root/ros2_ws/install/graphnav_builder/lib/python3.12/site-packages/graphnav-builder.egg-link (link to .)
Installing graphnav_builder script to /root/ros2_ws/install/graphnav_builder/bin

Installed /root/ros2_ws/build/graphnav_builder
running symlink_data
creating /root/ros2_ws/install/graphnav_builder/share/ament_index
creating /root/ros2_ws/install/graphnav_builder/share/ament_index/resource_index
creating /root/ros2_ws/install/graphnav_builder/share/ament_index/resource_index/packages
symbolically linking /root/ros2_ws/build/graphnav_builder/resource/graphnav_builder -> /root/ros2_ws/install/graphnav_builder/share/ament_index/resource_index/packages
symbolically linking /root/ros2_ws/build/graphnav_builder/package.xml -> /root/ros2_ws/install/graphnav_builder/share/graphnav_builder
creating /root/ros2_ws/install/graphnav_builder/share/graphnav_builder/launch
symbolically linking /root/ros2_ws/build/graphnav_builder/launch/graphnav_builder.launch.py -> /root/ros2_ws/install/graphnav_builder/share/graphnav_builder/launch
creating /root/ros2_ws/install/graphnav_builder/share/graphnav_builder/config
symbolically linking /root/ros2_ws/build/graphnav_builder/config/graphnav_builder.yaml -> /root/ros2_ws/install/graphnav_builder/share/graphnav_builder/config
