[0.914s] Invoking command in '/root/ros2_ws/build/graphnav_builder': AMENT_PREFIX_PATH=/root/ros2_ws/install/graphnav_msgs:${AMENT_PREFIX_PATH} CMAKE_PREFIX_PATH=/root/ros2_ws/install/graphnav_msgs:${CMAKE_PREFIX_PATH} LD_LIBRARY_PATH=/root/ros2_ws/install/graphnav_msgs/lib:${LD_LIBRARY_PATH} PYTHONPATH=/root/ros2_ws/build/graphnav_builder/prefix_override:/usr/lib/python3/dist-packages/colcon_core/task/python/colcon_distutils_commands:/root/ros2_ws/install/graphnav_builder/lib/python3.12/site-packages:/root/ros2_ws/install/graphnav_msgs/lib/python3.12/site-packages:${PYTHONPATH} /usr/bin/python3 -W ignore:setup.py install is deprecated -W ignore:easy_install command is deprecated setup.py develop --editable --build-directory /root/ros2_ws/build/graphnav_builder/build --no-deps symlink_data
[1.206s] running develop
[1.393s] running egg_info
[1.393s] creating graphnav_builder.egg-info
[1.412s] writing graphnav_builder.egg-info/PKG-INFO
[1.412s] writing dependency_links to graphnav_builder.egg-info/dependency_links.txt
[1.412s] writing entry points to graphnav_builder.egg-info/entry_points.txt
[1.412s] writing requirements to graphnav_builder.egg-info/requires.txt
[1.412s] writing top-level names to graphnav_builder.egg-info/top_level.txt
[1.412s] writing manifest file 'graphnav_builder.egg-info/SOURCES.txt'
[1.452s] reading manifest file 'graphnav_builder.egg-info/SOURCES.txt'
[1.452s] writing manifest file 'graphnav_builder.egg-info/SOURCES.txt'
[1.472s] running build_ext
[1.473s] Creating /root/ros2_ws/install/graphnav_builder/lib/python3.12/site-packages/graphnav-builder.egg-link (link to .)
[1.473s] Installing graphnav_builder script to /root/ros2_ws/install/graphnav_builder/bin
[1.473s] 
[1.473s] Installed /root/ros2_ws/build/graphnav_builder
[1.474s] running symlink_data
[1.474s] creating /root/ros2_ws/install/graphnav_builder/share/ament_index
[1.474s] creating /root/ros2_ws/install/graphnav_builder/share/ament_index/resource_index
[1.474s] creating /root/ros2_ws/install/graphnav_builder/share/ament_index/resource_index/packages
[1.474s] symbolically linking /root/ros2_ws/build/graphnav_builder/resource/graphnav_builder -> /root/ros2_ws/install/graphnav_builder/share/ament_index/resource_index/packages
[1.474s] symbolically linking /root/ros2_ws/build/graphnav_builder/package.xml -> /root/ros2_ws/install/graphnav_builder/share/graphnav_builder
[1.474s] creating /root/ros2_ws/install/graphnav_builder/share/graphnav_builder/launch
[1.474s] symbolically linking /root/ros2_ws/build/graphnav_builder/launch/graphnav_builder.launch.py -> /root/ros2_ws/install/graphnav_builder/share/graphnav_builder/launch
[1.474s] creating /root/ros2_ws/install/graphnav_builder/share/graphnav_builder/config
[1.474s] symbolically linking /root/ros2_ws/build/graphnav_builder/config/graphnav_builder.yaml -> /root/ros2_ws/install/graphnav_builder/share/graphnav_builder/config
[1.498s] Invoked command in '/root/ros2_ws/build/graphnav_builder' returned '0': AMENT_PREFIX_PATH=/root/ros2_ws/install/graphnav_msgs:${AMENT_PREFIX_PATH} CMAKE_PREFIX_PATH=/root/ros2_ws/install/graphnav_msgs:${CMAKE_PREFIX_PATH} LD_LIBRARY_PATH=/root/ros2_ws/install/graphnav_msgs/lib:${LD_LIBRARY_PATH} PYTHONPATH=/root/ros2_ws/build/graphnav_builder/prefix_override:/usr/lib/python3/dist-packages/colcon_core/task/python/colcon_distutils_commands:/root/ros2_ws/install/graphnav_builder/lib/python3.12/site-packages:/root/ros2_ws/install/graphnav_msgs/lib/python3.12/site-packages:${PYTHONPATH} /usr/bin/python3 -W ignore:setup.py install is deprecated -W ignore:easy_install command is deprecated setup.py develop --editable --build-directory /root/ros2_ws/build/graphnav_builder/build --no-deps symlink_data
