[0.536s] DEBUG:colcon:Command line arguments: ['/usr/bin/colcon', 'build', '--packages-select', 'dlio_gazebo_sim']
[0.537s] DEBUG:colcon:Parsed command line arguments: Namespace(log_base=None, log_level=None, verb_name='build', build_base='build', install_base='install', merge_install=False, symlink_install=False, test_result_base=None, continue_on_error=False, executor='parallel', parallel_workers=8, event_handlers=None, ignore_user_meta=False, metas=['./colcon.meta'], base_paths=['.'], packages_ignore=None, packages_ignore_regex=None, paths=None, packages_up_to=None, packages_up_to_regex=None, packages_above=None, packages_above_and_dependencies=None, packages_above_depth=None, packages_select_by_dep=None, packages_skip_by_dep=None, packages_skip_up_to=None, packages_select_build_failed=False, packages_skip_build_finished=False, packages_select_test_failures=False, packages_skip_test_passed=False, packages_select=['dlio_gazebo_sim'], packages_skip=None, packages_select_regex=None, packages_skip_regex=None, packages_start=None, packages_end=None, cmake_args=None, cmake_target=None, cmake_target_skip_unavailable=False, cmake_clean_cache=False, cmake_clean_first=False, cmake_force_configure=False, ament_cmake_args=None, catkin_cmake_args=None, catkin_skip_building_tests=False, mixin_files=None, mixin=None, verb_parser=<colcon_mixin.mixin.mixin_argument.MixinArgumentDecorator object at 0x7d25e777e180>, verb_extension=<colcon_core.verb.build.BuildVerb object at 0x7d25e78d64e0>, main=<bound method BuildVerb.main of <colcon_core.verb.build.BuildVerb object at 0x7d25e78d64e0>>, mixin_verb=('build',))
[0.724s] Level 1:colcon.colcon_core.package_discovery:discover_packages(colcon_meta) check parameters
[0.727s] INFO:colcon.colcon_metadata.package_discovery.colcon_meta:Using configuration from '/root/.colcon/metadata/default/Gazebo.meta'
[0.729s] INFO:colcon.colcon_metadata.package_discovery.colcon_meta:Using configuration from '/root/.colcon/metadata/default/fastdds.meta'
[0.731s] INFO:colcon.colcon_metadata.package_discovery.colcon_meta:Using configuration from '/root/.colcon/metadata/default/fastrtps.meta'
[0.731s] Level 1:colcon.colcon_core.package_discovery:discover_packages(recursive) check parameters
[0.731s] Level 1:colcon.colcon_core.package_discovery:discover_packages(ignore) check parameters
[0.732s] Level 1:colcon.colcon_core.package_discovery:discover_packages(path) check parameters
[0.732s] Level 1:colcon.colcon_core.package_discovery:discover_packages(colcon_meta) discover
[0.732s] Level 1:colcon.colcon_core.package_discovery:discover_packages(recursive) discover
[0.732s] INFO:colcon.colcon_core.package_discovery:Crawling recursively for packages in '/root/ros2_ws'
[0.732s] Level 1:colcon.colcon_core.package_identification:_identify(.) by extensions ['ignore', 'ignore_ament_install']
[0.733s] Level 1:colcon.colcon_core.package_identification:_identify(.) by extension 'ignore'
[0.733s] Level 1:colcon.colcon_core.package_identification:_identify(.) by extension 'ignore_ament_install'
[0.733s] Level 1:colcon.colcon_core.package_identification:_identify(.) by extensions ['colcon_pkg']
[0.733s] Level 1:colcon.colcon_core.package_identification:_identify(.) by extension 'colcon_pkg'
[0.733s] Level 1:colcon.colcon_core.package_identification:_identify(.) by extensions ['colcon_meta']
[0.734s] Level 1:colcon.colcon_core.package_identification:_identify(.) by extension 'colcon_meta'
[0.734s] Level 1:colcon.colcon_core.package_identification:_identify(.) by extensions ['ros']
[0.734s] Level 1:colcon.colcon_core.package_identification:_identify(.) by extension 'ros'
[0.839s] Level 1:colcon.colcon_core.package_identification:_identify(.) by extensions ['cmake', 'python']
[0.839s] Level 1:colcon.colcon_core.package_identification:_identify(.) by extension 'cmake'
[0.840s] Level 1:colcon.colcon_core.package_identification:_identify(.) by extension 'python'
[0.840s] Level 1:colcon.colcon_core.package_identification:_identify(.) by extensions ['python_setup_py']
[0.840s] Level 1:colcon.colcon_core.package_identification:_identify(.) by extension 'python_setup_py'
[0.841s] Level 1:colcon.colcon_core.package_identification:_identify(build) by extensions ['ignore', 'ignore_ament_install']
[0.842s] Level 1:colcon.colcon_core.package_identification:_identify(build) by extension 'ignore'
[0.842s] Level 1:colcon.colcon_core.package_identification:_identify(build) ignored
[0.843s] Level 1:colcon.colcon_core.package_identification:_identify(data) by extensions ['ignore', 'ignore_ament_install']
[0.843s] Level 1:colcon.colcon_core.package_identification:_identify(data) by extension 'ignore'
[0.843s] Level 1:colcon.colcon_core.package_identification:_identify(data) by extension 'ignore_ament_install'
[0.843s] Level 1:colcon.colcon_core.package_identification:_identify(data) by extensions ['colcon_pkg']
[0.845s] Level 1:colcon.colcon_core.package_identification:_identify(data) by extension 'colcon_pkg'
[0.845s] Level 1:colcon.colcon_core.package_identification:_identify(data) by extensions ['colcon_meta']
[0.846s] Level 1:colcon.colcon_core.package_identification:_identify(data) by extension 'colcon_meta'
[0.846s] Level 1:colcon.colcon_core.package_identification:_identify(data) by extensions ['ros']
[0.847s] Level 1:colcon.colcon_core.package_identification:_identify(data) by extension 'ros'
[0.848s] Level 1:colcon.colcon_core.package_identification:_identify(data) by extensions ['cmake', 'python']
[0.849s] Level 1:colcon.colcon_core.package_identification:_identify(data) by extension 'cmake'
[0.849s] Level 1:colcon.colcon_core.package_identification:_identify(data) by extension 'python'
[0.849s] Level 1:colcon.colcon_core.package_identification:_identify(data) by extensions ['python_setup_py']
[0.849s] Level 1:colcon.colcon_core.package_identification:_identify(data) by extension 'python_setup_py'
[0.849s] Level 1:colcon.colcon_core.package_identification:_identify(data/sequences) by extensions ['ignore', 'ignore_ament_install']
[0.852s] Level 1:colcon.colcon_core.package_identification:_identify(data/sequences) by extension 'ignore'
[0.853s] Level 1:colcon.colcon_core.package_identification:_identify(data/sequences) by extension 'ignore_ament_install'
[0.853s] Level 1:colcon.colcon_core.package_identification:_identify(data/sequences) by extensions ['colcon_pkg']
[0.853s] Level 1:colcon.colcon_core.package_identification:_identify(data/sequences) by extension 'colcon_pkg'
[0.853s] Level 1:colcon.colcon_core.package_identification:_identify(data/sequences) by extensions ['colcon_meta']
[0.853s] Level 1:colcon.colcon_core.package_identification:_identify(data/sequences) by extension 'colcon_meta'
[0.854s] Level 1:colcon.colcon_core.package_identification:_identify(data/sequences) by extensions ['ros']
[0.854s] Level 1:colcon.colcon_core.package_identification:_identify(data/sequences) by extension 'ros'
[0.854s] Level 1:colcon.colcon_core.package_identification:_identify(data/sequences) by extensions ['cmake', 'python']
[0.854s] Level 1:colcon.colcon_core.package_identification:_identify(data/sequences) by extension 'cmake'
[0.854s] Level 1:colcon.colcon_core.package_identification:_identify(data/sequences) by extension 'python'
[0.856s] Level 1:colcon.colcon_core.package_identification:_identify(data/sequences) by extensions ['python_setup_py']
[0.857s] Level 1:colcon.colcon_core.package_identification:_identify(data/sequences) by extension 'python_setup_py'
[0.857s] Level 1:colcon.colcon_core.package_identification:_identify(data/sequences/2024-03-14-blenheim-palace-04) by extensions ['ignore', 'ignore_ament_install']
[0.858s] Level 1:colcon.colcon_core.package_identification:_identify(data/sequences/2024-03-14-blenheim-palace-04) by extension 'ignore'
[0.858s] Level 1:colcon.colcon_core.package_identification:_identify(data/sequences/2024-03-14-blenheim-palace-04) by extension 'ignore_ament_install'
[0.858s] Level 1:colcon.colcon_core.package_identification:_identify(data/sequences/2024-03-14-blenheim-palace-04) by extensions ['colcon_pkg']
[0.858s] Level 1:colcon.colcon_core.package_identification:_identify(data/sequences/2024-03-14-blenheim-palace-04) by extension 'colcon_pkg'
[0.859s] Level 1:colcon.colcon_core.package_identification:_identify(data/sequences/2024-03-14-blenheim-palace-04) by extensions ['colcon_meta']
[0.859s] Level 1:colcon.colcon_core.package_identification:_identify(data/sequences/2024-03-14-blenheim-palace-04) by extension 'colcon_meta'
[0.860s] Level 1:colcon.colcon_core.package_identification:_identify(data/sequences/2024-03-14-blenheim-palace-04) by extensions ['ros']
[0.860s] Level 1:colcon.colcon_core.package_identification:_identify(data/sequences/2024-03-14-blenheim-palace-04) by extension 'ros'
[0.861s] Level 1:colcon.colcon_core.package_identification:_identify(data/sequences/2024-03-14-blenheim-palace-04) by extensions ['cmake', 'python']
[0.862s] Level 1:colcon.colcon_core.package_identification:_identify(data/sequences/2024-03-14-blenheim-palace-04) by extension 'cmake'
[0.862s] Level 1:colcon.colcon_core.package_identification:_identify(data/sequences/2024-03-14-blenheim-palace-04) by extension 'python'
[0.863s] Level 1:colcon.colcon_core.package_identification:_identify(data/sequences/2024-03-14-blenheim-palace-04) by extensions ['python_setup_py']
[0.865s] Level 1:colcon.colcon_core.package_identification:_identify(data/sequences/2024-03-14-blenheim-palace-04) by extension 'python_setup_py'
[0.866s] Level 1:colcon.colcon_core.package_identification:_identify(data/sequences/2024-03-14-blenheim-palace-04/raw) by extensions ['ignore', 'ignore_ament_install']
[0.866s] Level 1:colcon.colcon_core.package_identification:_identify(data/sequences/2024-03-14-blenheim-palace-04/raw) by extension 'ignore'
[0.867s] Level 1:colcon.colcon_core.package_identification:_identify(data/sequences/2024-03-14-blenheim-palace-04/raw) by extension 'ignore_ament_install'
[0.867s] Level 1:colcon.colcon_core.package_identification:_identify(data/sequences/2024-03-14-blenheim-palace-04/raw) by extensions ['colcon_pkg']
[0.867s] Level 1:colcon.colcon_core.package_identification:_identify(data/sequences/2024-03-14-blenheim-palace-04/raw) by extension 'colcon_pkg'
[0.868s] Level 1:colcon.colcon_core.package_identification:_identify(data/sequences/2024-03-14-blenheim-palace-04/raw) by extensions ['colcon_meta']
[0.868s] Level 1:colcon.colcon_core.package_identification:_identify(data/sequences/2024-03-14-blenheim-palace-04/raw) by extension 'colcon_meta'
[0.868s] Level 1:colcon.colcon_core.package_identification:_identify(data/sequences/2024-03-14-blenheim-palace-04/raw) by extensions ['ros']
[0.868s] Level 1:colcon.colcon_core.package_identification:_identify(data/sequences/2024-03-14-blenheim-palace-04/raw) by extension 'ros'
[0.869s] Level 1:colcon.colcon_core.package_identification:_identify(data/sequences/2024-03-14-blenheim-palace-04/raw) by extensions ['cmake', 'python']
[0.869s] Level 1:colcon.colcon_core.package_identification:_identify(data/sequences/2024-03-14-blenheim-palace-04/raw) by extension 'cmake'
[0.869s] Level 1:colcon.colcon_core.package_identification:_identify(data/sequences/2024-03-14-blenheim-palace-04/raw) by extension 'python'
[0.869s] Level 1:colcon.colcon_core.package_identification:_identify(data/sequences/2024-03-14-blenheim-palace-04/raw) by extensions ['python_setup_py']
[0.869s] Level 1:colcon.colcon_core.package_identification:_identify(data/sequences/2024-03-14-blenheim-palace-04/raw) by extension 'python_setup_py'
[0.870s] Level 1:colcon.colcon_core.package_identification:_identify(data/sequences/2024-03-14-blenheim-palace-04/raw/ros2bag) by extensions ['ignore', 'ignore_ament_install']
[0.870s] Level 1:colcon.colcon_core.package_identification:_identify(data/sequences/2024-03-14-blenheim-palace-04/raw/ros2bag) by extension 'ignore'
[0.870s] Level 1:colcon.colcon_core.package_identification:_identify(data/sequences/2024-03-14-blenheim-palace-04/raw/ros2bag) by extension 'ignore_ament_install'
[0.871s] Level 1:colcon.colcon_core.package_identification:_identify(data/sequences/2024-03-14-blenheim-palace-04/raw/ros2bag) by extensions ['colcon_pkg']
[0.871s] Level 1:colcon.colcon_core.package_identification:_identify(data/sequences/2024-03-14-blenheim-palace-04/raw/ros2bag) by extension 'colcon_pkg'
[0.871s] Level 1:colcon.colcon_core.package_identification:_identify(data/sequences/2024-03-14-blenheim-palace-04/raw/ros2bag) by extensions ['colcon_meta']
[0.871s] Level 1:colcon.colcon_core.package_identification:_identify(data/sequences/2024-03-14-blenheim-palace-04/raw/ros2bag) by extension 'colcon_meta'
[0.871s] Level 1:colcon.colcon_core.package_identification:_identify(data/sequences/2024-03-14-blenheim-palace-04/raw/ros2bag) by extensions ['ros']
[0.871s] Level 1:colcon.colcon_core.package_identification:_identify(data/sequences/2024-03-14-blenheim-palace-04/raw/ros2bag) by extension 'ros'
[0.872s] Level 1:colcon.colcon_core.package_identification:_identify(data/sequences/2024-03-14-blenheim-palace-04/raw/ros2bag) by extensions ['cmake', 'python']
[0.872s] Level 1:colcon.colcon_core.package_identification:_identify(data/sequences/2024-03-14-blenheim-palace-04/raw/ros2bag) by extension 'cmake'
[0.872s] Level 1:colcon.colcon_core.package_identification:_identify(data/sequences/2024-03-14-blenheim-palace-04/raw/ros2bag) by extension 'python'
[0.872s] Level 1:colcon.colcon_core.package_identification:_identify(data/sequences/2024-03-14-blenheim-palace-04/raw/ros2bag) by extensions ['python_setup_py']
[0.872s] Level 1:colcon.colcon_core.package_identification:_identify(data/sequences/2024-03-14-blenheim-palace-04/raw/ros2bag) by extension 'python_setup_py'
[0.877s] Level 1:colcon.colcon_core.package_identification:_identify(data/sequences/2024-03-14-blenheim-palace-04/raw/ros2bag/1710408895_2024-03-14-09-44-02_1) by extensions ['ignore', 'ignore_ament_install']
[0.877s] Level 1:colcon.colcon_core.package_identification:_identify(data/sequences/2024-03-14-blenheim-palace-04/raw/ros2bag/1710408895_2024-03-14-09-44-02_1) by extension 'ignore'
[0.881s] Level 1:colcon.colcon_core.package_identification:_identify(data/sequences/2024-03-14-blenheim-palace-04/raw/ros2bag/1710408895_2024-03-14-09-44-02_1) by extension 'ignore_ament_install'
[0.885s] Level 1:colcon.colcon_core.package_identification:_identify(data/sequences/2024-03-14-blenheim-palace-04/raw/ros2bag/1710408895_2024-03-14-09-44-02_1) by extensions ['colcon_pkg']
[0.885s] Level 1:colcon.colcon_core.package_identification:_identify(data/sequences/2024-03-14-blenheim-palace-04/raw/ros2bag/1710408895_2024-03-14-09-44-02_1) by extension 'colcon_pkg'
[0.885s] Level 1:colcon.colcon_core.package_identification:_identify(data/sequences/2024-03-14-blenheim-palace-04/raw/ros2bag/1710408895_2024-03-14-09-44-02_1) by extensions ['colcon_meta']
[0.885s] Level 1:colcon.colcon_core.package_identification:_identify(data/sequences/2024-03-14-blenheim-palace-04/raw/ros2bag/1710408895_2024-03-14-09-44-02_1) by extension 'colcon_meta'
[0.886s] Level 1:colcon.colcon_core.package_identification:_identify(data/sequences/2024-03-14-blenheim-palace-04/raw/ros2bag/1710408895_2024-03-14-09-44-02_1) by extensions ['ros']
[0.886s] Level 1:colcon.colcon_core.package_identification:_identify(data/sequences/2024-03-14-blenheim-palace-04/raw/ros2bag/1710408895_2024-03-14-09-44-02_1) by extension 'ros'
[0.887s] Level 1:colcon.colcon_core.package_identification:_identify(data/sequences/2024-03-14-blenheim-palace-04/raw/ros2bag/1710408895_2024-03-14-09-44-02_1) by extensions ['cmake', 'python']
[0.887s] Level 1:colcon.colcon_core.package_identification:_identify(data/sequences/2024-03-14-blenheim-palace-04/raw/ros2bag/1710408895_2024-03-14-09-44-02_1) by extension 'cmake'
[0.888s] Level 1:colcon.colcon_core.package_identification:_identify(data/sequences/2024-03-14-blenheim-palace-04/raw/ros2bag/1710408895_2024-03-14-09-44-02_1) by extension 'python'
[0.888s] Level 1:colcon.colcon_core.package_identification:_identify(data/sequences/2024-03-14-blenheim-palace-04/raw/ros2bag/1710408895_2024-03-14-09-44-02_1) by extensions ['python_setup_py']
[0.889s] Level 1:colcon.colcon_core.package_identification:_identify(data/sequences/2024-03-14-blenheim-palace-04/raw/ros2bag/1710408895_2024-03-14-09-44-02_1) by extension 'python_setup_py'
[0.890s] Level 1:colcon.colcon_core.package_identification:_identify(data/sequences/2024-03-20-christ-church-06) by extensions ['ignore', 'ignore_ament_install']
[0.890s] Level 1:colcon.colcon_core.package_identification:_identify(data/sequences/2024-03-20-christ-church-06) by extension 'ignore'
[0.890s] Level 1:colcon.colcon_core.package_identification:_identify(data/sequences/2024-03-20-christ-church-06) by extension 'ignore_ament_install'
[0.891s] Level 1:colcon.colcon_core.package_identification:_identify(data/sequences/2024-03-20-christ-church-06) by extensions ['colcon_pkg']
[0.891s] Level 1:colcon.colcon_core.package_identification:_identify(data/sequences/2024-03-20-christ-church-06) by extension 'colcon_pkg'
[0.891s] Level 1:colcon.colcon_core.package_identification:_identify(data/sequences/2024-03-20-christ-church-06) by extensions ['colcon_meta']
[0.891s] Level 1:colcon.colcon_core.package_identification:_identify(data/sequences/2024-03-20-christ-church-06) by extension 'colcon_meta'
[0.891s] Level 1:colcon.colcon_core.package_identification:_identify(data/sequences/2024-03-20-christ-church-06) by extensions ['ros']
[0.891s] Level 1:colcon.colcon_core.package_identification:_identify(data/sequences/2024-03-20-christ-church-06) by extension 'ros'
[0.892s] Level 1:colcon.colcon_core.package_identification:_identify(data/sequences/2024-03-20-christ-church-06) by extensions ['cmake', 'python']
[0.892s] Level 1:colcon.colcon_core.package_identification:_identify(data/sequences/2024-03-20-christ-church-06) by extension 'cmake'
[0.892s] Level 1:colcon.colcon_core.package_identification:_identify(data/sequences/2024-03-20-christ-church-06) by extension 'python'
[0.892s] Level 1:colcon.colcon_core.package_identification:_identify(data/sequences/2024-03-20-christ-church-06) by extensions ['python_setup_py']
[0.892s] Level 1:colcon.colcon_core.package_identification:_identify(data/sequences/2024-03-20-christ-church-06) by extension 'python_setup_py'
[0.893s] Level 1:colcon.colcon_core.package_identification:_identify(data/sequences/2024-03-20-christ-church-06/raw) by extensions ['ignore', 'ignore_ament_install']
[0.893s] Level 1:colcon.colcon_core.package_identification:_identify(data/sequences/2024-03-20-christ-church-06/raw) by extension 'ignore'
[0.893s] Level 1:colcon.colcon_core.package_identification:_identify(data/sequences/2024-03-20-christ-church-06/raw) by extension 'ignore_ament_install'
[0.893s] Level 1:colcon.colcon_core.package_identification:_identify(data/sequences/2024-03-20-christ-church-06/raw) by extensions ['colcon_pkg']
[0.894s] Level 1:colcon.colcon_core.package_identification:_identify(data/sequences/2024-03-20-christ-church-06/raw) by extension 'colcon_pkg'
[0.894s] Level 1:colcon.colcon_core.package_identification:_identify(data/sequences/2024-03-20-christ-church-06/raw) by extensions ['colcon_meta']
[0.894s] Level 1:colcon.colcon_core.package_identification:_identify(data/sequences/2024-03-20-christ-church-06/raw) by extension 'colcon_meta'
[0.894s] Level 1:colcon.colcon_core.package_identification:_identify(data/sequences/2024-03-20-christ-church-06/raw) by extensions ['ros']
[0.894s] Level 1:colcon.colcon_core.package_identification:_identify(data/sequences/2024-03-20-christ-church-06/raw) by extension 'ros'
[0.896s] Level 1:colcon.colcon_core.package_identification:_identify(data/sequences/2024-03-20-christ-church-06/raw) by extensions ['cmake', 'python']
[0.896s] Level 1:colcon.colcon_core.package_identification:_identify(data/sequences/2024-03-20-christ-church-06/raw) by extension 'cmake'
[0.898s] Level 1:colcon.colcon_core.package_identification:_identify(data/sequences/2024-03-20-christ-church-06/raw) by extension 'python'
[0.899s] Level 1:colcon.colcon_core.package_identification:_identify(data/sequences/2024-03-20-christ-church-06/raw) by extensions ['python_setup_py']
[0.899s] Level 1:colcon.colcon_core.package_identification:_identify(data/sequences/2024-03-20-christ-church-06/raw) by extension 'python_setup_py'
[0.899s] Level 1:colcon.colcon_core.package_identification:_identify(data/sequences/2024-03-20-christ-church-06/raw/ros2bag) by extensions ['ignore', 'ignore_ament_install']
[0.900s] Level 1:colcon.colcon_core.package_identification:_identify(data/sequences/2024-03-20-christ-church-06/raw/ros2bag) by extension 'ignore'
[0.900s] Level 1:colcon.colcon_core.package_identification:_identify(data/sequences/2024-03-20-christ-church-06/raw/ros2bag) by extension 'ignore_ament_install'
[0.902s] Level 1:colcon.colcon_core.package_identification:_identify(data/sequences/2024-03-20-christ-church-06/raw/ros2bag) by extensions ['colcon_pkg']
[0.902s] Level 1:colcon.colcon_core.package_identification:_identify(data/sequences/2024-03-20-christ-church-06/raw/ros2bag) by extension 'colcon_pkg'
[0.902s] Level 1:colcon.colcon_core.package_identification:_identify(data/sequences/2024-03-20-christ-church-06/raw/ros2bag) by extensions ['colcon_meta']
[0.902s] Level 1:colcon.colcon_core.package_identification:_identify(data/sequences/2024-03-20-christ-church-06/raw/ros2bag) by extension 'colcon_meta'
[0.903s] Level 1:colcon.colcon_core.package_identification:_identify(data/sequences/2024-03-20-christ-church-06/raw/ros2bag) by extensions ['ros']
[0.905s] Level 1:colcon.colcon_core.package_identification:_identify(data/sequences/2024-03-20-christ-church-06/raw/ros2bag) by extension 'ros'
[0.906s] Level 1:colcon.colcon_core.package_identification:_identify(data/sequences/2024-03-20-christ-church-06/raw/ros2bag) by extensions ['cmake', 'python']
[0.906s] Level 1:colcon.colcon_core.package_identification:_identify(data/sequences/2024-03-20-christ-church-06/raw/ros2bag) by extension 'cmake'
[0.907s] Level 1:colcon.colcon_core.package_identification:_identify(data/sequences/2024-03-20-christ-church-06/raw/ros2bag) by extension 'python'
[0.907s] Level 1:colcon.colcon_core.package_identification:_identify(data/sequences/2024-03-20-christ-church-06/raw/ros2bag) by extensions ['python_setup_py']
[0.907s] Level 1:colcon.colcon_core.package_identification:_identify(data/sequences/2024-03-20-christ-church-06/raw/ros2bag) by extension 'python_setup_py'
[0.907s] Level 1:colcon.colcon_core.package_identification:_identify(data/sequences/2024-03-20-christ-church-06/raw/ros2bag/1710927712_2024-03-20-09-58-48_1) by extensions ['ignore', 'ignore_ament_install']
[0.908s] Level 1:colcon.colcon_core.package_identification:_identify(data/sequences/2024-03-20-christ-church-06/raw/ros2bag/1710927712_2024-03-20-09-58-48_1) by extension 'ignore'
[0.908s] Level 1:colcon.colcon_core.package_identification:_identify(data/sequences/2024-03-20-christ-church-06/raw/ros2bag/1710927712_2024-03-20-09-58-48_1) by extension 'ignore_ament_install'
[0.908s] Level 1:colcon.colcon_core.package_identification:_identify(data/sequences/2024-03-20-christ-church-06/raw/ros2bag/1710927712_2024-03-20-09-58-48_1) by extensions ['colcon_pkg']
[0.908s] Level 1:colcon.colcon_core.package_identification:_identify(data/sequences/2024-03-20-christ-church-06/raw/ros2bag/1710927712_2024-03-20-09-58-48_1) by extension 'colcon_pkg'
[0.908s] Level 1:colcon.colcon_core.package_identification:_identify(data/sequences/2024-03-20-christ-church-06/raw/ros2bag/1710927712_2024-03-20-09-58-48_1) by extensions ['colcon_meta']
[0.908s] Level 1:colcon.colcon_core.package_identification:_identify(data/sequences/2024-03-20-christ-church-06/raw/ros2bag/1710927712_2024-03-20-09-58-48_1) by extension 'colcon_meta'
[0.909s] Level 1:colcon.colcon_core.package_identification:_identify(data/sequences/2024-03-20-christ-church-06/raw/ros2bag/1710927712_2024-03-20-09-58-48_1) by extensions ['ros']
[0.909s] Level 1:colcon.colcon_core.package_identification:_identify(data/sequences/2024-03-20-christ-church-06/raw/ros2bag/1710927712_2024-03-20-09-58-48_1) by extension 'ros'
[0.909s] Level 1:colcon.colcon_core.package_identification:_identify(data/sequences/2024-03-20-christ-church-06/raw/ros2bag/1710927712_2024-03-20-09-58-48_1) by extensions ['cmake', 'python']
[0.909s] Level 1:colcon.colcon_core.package_identification:_identify(data/sequences/2024-03-20-christ-church-06/raw/ros2bag/1710927712_2024-03-20-09-58-48_1) by extension 'cmake'
[0.910s] Level 1:colcon.colcon_core.package_identification:_identify(data/sequences/2024-03-20-christ-church-06/raw/ros2bag/1710927712_2024-03-20-09-58-48_1) by extension 'python'
[0.910s] Level 1:colcon.colcon_core.package_identification:_identify(data/sequences/2024-03-20-christ-church-06/raw/ros2bag/1710927712_2024-03-20-09-58-48_1) by extensions ['python_setup_py']
[0.910s] Level 1:colcon.colcon_core.package_identification:_identify(data/sequences/2024-03-20-christ-church-06/raw/ros2bag/1710927712_2024-03-20-09-58-48_1) by extension 'python_setup_py'
[0.910s] Level 1:colcon.colcon_core.package_identification:_identify(explorfm_real_triplet_inputs) by extensions ['ignore', 'ignore_ament_install']
[0.911s] Level 1:colcon.colcon_core.package_identification:_identify(explorfm_real_triplet_inputs) by extension 'ignore'
[0.911s] Level 1:colcon.colcon_core.package_identification:_identify(explorfm_real_triplet_inputs) by extension 'ignore_ament_install'
[0.911s] Level 1:colcon.colcon_core.package_identification:_identify(explorfm_real_triplet_inputs) by extensions ['colcon_pkg']
[0.911s] Level 1:colcon.colcon_core.package_identification:_identify(explorfm_real_triplet_inputs) by extension 'colcon_pkg'
[0.911s] Level 1:colcon.colcon_core.package_identification:_identify(explorfm_real_triplet_inputs) by extensions ['colcon_meta']
[0.912s] Level 1:colcon.colcon_core.package_identification:_identify(explorfm_real_triplet_inputs) by extension 'colcon_meta'
[0.912s] Level 1:colcon.colcon_core.package_identification:_identify(explorfm_real_triplet_inputs) by extensions ['ros']
[0.912s] Level 1:colcon.colcon_core.package_identification:_identify(explorfm_real_triplet_inputs) by extension 'ros'
[0.912s] Level 1:colcon.colcon_core.package_identification:_identify(explorfm_real_triplet_inputs) by extensions ['cmake', 'python']
[0.912s] Level 1:colcon.colcon_core.package_identification:_identify(explorfm_real_triplet_inputs) by extension 'cmake'
[0.912s] Level 1:colcon.colcon_core.package_identification:_identify(explorfm_real_triplet_inputs) by extension 'python'
[0.913s] Level 1:colcon.colcon_core.package_identification:_identify(explorfm_real_triplet_inputs) by extensions ['python_setup_py']
[0.913s] Level 1:colcon.colcon_core.package_identification:_identify(explorfm_real_triplet_inputs) by extension 'python_setup_py'
[0.913s] Level 1:colcon.colcon_core.package_identification:_identify(install) by extensions ['ignore', 'ignore_ament_install']
[0.913s] Level 1:colcon.colcon_core.package_identification:_identify(install) by extension 'ignore'
[0.913s] Level 1:colcon.colcon_core.package_identification:_identify(install) ignored
[0.914s] Level 1:colcon.colcon_core.package_identification:_identify(log) by extensions ['ignore', 'ignore_ament_install']
[0.914s] Level 1:colcon.colcon_core.package_identification:_identify(log) by extension 'ignore'
[0.914s] Level 1:colcon.colcon_core.package_identification:_identify(log) ignored
[0.914s] Level 1:colcon.colcon_core.package_identification:_identify(scripts) by extensions ['ignore', 'ignore_ament_install']
[0.915s] Level 1:colcon.colcon_core.package_identification:_identify(scripts) by extension 'ignore'
[0.915s] Level 1:colcon.colcon_core.package_identification:_identify(scripts) by extension 'ignore_ament_install'
[0.915s] Level 1:colcon.colcon_core.package_identification:_identify(scripts) by extensions ['colcon_pkg']
[0.916s] Level 1:colcon.colcon_core.package_identification:_identify(scripts) by extension 'colcon_pkg'
[0.916s] Level 1:colcon.colcon_core.package_identification:_identify(scripts) by extensions ['colcon_meta']
[0.916s] Level 1:colcon.colcon_core.package_identification:_identify(scripts) by extension 'colcon_meta'
[0.916s] Level 1:colcon.colcon_core.package_identification:_identify(scripts) by extensions ['ros']
[0.916s] Level 1:colcon.colcon_core.package_identification:_identify(scripts) by extension 'ros'
[0.917s] Level 1:colcon.colcon_core.package_identification:_identify(scripts) by extensions ['cmake', 'python']
[0.917s] Level 1:colcon.colcon_core.package_identification:_identify(scripts) by extension 'cmake'
[0.917s] Level 1:colcon.colcon_core.package_identification:_identify(scripts) by extension 'python'
[0.917s] Level 1:colcon.colcon_core.package_identification:_identify(scripts) by extensions ['python_setup_py']
[0.917s] Level 1:colcon.colcon_core.package_identification:_identify(scripts) by extension 'python_setup_py'
[0.918s] Level 1:colcon.colcon_core.package_identification:_identify(scripts/__pycache__) by extensions ['ignore', 'ignore_ament_install']
[0.918s] Level 1:colcon.colcon_core.package_identification:_identify(scripts/__pycache__) by extension 'ignore'
[0.918s] Level 1:colcon.colcon_core.package_identification:_identify(scripts/__pycache__) by extension 'ignore_ament_install'
[0.919s] Level 1:colcon.colcon_core.package_identification:_identify(scripts/__pycache__) by extensions ['colcon_pkg']
[0.919s] Level 1:colcon.colcon_core.package_identification:_identify(scripts/__pycache__) by extension 'colcon_pkg'
[0.919s] Level 1:colcon.colcon_core.package_identification:_identify(scripts/__pycache__) by extensions ['colcon_meta']
[0.919s] Level 1:colcon.colcon_core.package_identification:_identify(scripts/__pycache__) by extension 'colcon_meta'
[0.919s] Level 1:colcon.colcon_core.package_identification:_identify(scripts/__pycache__) by extensions ['ros']
[0.920s] Level 1:colcon.colcon_core.package_identification:_identify(scripts/__pycache__) by extension 'ros'
[0.920s] Level 1:colcon.colcon_core.package_identification:_identify(scripts/__pycache__) by extensions ['cmake', 'python']
[0.920s] Level 1:colcon.colcon_core.package_identification:_identify(scripts/__pycache__) by extension 'cmake'
[0.920s] Level 1:colcon.colcon_core.package_identification:_identify(scripts/__pycache__) by extension 'python'
[0.920s] Level 1:colcon.colcon_core.package_identification:_identify(scripts/__pycache__) by extensions ['python_setup_py']
[0.921s] Level 1:colcon.colcon_core.package_identification:_identify(scripts/__pycache__) by extension 'python_setup_py'
[0.921s] Level 1:colcon.colcon_core.package_identification:_identify(src) by extensions ['ignore', 'ignore_ament_install']
[0.921s] Level 1:colcon.colcon_core.package_identification:_identify(src) by extension 'ignore'
[0.922s] Level 1:colcon.colcon_core.package_identification:_identify(src) by extension 'ignore_ament_install'
[0.922s] Level 1:colcon.colcon_core.package_identification:_identify(src) by extensions ['colcon_pkg']
[0.922s] Level 1:colcon.colcon_core.package_identification:_identify(src) by extension 'colcon_pkg'
[0.923s] Level 1:colcon.colcon_core.package_identification:_identify(src) by extensions ['colcon_meta']
[0.923s] Level 1:colcon.colcon_core.package_identification:_identify(src) by extension 'colcon_meta'
[0.923s] Level 1:colcon.colcon_core.package_identification:_identify(src) by extensions ['ros']
[0.923s] Level 1:colcon.colcon_core.package_identification:_identify(src) by extension 'ros'
[0.923s] Level 1:colcon.colcon_core.package_identification:_identify(src) by extensions ['cmake', 'python']
[0.923s] Level 1:colcon.colcon_core.package_identification:_identify(src) by extension 'cmake'
[0.924s] Level 1:colcon.colcon_core.package_identification:_identify(src) by extension 'python'
[0.924s] Level 1:colcon.colcon_core.package_identification:_identify(src) by extensions ['python_setup_py']
[0.924s] Level 1:colcon.colcon_core.package_identification:_identify(src) by extension 'python_setup_py'
[0.925s] Level 1:colcon.colcon_core.package_identification:_identify(src/direct_lidar_inertial_odometry-feature-ros2) by extensions ['ignore', 'ignore_ament_install']
[0.925s] Level 1:colcon.colcon_core.package_identification:_identify(src/direct_lidar_inertial_odometry-feature-ros2) by extension 'ignore'
[0.926s] Level 1:colcon.colcon_core.package_identification:_identify(src/direct_lidar_inertial_odometry-feature-ros2) by extension 'ignore_ament_install'
[0.926s] Level 1:colcon.colcon_core.package_identification:_identify(src/direct_lidar_inertial_odometry-feature-ros2) by extensions ['colcon_pkg']
[0.926s] Level 1:colcon.colcon_core.package_identification:_identify(src/direct_lidar_inertial_odometry-feature-ros2) by extension 'colcon_pkg'
[0.926s] Level 1:colcon.colcon_core.package_identification:_identify(src/direct_lidar_inertial_odometry-feature-ros2) by extensions ['colcon_meta']
[0.926s] Level 1:colcon.colcon_core.package_identification:_identify(src/direct_lidar_inertial_odometry-feature-ros2) by extension 'colcon_meta'
[0.926s] Level 1:colcon.colcon_core.package_identification:_identify(src/direct_lidar_inertial_odometry-feature-ros2) by extensions ['ros']
[0.927s] Level 1:colcon.colcon_core.package_identification:_identify(src/direct_lidar_inertial_odometry-feature-ros2) by extension 'ros'
[0.938s] DEBUG:colcon.colcon_core.package_identification:Package 'src/direct_lidar_inertial_odometry-feature-ros2' with type 'ros.ament_cmake' and name 'direct_lidar_inertial_odometry'
[0.938s] Level 1:colcon.colcon_core.package_identification:_identify(src/dlio_gazebo_sim) by extensions ['ignore', 'ignore_ament_install']
[0.939s] Level 1:colcon.colcon_core.package_identification:_identify(src/dlio_gazebo_sim) by extension 'ignore'
[0.939s] Level 1:colcon.colcon_core.package_identification:_identify(src/dlio_gazebo_sim) by extension 'ignore_ament_install'
[0.940s] Level 1:colcon.colcon_core.package_identification:_identify(src/dlio_gazebo_sim) by extensions ['colcon_pkg']
[0.940s] Level 1:colcon.colcon_core.package_identification:_identify(src/dlio_gazebo_sim) by extension 'colcon_pkg'
[0.940s] Level 1:colcon.colcon_core.package_identification:_identify(src/dlio_gazebo_sim) by extensions ['colcon_meta']
[0.940s] Level 1:colcon.colcon_core.package_identification:_identify(src/dlio_gazebo_sim) by extension 'colcon_meta'
[0.940s] Level 1:colcon.colcon_core.package_identification:_identify(src/dlio_gazebo_sim) by extensions ['ros']
[0.940s] Level 1:colcon.colcon_core.package_identification:_identify(src/dlio_gazebo_sim) by extension 'ros'
[0.942s] DEBUG:colcon.colcon_core.package_identification:Package 'src/dlio_gazebo_sim' with type 'ros.ament_python' and name 'dlio_gazebo_sim'
[0.943s] Level 1:colcon.colcon_core.package_identification:_identify(src/elevation_mapping_cupy) by extensions ['ignore', 'ignore_ament_install']
[0.943s] Level 1:colcon.colcon_core.package_identification:_identify(src/elevation_mapping_cupy) by extension 'ignore'
[0.943s] Level 1:colcon.colcon_core.package_identification:_identify(src/elevation_mapping_cupy) by extension 'ignore_ament_install'
[0.944s] Level 1:colcon.colcon_core.package_identification:_identify(src/elevation_mapping_cupy) by extensions ['colcon_pkg']
[0.944s] Level 1:colcon.colcon_core.package_identification:_identify(src/elevation_mapping_cupy) by extension 'colcon_pkg'
[0.944s] Level 1:colcon.colcon_core.package_identification:_identify(src/elevation_mapping_cupy) by extensions ['colcon_meta']
[0.944s] Level 1:colcon.colcon_core.package_identification:_identify(src/elevation_mapping_cupy) by extension 'colcon_meta'
[0.944s] Level 1:colcon.colcon_core.package_identification:_identify(src/elevation_mapping_cupy) by extensions ['ros']
[0.944s] Level 1:colcon.colcon_core.package_identification:_identify(src/elevation_mapping_cupy) by extension 'ros'
[0.944s] Level 1:colcon.colcon_core.package_identification:_identify(src/elevation_mapping_cupy) by extensions ['cmake', 'python']
[0.945s] Level 1:colcon.colcon_core.package_identification:_identify(src/elevation_mapping_cupy) by extension 'cmake'
[0.945s] Level 1:colcon.colcon_core.package_identification:_identify(src/elevation_mapping_cupy) by extension 'python'
[0.945s] Level 1:colcon.colcon_core.package_identification:_identify(src/elevation_mapping_cupy) by extensions ['python_setup_py']
[0.945s] Level 1:colcon.colcon_core.package_identification:_identify(src/elevation_mapping_cupy) by extension 'python_setup_py'
[0.945s] Level 1:colcon.colcon_core.package_identification:_identify(src/elevation_mapping_cupy/docker) by extensions ['ignore', 'ignore_ament_install']
[0.946s] Level 1:colcon.colcon_core.package_identification:_identify(src/elevation_mapping_cupy/docker) by extension 'ignore'
[0.946s] Level 1:colcon.colcon_core.package_identification:_identify(src/elevation_mapping_cupy/docker) by extension 'ignore_ament_install'
[0.947s] Level 1:colcon.colcon_core.package_identification:_identify(src/elevation_mapping_cupy/docker) by extensions ['colcon_pkg']
[0.947s] Level 1:colcon.colcon_core.package_identification:_identify(src/elevation_mapping_cupy/docker) by extension 'colcon_pkg'
[0.947s] Level 1:colcon.colcon_core.package_identification:_identify(src/elevation_mapping_cupy/docker) by extensions ['colcon_meta']
[0.947s] Level 1:colcon.colcon_core.package_identification:_identify(src/elevation_mapping_cupy/docker) by extension 'colcon_meta'
[0.947s] Level 1:colcon.colcon_core.package_identification:_identify(src/elevation_mapping_cupy/docker) by extensions ['ros']
[0.947s] Level 1:colcon.colcon_core.package_identification:_identify(src/elevation_mapping_cupy/docker) by extension 'ros'
[0.948s] Level 1:colcon.colcon_core.package_identification:_identify(src/elevation_mapping_cupy/docker) by extensions ['cmake', 'python']
[0.948s] Level 1:colcon.colcon_core.package_identification:_identify(src/elevation_mapping_cupy/docker) by extension 'cmake'
[0.948s] Level 1:colcon.colcon_core.package_identification:_identify(src/elevation_mapping_cupy/docker) by extension 'python'
[0.948s] Level 1:colcon.colcon_core.package_identification:_identify(src/elevation_mapping_cupy/docker) by extensions ['python_setup_py']
[0.948s] Level 1:colcon.colcon_core.package_identification:_identify(src/elevation_mapping_cupy/docker) by extension 'python_setup_py'
[0.949s] Level 1:colcon.colcon_core.package_identification:_identify(src/elevation_mapping_cupy/docs) by extensions ['ignore', 'ignore_ament_install']
[0.950s] Level 1:colcon.colcon_core.package_identification:_identify(src/elevation_mapping_cupy/docs) by extension 'ignore'
[0.950s] Level 1:colcon.colcon_core.package_identification:_identify(src/elevation_mapping_cupy/docs) by extension 'ignore_ament_install'
[0.950s] Level 1:colcon.colcon_core.package_identification:_identify(src/elevation_mapping_cupy/docs) by extensions ['colcon_pkg']
[0.950s] Level 1:colcon.colcon_core.package_identification:_identify(src/elevation_mapping_cupy/docs) by extension 'colcon_pkg'
[0.950s] Level 1:colcon.colcon_core.package_identification:_identify(src/elevation_mapping_cupy/docs) by extensions ['colcon_meta']
[0.951s] Level 1:colcon.colcon_core.package_identification:_identify(src/elevation_mapping_cupy/docs) by extension 'colcon_meta'
[0.951s] Level 1:colcon.colcon_core.package_identification:_identify(src/elevation_mapping_cupy/docs) by extensions ['ros']
[0.951s] Level 1:colcon.colcon_core.package_identification:_identify(src/elevation_mapping_cupy/docs) by extension 'ros'
[0.951s] Level 1:colcon.colcon_core.package_identification:_identify(src/elevation_mapping_cupy/docs) by extensions ['cmake', 'python']
[0.951s] Level 1:colcon.colcon_core.package_identification:_identify(src/elevation_mapping_cupy/docs) by extension 'cmake'
[0.951s] Level 1:colcon.colcon_core.package_identification:_identify(src/elevation_mapping_cupy/docs) by extension 'python'
[0.952s] Level 1:colcon.colcon_core.package_identification:_identify(src/elevation_mapping_cupy/docs) by extensions ['python_setup_py']
[0.952s] Level 1:colcon.colcon_core.package_identification:_identify(src/elevation_mapping_cupy/docs) by extension 'python_setup_py'
[0.952s] Level 1:colcon.colcon_core.package_identification:_identify(src/elevation_mapping_cupy/docs/media) by extensions ['ignore', 'ignore_ament_install']
[0.952s] Level 1:colcon.colcon_core.package_identification:_identify(src/elevation_mapping_cupy/docs/media) by extension 'ignore'
[0.953s] Level 1:colcon.colcon_core.package_identification:_identify(src/elevation_mapping_cupy/docs/media) by extension 'ignore_ament_install'
[0.953s] Level 1:colcon.colcon_core.package_identification:_identify(src/elevation_mapping_cupy/docs/media) by extensions ['colcon_pkg']
[0.953s] Level 1:colcon.colcon_core.package_identification:_identify(src/elevation_mapping_cupy/docs/media) by extension 'colcon_pkg'
[0.953s] Level 1:colcon.colcon_core.package_identification:_identify(src/elevation_mapping_cupy/docs/media) by extensions ['colcon_meta']
[0.953s] Level 1:colcon.colcon_core.package_identification:_identify(src/elevation_mapping_cupy/docs/media) by extension 'colcon_meta'
[0.954s] Level 1:colcon.colcon_core.package_identification:_identify(src/elevation_mapping_cupy/docs/media) by extensions ['ros']
[0.954s] Level 1:colcon.colcon_core.package_identification:_identify(src/elevation_mapping_cupy/docs/media) by extension 'ros'
[0.954s] Level 1:colcon.colcon_core.package_identification:_identify(src/elevation_mapping_cupy/docs/media) by extensions ['cmake', 'python']
[0.954s] Level 1:colcon.colcon_core.package_identification:_identify(src/elevation_mapping_cupy/docs/media) by extension 'cmake'
[0.954s] Level 1:colcon.colcon_core.package_identification:_identify(src/elevation_mapping_cupy/docs/media) by extension 'python'
[0.955s] Level 1:colcon.colcon_core.package_identification:_identify(src/elevation_mapping_cupy/docs/media) by extensions ['python_setup_py']
[0.955s] Level 1:colcon.colcon_core.package_identification:_identify(src/elevation_mapping_cupy/docs/media) by extension 'python_setup_py'
[0.955s] Level 1:colcon.colcon_core.package_identification:_identify(src/elevation_mapping_cupy/docs/reviews) by extensions ['ignore', 'ignore_ament_install']
[0.955s] Level 1:colcon.colcon_core.package_identification:_identify(src/elevation_mapping_cupy/docs/reviews) by extension 'ignore'
[0.956s] Level 1:colcon.colcon_core.package_identification:_identify(src/elevation_mapping_cupy/docs/reviews) by extension 'ignore_ament_install'
[0.956s] Level 1:colcon.colcon_core.package_identification:_identify(src/elevation_mapping_cupy/docs/reviews) by extensions ['colcon_pkg']
[0.956s] Level 1:colcon.colcon_core.package_identification:_identify(src/elevation_mapping_cupy/docs/reviews) by extension 'colcon_pkg'
[0.956s] Level 1:colcon.colcon_core.package_identification:_identify(src/elevation_mapping_cupy/docs/reviews) by extensions ['colcon_meta']
[0.957s] Level 1:colcon.colcon_core.package_identification:_identify(src/elevation_mapping_cupy/docs/reviews) by extension 'colcon_meta'
[0.957s] Level 1:colcon.colcon_core.package_identification:_identify(src/elevation_mapping_cupy/docs/reviews) by extensions ['ros']
[0.957s] Level 1:colcon.colcon_core.package_identification:_identify(src/elevation_mapping_cupy/docs/reviews) by extension 'ros'
[0.957s] Level 1:colcon.colcon_core.package_identification:_identify(src/elevation_mapping_cupy/docs/reviews) by extensions ['cmake', 'python']
[0.957s] Level 1:colcon.colcon_core.package_identification:_identify(src/elevation_mapping_cupy/docs/reviews) by extension 'cmake'
[0.958s] Level 1:colcon.colcon_core.package_identification:_identify(src/elevation_mapping_cupy/docs/reviews) by extension 'python'
[0.958s] Level 1:colcon.colcon_core.package_identification:_identify(src/elevation_mapping_cupy/docs/reviews) by extensions ['python_setup_py']
[0.958s] Level 1:colcon.colcon_core.package_identification:_identify(src/elevation_mapping_cupy/docs/reviews) by extension 'python_setup_py'
[0.958s] Level 1:colcon.colcon_core.package_identification:_identify(src/elevation_mapping_cupy/docs/source) by extensions ['ignore', 'ignore_ament_install']
[0.959s] Level 1:colcon.colcon_core.package_identification:_identify(src/elevation_mapping_cupy/docs/source) by extension 'ignore'
[0.959s] Level 1:colcon.colcon_core.package_identification:_identify(src/elevation_mapping_cupy/docs/source) by extension 'ignore_ament_install'
[0.959s] Level 1:colcon.colcon_core.package_identification:_identify(src/elevation_mapping_cupy/docs/source) by extensions ['colcon_pkg']
[0.959s] Level 1:colcon.colcon_core.package_identification:_identify(src/elevation_mapping_cupy/docs/source) by extension 'colcon_pkg'
[0.959s] Level 1:colcon.colcon_core.package_identification:_identify(src/elevation_mapping_cupy/docs/source) by extensions ['colcon_meta']
[0.960s] Level 1:colcon.colcon_core.package_identification:_identify(src/elevation_mapping_cupy/docs/source) by extension 'colcon_meta'
[0.960s] Level 1:colcon.colcon_core.package_identification:_identify(src/elevation_mapping_cupy/docs/source) by extensions ['ros']
[0.960s] Level 1:colcon.colcon_core.package_identification:_identify(src/elevation_mapping_cupy/docs/source) by extension 'ros'
[0.960s] Level 1:colcon.colcon_core.package_identification:_identify(src/elevation_mapping_cupy/docs/source) by extensions ['cmake', 'python']
[0.960s] Level 1:colcon.colcon_core.package_identification:_identify(src/elevation_mapping_cupy/docs/source) by extension 'cmake'
[0.960s] Level 1:colcon.colcon_core.package_identification:_identify(src/elevation_mapping_cupy/docs/source) by extension 'python'
[0.961s] Level 1:colcon.colcon_core.package_identification:_identify(src/elevation_mapping_cupy/docs/source) by extensions ['python_setup_py']
[0.961s] Level 1:colcon.colcon_core.package_identification:_identify(src/elevation_mapping_cupy/docs/source) by extension 'python_setup_py'
[0.961s] Level 1:colcon.colcon_core.package_identification:_identify(src/elevation_mapping_cupy/docs/source/getting_started) by extensions ['ignore', 'ignore_ament_install']
[0.961s] Level 1:colcon.colcon_core.package_identification:_identify(src/elevation_mapping_cupy/docs/source/getting_started) by extension 'ignore'
[0.962s] Level 1:colcon.colcon_core.package_identification:_identify(src/elevation_mapping_cupy/docs/source/getting_started) by extension 'ignore_ament_install'
[0.962s] Level 1:colcon.colcon_core.package_identification:_identify(src/elevation_mapping_cupy/docs/source/getting_started) by extensions ['colcon_pkg']
[0.962s] Level 1:colcon.colcon_core.package_identification:_identify(src/elevation_mapping_cupy/docs/source/getting_started) by extension 'colcon_pkg'
[0.962s] Level 1:colcon.colcon_core.package_identification:_identify(src/elevation_mapping_cupy/docs/source/getting_started) by extensions ['colcon_meta']
[0.962s] Level 1:colcon.colcon_core.package_identification:_identify(src/elevation_mapping_cupy/docs/source/getting_started) by extension 'colcon_meta'
[0.962s] Level 1:colcon.colcon_core.package_identification:_identify(src/elevation_mapping_cupy/docs/source/getting_started) by extensions ['ros']
[0.963s] Level 1:colcon.colcon_core.package_identification:_identify(src/elevation_mapping_cupy/docs/source/getting_started) by extension 'ros'
[0.963s] Level 1:colcon.colcon_core.package_identification:_identify(src/elevation_mapping_cupy/docs/source/getting_started) by extensions ['cmake', 'python']
[0.963s] Level 1:colcon.colcon_core.package_identification:_identify(src/elevation_mapping_cupy/docs/source/getting_started) by extension 'cmake'
[0.963s] Level 1:colcon.colcon_core.package_identification:_identify(src/elevation_mapping_cupy/docs/source/getting_started) by extension 'python'
[0.963s] Level 1:colcon.colcon_core.package_identification:_identify(src/elevation_mapping_cupy/docs/source/getting_started) by extensions ['python_setup_py']
[0.963s] Level 1:colcon.colcon_core.package_identification:_identify(src/elevation_mapping_cupy/docs/source/getting_started) by extension 'python_setup_py'
[0.964s] Level 1:colcon.colcon_core.package_identification:_identify(src/elevation_mapping_cupy/docs/source/python) by extensions ['ignore', 'ignore_ament_install']
[0.964s] Level 1:colcon.colcon_core.package_identification:_identify(src/elevation_mapping_cupy/docs/source/python) by extension 'ignore'
[0.964s] Level 1:colcon.colcon_core.package_identification:_identify(src/elevation_mapping_cupy/docs/source/python) by extension 'ignore_ament_install'
[0.964s] Level 1:colcon.colcon_core.package_identification:_identify(src/elevation_mapping_cupy/docs/source/python) by extensions ['colcon_pkg']
[0.965s] Level 1:colcon.colcon_core.package_identification:_identify(src/elevation_mapping_cupy/docs/source/python) by extension 'colcon_pkg'
[0.965s] Level 1:colcon.colcon_core.package_identification:_identify(src/elevation_mapping_cupy/docs/source/python) by extensions ['colcon_meta']
[0.965s] Level 1:colcon.colcon_core.package_identification:_identify(src/elevation_mapping_cupy/docs/source/python) by extension 'colcon_meta'
[0.965s] Level 1:colcon.colcon_core.package_identification:_identify(src/elevation_mapping_cupy/docs/source/python) by extensions ['ros']
[0.965s] Level 1:colcon.colcon_core.package_identification:_identify(src/elevation_mapping_cupy/docs/source/python) by extension 'ros'
[0.965s] Level 1:colcon.colcon_core.package_identification:_identify(src/elevation_mapping_cupy/docs/source/python) by extensions ['cmake', 'python']
[0.966s] Level 1:colcon.colcon_core.package_identification:_identify(src/elevation_mapping_cupy/docs/source/python) by extension 'cmake'
[0.966s] Level 1:colcon.colcon_core.package_identification:_identify(src/elevation_mapping_cupy/docs/source/python) by extension 'python'
[0.966s] Level 1:colcon.colcon_core.package_identification:_identify(src/elevation_mapping_cupy/docs/source/python) by extensions ['python_setup_py']
[0.966s] Level 1:colcon.colcon_core.package_identification:_identify(src/elevation_mapping_cupy/docs/source/python) by extension 'python_setup_py'
[0.966s] Level 1:colcon.colcon_core.package_identification:_identify(src/elevation_mapping_cupy/docs/source/release_notes) by extensions ['ignore', 'ignore_ament_install']
[0.967s] Level 1:colcon.colcon_core.package_identification:_identify(src/elevation_mapping_cupy/docs/source/release_notes) by extension 'ignore'
[0.967s] Level 1:colcon.colcon_core.package_identification:_identify(src/elevation_mapping_cupy/docs/source/release_notes) by extension 'ignore_ament_install'
[0.967s] Level 1:colcon.colcon_core.package_identification:_identify(src/elevation_mapping_cupy/docs/source/release_notes) by extensions ['colcon_pkg']
[0.967s] Level 1:colcon.colcon_core.package_identification:_identify(src/elevation_mapping_cupy/docs/source/release_notes) by extension 'colcon_pkg'
[0.968s] Level 1:colcon.colcon_core.package_identification:_identify(src/elevation_mapping_cupy/docs/source/release_notes) by extensions ['colcon_meta']
[0.968s] Level 1:colcon.colcon_core.package_identification:_identify(src/elevation_mapping_cupy/docs/source/release_notes) by extension 'colcon_meta'
[0.968s] Level 1:colcon.colcon_core.package_identification:_identify(src/elevation_mapping_cupy/docs/source/release_notes) by extensions ['ros']
[0.968s] Level 1:colcon.colcon_core.package_identification:_identify(src/elevation_mapping_cupy/docs/source/release_notes) by extension 'ros'
[0.969s] Level 1:colcon.colcon_core.package_identification:_identify(src/elevation_mapping_cupy/docs/source/release_notes) by extensions ['cmake', 'python']
[0.969s] Level 1:colcon.colcon_core.package_identification:_identify(src/elevation_mapping_cupy/docs/source/release_notes) by extension 'cmake'
[0.969s] Level 1:colcon.colcon_core.package_identification:_identify(src/elevation_mapping_cupy/docs/source/release_notes) by extension 'python'
[0.969s] Level 1:colcon.colcon_core.package_identification:_identify(src/elevation_mapping_cupy/docs/source/release_notes) by extensions ['python_setup_py']
[0.969s] Level 1:colcon.colcon_core.package_identification:_identify(src/elevation_mapping_cupy/docs/source/release_notes) by extension 'python_setup_py'
[0.970s] Level 1:colcon.colcon_core.package_identification:_identify(src/elevation_mapping_cupy/docs/source/usage) by extensions ['ignore', 'ignore_ament_install']
[0.970s] Level 1:colcon.colcon_core.package_identification:_identify(src/elevation_mapping_cupy/docs/source/usage) by extension 'ignore'
[0.970s] Level 1:colcon.colcon_core.package_identification:_identify(src/elevation_mapping_cupy/docs/source/usage) by extension 'ignore_ament_install'
[0.970s] Level 1:colcon.colcon_core.package_identification:_identify(src/elevation_mapping_cupy/docs/source/usage) by extensions ['colcon_pkg']
[0.970s] Level 1:colcon.colcon_core.package_identification:_identify(src/elevation_mapping_cupy/docs/source/usage) by extension 'colcon_pkg'
[0.971s] Level 1:colcon.colcon_core.package_identification:_identify(src/elevation_mapping_cupy/docs/source/usage) by extensions ['colcon_meta']
[0.971s] Level 1:colcon.colcon_core.package_identification:_identify(src/elevation_mapping_cupy/docs/source/usage) by extension 'colcon_meta'
[0.971s] Level 1:colcon.colcon_core.package_identification:_identify(src/elevation_mapping_cupy/docs/source/usage) by extensions ['ros']
[0.971s] Level 1:colcon.colcon_core.package_identification:_identify(src/elevation_mapping_cupy/docs/source/usage) by extension 'ros'
[0.971s] Level 1:colcon.colcon_core.package_identification:_identify(src/elevation_mapping_cupy/docs/source/usage) by extensions ['cmake', 'python']
[0.972s] Level 1:colcon.colcon_core.package_identification:_identify(src/elevation_mapping_cupy/docs/source/usage) by extension 'cmake'
[0.972s] Level 1:colcon.colcon_core.package_identification:_identify(src/elevation_mapping_cupy/docs/source/usage) by extension 'python'
[0.972s] Level 1:colcon.colcon_core.package_identification:_identify(src/elevation_mapping_cupy/docs/source/usage) by extensions ['python_setup_py']
[0.972s] Level 1:colcon.colcon_core.package_identification:_identify(src/elevation_mapping_cupy/docs/source/usage) by extension 'python_setup_py'
[0.972s] Level 1:colcon.colcon_core.package_identification:_identify(src/elevation_mapping_cupy/elevation_map_msgs) by extensions ['ignore', 'ignore_ament_install']
[0.973s] Level 1:colcon.colcon_core.package_identification:_identify(src/elevation_mapping_cupy/elevation_map_msgs) by extension 'ignore'
[0.973s] Level 1:colcon.colcon_core.package_identification:_identify(src/elevation_mapping_cupy/elevation_map_msgs) by extension 'ignore_ament_install'
[0.973s] Level 1:colcon.colcon_core.package_identification:_identify(src/elevation_mapping_cupy/elevation_map_msgs) by extensions ['colcon_pkg']
[0.973s] Level 1:colcon.colcon_core.package_identification:_identify(src/elevation_mapping_cupy/elevation_map_msgs) by extension 'colcon_pkg'
[0.973s] Level 1:colcon.colcon_core.package_identification:_identify(src/elevation_mapping_cupy/elevation_map_msgs) by extensions ['colcon_meta']
[0.973s] Level 1:colcon.colcon_core.package_identification:_identify(src/elevation_mapping_cupy/elevation_map_msgs) by extension 'colcon_meta'
[0.974s] Level 1:colcon.colcon_core.package_identification:_identify(src/elevation_mapping_cupy/elevation_map_msgs) by extensions ['ros']
[0.974s] Level 1:colcon.colcon_core.package_identification:_identify(src/elevation_mapping_cupy/elevation_map_msgs) by extension 'ros'
[0.976s] DEBUG:colcon.colcon_core.package_identification:Package 'src/elevation_mapping_cupy/elevation_map_msgs' with type 'ros.ament_cmake' and name 'elevation_map_msgs'
[0.976s] Level 1:colcon.colcon_core.package_identification:_identify(src/elevation_mapping_cupy/elevation_mapping_cupy) by extensions ['ignore', 'ignore_ament_install']
[0.977s] Level 1:colcon.colcon_core.package_identification:_identify(src/elevation_mapping_cupy/elevation_mapping_cupy) by extension 'ignore'
[0.977s] Level 1:colcon.colcon_core.package_identification:_identify(src/elevation_mapping_cupy/elevation_mapping_cupy) by extension 'ignore_ament_install'
[0.978s] Level 1:colcon.colcon_core.package_identification:_identify(src/elevation_mapping_cupy/elevation_mapping_cupy) by extensions ['colcon_pkg']
[0.978s] Level 1:colcon.colcon_core.package_identification:_identify(src/elevation_mapping_cupy/elevation_mapping_cupy) by extension 'colcon_pkg'
[0.978s] Level 1:colcon.colcon_core.package_identification:_identify(src/elevation_mapping_cupy/elevation_mapping_cupy) by extensions ['colcon_meta']
[0.979s] Level 1:colcon.colcon_core.package_identification:_identify(src/elevation_mapping_cupy/elevation_mapping_cupy) by extension 'colcon_meta'
[0.979s] Level 1:colcon.colcon_core.package_identification:_identify(src/elevation_mapping_cupy/elevation_mapping_cupy) by extensions ['ros']
[0.979s] Level 1:colcon.colcon_core.package_identification:_identify(src/elevation_mapping_cupy/elevation_mapping_cupy) by extension 'ros'
[0.987s] DEBUG:colcon.colcon_core.package_identification:Package 'src/elevation_mapping_cupy/elevation_mapping_cupy' with type 'ros.ament_cmake' and name 'elevation_mapping_cupy'
[0.987s] Level 1:colcon.colcon_core.package_identification:_identify(src/elevation_mapping_cupy/plane_segmentation) by extensions ['ignore', 'ignore_ament_install']
[0.987s] Level 1:colcon.colcon_core.package_identification:_identify(src/elevation_mapping_cupy/plane_segmentation) by extension 'ignore'
[0.988s] Level 1:colcon.colcon_core.package_identification:_identify(src/elevation_mapping_cupy/plane_segmentation) ignored
[0.988s] Level 1:colcon.colcon_core.package_identification:_identify(src/elevation_mapping_cupy/scripts) by extensions ['ignore', 'ignore_ament_install']
[0.989s] Level 1:colcon.colcon_core.package_identification:_identify(src/elevation_mapping_cupy/scripts) by extension 'ignore'
[0.989s] Level 1:colcon.colcon_core.package_identification:_identify(src/elevation_mapping_cupy/scripts) by extension 'ignore_ament_install'
[0.989s] Level 1:colcon.colcon_core.package_identification:_identify(src/elevation_mapping_cupy/scripts) by extensions ['colcon_pkg']
[0.989s] Level 1:colcon.colcon_core.package_identification:_identify(src/elevation_mapping_cupy/scripts) by extension 'colcon_pkg'
[0.989s] Level 1:colcon.colcon_core.package_identification:_identify(src/elevation_mapping_cupy/scripts) by extensions ['colcon_meta']
[0.990s] Level 1:colcon.colcon_core.package_identification:_identify(src/elevation_mapping_cupy/scripts) by extension 'colcon_meta'
[0.990s] Level 1:colcon.colcon_core.package_identification:_identify(src/elevation_mapping_cupy/scripts) by extensions ['ros']
[0.990s] Level 1:colcon.colcon_core.package_identification:_identify(src/elevation_mapping_cupy/scripts) by extension 'ros'
[0.991s] Level 1:colcon.colcon_core.package_identification:_identify(src/elevation_mapping_cupy/scripts) by extensions ['cmake', 'python']
[0.991s] Level 1:colcon.colcon_core.package_identification:_identify(src/elevation_mapping_cupy/scripts) by extension 'cmake'
[0.991s] Level 1:colcon.colcon_core.package_identification:_identify(src/elevation_mapping_cupy/scripts) by extension 'python'
[0.992s] Level 1:colcon.colcon_core.package_identification:_identify(src/elevation_mapping_cupy/scripts) by extensions ['python_setup_py']
[0.992s] Level 1:colcon.colcon_core.package_identification:_identify(src/elevation_mapping_cupy/scripts) by extension 'python_setup_py'
[0.992s] Level 1:colcon.colcon_core.package_identification:_identify(src/elevation_mapping_cupy/scripts/ci) by extensions ['ignore', 'ignore_ament_install']
[0.993s] Level 1:colcon.colcon_core.package_identification:_identify(src/elevation_mapping_cupy/scripts/ci) by extension 'ignore'
[0.993s] Level 1:colcon.colcon_core.package_identification:_identify(src/elevation_mapping_cupy/scripts/ci) by extension 'ignore_ament_install'
[0.994s] Level 1:colcon.colcon_core.package_identification:_identify(src/elevation_mapping_cupy/scripts/ci) by extensions ['colcon_pkg']
[0.994s] Level 1:colcon.colcon_core.package_identification:_identify(src/elevation_mapping_cupy/scripts/ci) by extension 'colcon_pkg'
[0.994s] Level 1:colcon.colcon_core.package_identification:_identify(src/elevation_mapping_cupy/scripts/ci) by extensions ['colcon_meta']
[0.994s] Level 1:colcon.colcon_core.package_identification:_identify(src/elevation_mapping_cupy/scripts/ci) by extension 'colcon_meta'
[0.994s] Level 1:colcon.colcon_core.package_identification:_identify(src/elevation_mapping_cupy/scripts/ci) by extensions ['ros']
[0.994s] Level 1:colcon.colcon_core.package_identification:_identify(src/elevation_mapping_cupy/scripts/ci) by extension 'ros'
[0.995s] Level 1:colcon.colcon_core.package_identification:_identify(src/elevation_mapping_cupy/scripts/ci) by extensions ['cmake', 'python']
[0.995s] Level 1:colcon.colcon_core.package_identification:_identify(src/elevation_mapping_cupy/scripts/ci) by extension 'cmake'
[0.996s] Level 1:colcon.colcon_core.package_identification:_identify(src/elevation_mapping_cupy/scripts/ci) by extension 'python'
[0.996s] Level 1:colcon.colcon_core.package_identification:_identify(src/elevation_mapping_cupy/scripts/ci) by extensions ['python_setup_py']
[0.996s] Level 1:colcon.colcon_core.package_identification:_identify(src/elevation_mapping_cupy/scripts/ci) by extension 'python_setup_py'
[0.996s] Level 1:colcon.colcon_core.package_identification:_identify(src/elevation_mapping_cupy/sensor_processing) by extensions ['ignore', 'ignore_ament_install']
[0.997s] Level 1:colcon.colcon_core.package_identification:_identify(src/elevation_mapping_cupy/sensor_processing) by extension 'ignore'
[0.997s] Level 1:colcon.colcon_core.package_identification:_identify(src/elevation_mapping_cupy/sensor_processing) by extension 'ignore_ament_install'
[0.997s] Level 1:colcon.colcon_core.package_identification:_identify(src/elevation_mapping_cupy/sensor_processing) by extensions ['colcon_pkg']
[0.998s] Level 1:colcon.colcon_core.package_identification:_identify(src/elevation_mapping_cupy/sensor_processing) by extension 'colcon_pkg'
[0.998s] Level 1:colcon.colcon_core.package_identification:_identify(src/elevation_mapping_cupy/sensor_processing) by extensions ['colcon_meta']
[0.998s] Level 1:colcon.colcon_core.package_identification:_identify(src/elevation_mapping_cupy/sensor_processing) by extension 'colcon_meta'
[0.998s] Level 1:colcon.colcon_core.package_identification:_identify(src/elevation_mapping_cupy/sensor_processing) by extensions ['ros']
[0.998s] Level 1:colcon.colcon_core.package_identification:_identify(src/elevation_mapping_cupy/sensor_processing) by extension 'ros'
[0.999s] Level 1:colcon.colcon_core.package_identification:_identify(src/elevation_mapping_cupy/sensor_processing) by extensions ['cmake', 'python']
[0.999s] Level 1:colcon.colcon_core.package_identification:_identify(src/elevation_mapping_cupy/sensor_processing) by extension 'cmake'
[0.999s] Level 1:colcon.colcon_core.package_identification:_identify(src/elevation_mapping_cupy/sensor_processing) by extension 'python'
[0.999s] Level 1:colcon.colcon_core.package_identification:_identify(src/elevation_mapping_cupy/sensor_processing) by extensions ['python_setup_py']
[0.999s] Level 1:colcon.colcon_core.package_identification:_identify(src/elevation_mapping_cupy/sensor_processing) by extension 'python_setup_py'
[1.000s] Level 1:colcon.colcon_core.package_identification:_identify(src/elevation_mapping_cupy/sensor_processing/semantic_sensor) by extensions ['ignore', 'ignore_ament_install']
[1.000s] Level 1:colcon.colcon_core.package_identification:_identify(src/elevation_mapping_cupy/sensor_processing/semantic_sensor) by extension 'ignore'
[1.001s] Level 1:colcon.colcon_core.package_identification:_identify(src/elevation_mapping_cupy/sensor_processing/semantic_sensor) by extension 'ignore_ament_install'
[1.001s] Level 1:colcon.colcon_core.package_identification:_identify(src/elevation_mapping_cupy/sensor_processing/semantic_sensor) by extensions ['colcon_pkg']
[1.001s] Level 1:colcon.colcon_core.package_identification:_identify(src/elevation_mapping_cupy/sensor_processing/semantic_sensor) by extension 'colcon_pkg'
[1.002s] Level 1:colcon.colcon_core.package_identification:_identify(src/elevation_mapping_cupy/sensor_processing/semantic_sensor) by extensions ['colcon_meta']
[1.002s] Level 1:colcon.colcon_core.package_identification:_identify(src/elevation_mapping_cupy/sensor_processing/semantic_sensor) by extension 'colcon_meta'
[1.002s] Level 1:colcon.colcon_core.package_identification:_identify(src/elevation_mapping_cupy/sensor_processing/semantic_sensor) by extensions ['ros']
[1.002s] Level 1:colcon.colcon_core.package_identification:_identify(src/elevation_mapping_cupy/sensor_processing/semantic_sensor) by extension 'ros'
[1.008s] DEBUG:colcon.colcon_core.package_identification:Package 'src/elevation_mapping_cupy/sensor_processing/semantic_sensor' with type 'ros.ament_python' and name 'semantic_sensor'
[1.008s] Level 1:colcon.colcon_core.package_identification:_identify(src/nebula2-wildos-main) by extensions ['ignore', 'ignore_ament_install']
[1.009s] Level 1:colcon.colcon_core.package_identification:_identify(src/nebula2-wildos-main) by extension 'ignore'
[1.009s] Level 1:colcon.colcon_core.package_identification:_identify(src/nebula2-wildos-main) by extension 'ignore_ament_install'
[1.010s] Level 1:colcon.colcon_core.package_identification:_identify(src/nebula2-wildos-main) by extensions ['colcon_pkg']
[1.010s] Level 1:colcon.colcon_core.package_identification:_identify(src/nebula2-wildos-main) by extension 'colcon_pkg'
[1.010s] Level 1:colcon.colcon_core.package_identification:_identify(src/nebula2-wildos-main) by extensions ['colcon_meta']
[1.011s] Level 1:colcon.colcon_core.package_identification:_identify(src/nebula2-wildos-main) by extension 'colcon_meta'
[1.011s] Level 1:colcon.colcon_core.package_identification:_identify(src/nebula2-wildos-main) by extensions ['ros']
[1.011s] Level 1:colcon.colcon_core.package_identification:_identify(src/nebula2-wildos-main) by extension 'ros'
[1.011s] Level 1:colcon.colcon_core.package_identification:_identify(src/nebula2-wildos-main) by extensions ['cmake', 'python']
[1.012s] Level 1:colcon.colcon_core.package_identification:_identify(src/nebula2-wildos-main) by extension 'cmake'
[1.012s] Level 1:colcon.colcon_core.package_identification:_identify(src/nebula2-wildos-main) by extension 'python'
[1.012s] Level 1:colcon.colcon_core.package_identification:_identify(src/nebula2-wildos-main) by extensions ['python_setup_py']
[1.012s] Level 1:colcon.colcon_core.package_identification:_identify(src/nebula2-wildos-main) by extension 'python_setup_py'
[1.013s] Level 1:colcon.colcon_core.package_identification:_identify(src/nebula2-wildos-main/assets) by extensions ['ignore', 'ignore_ament_install']
[1.013s] Level 1:colcon.colcon_core.package_identification:_identify(src/nebula2-wildos-main/assets) by extension 'ignore'
[1.014s] Level 1:colcon.colcon_core.package_identification:_identify(src/nebula2-wildos-main/assets) ignored
[1.014s] Level 1:colcon.colcon_core.package_identification:_identify(src/nebula2-wildos-main/ckpts) by extensions ['ignore', 'ignore_ament_install']
[1.015s] Level 1:colcon.colcon_core.package_identification:_identify(src/nebula2-wildos-main/ckpts) by extension 'ignore'
[1.015s] Level 1:colcon.colcon_core.package_identification:_identify(src/nebula2-wildos-main/ckpts) by extension 'ignore_ament_install'
[1.015s] Level 1:colcon.colcon_core.package_identification:_identify(src/nebula2-wildos-main/ckpts) by extensions ['colcon_pkg']
[1.015s] Level 1:colcon.colcon_core.package_identification:_identify(src/nebula2-wildos-main/ckpts) by extension 'colcon_pkg'
[1.015s] Level 1:colcon.colcon_core.package_identification:_identify(src/nebula2-wildos-main/ckpts) by extensions ['colcon_meta']
[1.016s] Level 1:colcon.colcon_core.package_identification:_identify(src/nebula2-wildos-main/ckpts) by extension 'colcon_meta'
[1.016s] Level 1:colcon.colcon_core.package_identification:_identify(src/nebula2-wildos-main/ckpts) by extensions ['ros']
[1.016s] Level 1:colcon.colcon_core.package_identification:_identify(src/nebula2-wildos-main/ckpts) by extension 'ros'
[1.017s] Level 1:colcon.colcon_core.package_identification:_identify(src/nebula2-wildos-main/ckpts) by extensions ['cmake', 'python']
[1.017s] Level 1:colcon.colcon_core.package_identification:_identify(src/nebula2-wildos-main/ckpts) by extension 'cmake'
[1.017s] Level 1:colcon.colcon_core.package_identification:_identify(src/nebula2-wildos-main/ckpts) by extension 'python'
[1.017s] Level 1:colcon.colcon_core.package_identification:_identify(src/nebula2-wildos-main/ckpts) by extensions ['python_setup_py']
[1.018s] Level 1:colcon.colcon_core.package_identification:_identify(src/nebula2-wildos-main/ckpts) by extension 'python_setup_py'
[1.018s] Level 1:colcon.colcon_core.package_identification:_identify(src/nebula2-wildos-main/explorfm) by extensions ['ignore', 'ignore_ament_install']
[1.019s] Level 1:colcon.colcon_core.package_identification:_identify(src/nebula2-wildos-main/explorfm) by extension 'ignore'
[1.019s] Level 1:colcon.colcon_core.package_identification:_identify(src/nebula2-wildos-main/explorfm) ignored
[1.020s] Level 1:colcon.colcon_core.package_identification:_identify(src/nebula2-wildos-main/explorfm_trainer) by extensions ['ignore', 'ignore_ament_install']
[1.020s] Level 1:colcon.colcon_core.package_identification:_identify(src/nebula2-wildos-main/explorfm_trainer) by extension 'ignore'
[1.020s] Level 1:colcon.colcon_core.package_identification:_identify(src/nebula2-wildos-main/explorfm_trainer) ignored
[1.021s] Level 1:colcon.colcon_core.package_identification:_identify(src/nebula2-wildos-main/gps_visualization) by extensions ['ignore', 'ignore_ament_install']
[1.021s] Level 1:colcon.colcon_core.package_identification:_identify(src/nebula2-wildos-main/gps_visualization) by extension 'ignore'
[1.021s] Level 1:colcon.colcon_core.package_identification:_identify(src/nebula2-wildos-main/gps_visualization) by extension 'ignore_ament_install'
[1.022s] Level 1:colcon.colcon_core.package_identification:_identify(src/nebula2-wildos-main/gps_visualization) by extensions ['colcon_pkg']
[1.023s] Level 1:colcon.colcon_core.package_identification:_identify(src/nebula2-wildos-main/gps_visualization) by extension 'colcon_pkg'
[1.023s] Level 1:colcon.colcon_core.package_identification:_identify(src/nebula2-wildos-main/gps_visualization) by extensions ['colcon_meta']
[1.023s] Level 1:colcon.colcon_core.package_identification:_identify(src/nebula2-wildos-main/gps_visualization) by extension 'colcon_meta'
[1.024s] Level 1:colcon.colcon_core.package_identification:_identify(src/nebula2-wildos-main/gps_visualization) by extensions ['ros']
[1.024s] Level 1:colcon.colcon_core.package_identification:_identify(src/nebula2-wildos-main/gps_visualization) by extension 'ros'
[1.026s] DEBUG:colcon.colcon_core.package_identification:Package 'src/nebula2-wildos-main/gps_visualization' with type 'ros.ament_cmake' and name 'gps_visualization'
[1.026s] Level 1:colcon.colcon_core.package_identification:_identify(src/nebula2-wildos-main/graaf_vendor) by extensions ['ignore', 'ignore_ament_install']
[1.027s] Level 1:colcon.colcon_core.package_identification:_identify(src/nebula2-wildos-main/graaf_vendor) by extension 'ignore'
[1.027s] Level 1:colcon.colcon_core.package_identification:_identify(src/nebula2-wildos-main/graaf_vendor) by extension 'ignore_ament_install'
[1.027s] Level 1:colcon.colcon_core.package_identification:_identify(src/nebula2-wildos-main/graaf_vendor) by extensions ['colcon_pkg']
[1.028s] Level 1:colcon.colcon_core.package_identification:_identify(src/nebula2-wildos-main/graaf_vendor) by extension 'colcon_pkg'
[1.028s] Level 1:colcon.colcon_core.package_identification:_identify(src/nebula2-wildos-main/graaf_vendor) by extensions ['colcon_meta']
[1.028s] Level 1:colcon.colcon_core.package_identification:_identify(src/nebula2-wildos-main/graaf_vendor) by extension 'colcon_meta'
[1.028s] Level 1:colcon.colcon_core.package_identification:_identify(src/nebula2-wildos-main/graaf_vendor) by extensions ['ros']
[1.028s] Level 1:colcon.colcon_core.package_identification:_identify(src/nebula2-wildos-main/graaf_vendor) by extension 'ros'
[1.030s] DEBUG:colcon.colcon_core.package_identification:Package 'src/nebula2-wildos-main/graaf_vendor' with type 'ros.ament_cmake' and name 'graaf_vendor'
[1.030s] Level 1:colcon.colcon_core.package_identification:_identify(src/nebula2-wildos-main/graphnav_builder) by extensions ['ignore', 'ignore_ament_install']
[1.031s] Level 1:colcon.colcon_core.package_identification:_identify(src/nebula2-wildos-main/graphnav_builder) by extension 'ignore'
[1.031s] Level 1:colcon.colcon_core.package_identification:_identify(src/nebula2-wildos-main/graphnav_builder) by extension 'ignore_ament_install'
[1.032s] Level 1:colcon.colcon_core.package_identification:_identify(src/nebula2-wildos-main/graphnav_builder) by extensions ['colcon_pkg']
[1.032s] Level 1:colcon.colcon_core.package_identification:_identify(src/nebula2-wildos-main/graphnav_builder) by extension 'colcon_pkg'
[1.032s] Level 1:colcon.colcon_core.package_identification:_identify(src/nebula2-wildos-main/graphnav_builder) by extensions ['colcon_meta']
[1.032s] Level 1:colcon.colcon_core.package_identification:_identify(src/nebula2-wildos-main/graphnav_builder) by extension 'colcon_meta'
[1.033s] Level 1:colcon.colcon_core.package_identification:_identify(src/nebula2-wildos-main/graphnav_builder) by extensions ['ros']
[1.033s] Level 1:colcon.colcon_core.package_identification:_identify(src/nebula2-wildos-main/graphnav_builder) by extension 'ros'
[1.035s] DEBUG:colcon.colcon_core.package_identification:Package 'src/nebula2-wildos-main/graphnav_builder' with type 'ros.ament_python' and name 'graphnav_builder'
[1.035s] Level 1:colcon.colcon_core.package_identification:_identify(src/nebula2-wildos-main/graphnav_msgs) by extensions ['ignore', 'ignore_ament_install']
[1.036s] Level 1:colcon.colcon_core.package_identification:_identify(src/nebula2-wildos-main/graphnav_msgs) by extension 'ignore'
[1.036s] Level 1:colcon.colcon_core.package_identification:_identify(src/nebula2-wildos-main/graphnav_msgs) by extension 'ignore_ament_install'
[1.036s] Level 1:colcon.colcon_core.package_identification:_identify(src/nebula2-wildos-main/graphnav_msgs) by extensions ['colcon_pkg']
[1.036s] Level 1:colcon.colcon_core.package_identification:_identify(src/nebula2-wildos-main/graphnav_msgs) by extension 'colcon_pkg'
[1.037s] Level 1:colcon.colcon_core.package_identification:_identify(src/nebula2-wildos-main/graphnav_msgs) by extensions ['colcon_meta']
[1.037s] Level 1:colcon.colcon_core.package_identification:_identify(src/nebula2-wildos-main/graphnav_msgs) by extension 'colcon_meta'
[1.037s] Level 1:colcon.colcon_core.package_identification:_identify(src/nebula2-wildos-main/graphnav_msgs) by extensions ['ros']
[1.037s] Level 1:colcon.colcon_core.package_identification:_identify(src/nebula2-wildos-main/graphnav_msgs) by extension 'ros'
[1.045s] DEBUG:colcon.colcon_core.package_identification:Package 'src/nebula2-wildos-main/graphnav_msgs' with type 'ros.ament_cmake' and name 'graphnav_msgs'
[1.046s] Level 1:colcon.colcon_core.package_identification:_identify(src/nebula2-wildos-main/graphnav_planner) by extensions ['ignore', 'ignore_ament_install']
[1.048s] Level 1:colcon.colcon_core.package_identification:_identify(src/nebula2-wildos-main/graphnav_planner) by extension 'ignore'
[1.049s] Level 1:colcon.colcon_core.package_identification:_identify(src/nebula2-wildos-main/graphnav_planner) by extension 'ignore_ament_install'
[1.049s] Level 1:colcon.colcon_core.package_identification:_identify(src/nebula2-wildos-main/graphnav_planner) by extensions ['colcon_pkg']
[1.049s] Level 1:colcon.colcon_core.package_identification:_identify(src/nebula2-wildos-main/graphnav_planner) by extension 'colcon_pkg'
[1.049s] Level 1:colcon.colcon_core.package_identification:_identify(src/nebula2-wildos-main/graphnav_planner) by extensions ['colcon_meta']
[1.049s] Level 1:colcon.colcon_core.package_identification:_identify(src/nebula2-wildos-main/graphnav_planner) by extension 'colcon_meta'
[1.050s] Level 1:colcon.colcon_core.package_identification:_identify(src/nebula2-wildos-main/graphnav_planner) by extensions ['ros']
[1.050s] Level 1:colcon.colcon_core.package_identification:_identify(src/nebula2-wildos-main/graphnav_planner) by extension 'ros'
[1.054s] DEBUG:colcon.colcon_core.package_identification:Package 'src/nebula2-wildos-main/graphnav_planner' with type 'ros.ament_cmake' and name 'graphnav_planner'
[1.055s] Level 1:colcon.colcon_core.package_identification:_identify(src/nebula2-wildos-main/nvidia_radio) by extensions ['ignore', 'ignore_ament_install']
[1.056s] Level 1:colcon.colcon_core.package_identification:_identify(src/nebula2-wildos-main/nvidia_radio) by extension 'ignore'
[1.056s] Level 1:colcon.colcon_core.package_identification:_identify(src/nebula2-wildos-main/nvidia_radio) ignored
[1.057s] Level 1:colcon.colcon_core.package_identification:_identify(src/nebula2-wildos-main/object_search_msgs) by extensions ['ignore', 'ignore_ament_install']
[1.057s] Level 1:colcon.colcon_core.package_identification:_identify(src/nebula2-wildos-main/object_search_msgs) by extension 'ignore'
[1.058s] Level 1:colcon.colcon_core.package_identification:_identify(src/nebula2-wildos-main/object_search_msgs) by extension 'ignore_ament_install'
[1.059s] Level 1:colcon.colcon_core.package_identification:_identify(src/nebula2-wildos-main/object_search_msgs) by extensions ['colcon_pkg']
[1.059s] Level 1:colcon.colcon_core.package_identification:_identify(src/nebula2-wildos-main/object_search_msgs) by extension 'colcon_pkg'
[1.059s] Level 1:colcon.colcon_core.package_identification:_identify(src/nebula2-wildos-main/object_search_msgs) by extensions ['colcon_meta']
[1.059s] Level 1:colcon.colcon_core.package_identification:_identify(src/nebula2-wildos-main/object_search_msgs) by extension 'colcon_meta'
[1.059s] Level 1:colcon.colcon_core.package_identification:_identify(src/nebula2-wildos-main/object_search_msgs) by extensions ['ros']
[1.059s] Level 1:colcon.colcon_core.package_identification:_identify(src/nebula2-wildos-main/object_search_msgs) by extension 'ros'
[1.063s] DEBUG:colcon.colcon_core.package_identification:Package 'src/nebula2-wildos-main/object_search_msgs' with type 'ros.ament_cmake' and name 'object_search_msgs'
[1.063s] Level 1:colcon.colcon_core.package_identification:_identify(src/nebula2-wildos-main/triangulation3d) by extensions ['ignore', 'ignore_ament_install']
[1.063s] Level 1:colcon.colcon_core.package_identification:_identify(src/nebula2-wildos-main/triangulation3d) by extension 'ignore'
[1.064s] Level 1:colcon.colcon_core.package_identification:_identify(src/nebula2-wildos-main/triangulation3d) by extension 'ignore_ament_install'
[1.065s] Level 1:colcon.colcon_core.package_identification:_identify(src/nebula2-wildos-main/triangulation3d) by extensions ['colcon_pkg']
[1.065s] Level 1:colcon.colcon_core.package_identification:_identify(src/nebula2-wildos-main/triangulation3d) by extension 'colcon_pkg'
[1.065s] Level 1:colcon.colcon_core.package_identification:_identify(src/nebula2-wildos-main/triangulation3d) by extensions ['colcon_meta']
[1.065s] Level 1:colcon.colcon_core.package_identification:_identify(src/nebula2-wildos-main/triangulation3d) by extension 'colcon_meta'
[1.066s] Level 1:colcon.colcon_core.package_identification:_identify(src/nebula2-wildos-main/triangulation3d) by extensions ['ros']
[1.066s] Level 1:colcon.colcon_core.package_identification:_identify(src/nebula2-wildos-main/triangulation3d) by extension 'ros'
[1.067s] DEBUG:colcon.colcon_core.package_identification:Package 'src/nebula2-wildos-main/triangulation3d' with type 'ros.ament_python' and name 'triangulation3d'
[1.068s] Level 1:colcon.colcon_core.package_identification:_identify(src/nebula2-wildos-main/visual_navigation) by extensions ['ignore', 'ignore_ament_install']
[1.068s] Level 1:colcon.colcon_core.package_identification:_identify(src/nebula2-wildos-main/visual_navigation) by extension 'ignore'
[1.068s] Level 1:colcon.colcon_core.package_identification:_identify(src/nebula2-wildos-main/visual_navigation) by extension 'ignore_ament_install'
[1.069s] Level 1:colcon.colcon_core.package_identification:_identify(src/nebula2-wildos-main/visual_navigation) by extensions ['colcon_pkg']
[1.069s] Level 1:colcon.colcon_core.package_identification:_identify(src/nebula2-wildos-main/visual_navigation) by extension 'colcon_pkg'
[1.069s] Level 1:colcon.colcon_core.package_identification:_identify(src/nebula2-wildos-main/visual_navigation) by extensions ['colcon_meta']
[1.070s] Level 1:colcon.colcon_core.package_identification:_identify(src/nebula2-wildos-main/visual_navigation) by extension 'colcon_meta'
[1.070s] Level 1:colcon.colcon_core.package_identification:_identify(src/nebula2-wildos-main/visual_navigation) by extensions ['ros']
[1.070s] Level 1:colcon.colcon_core.package_identification:_identify(src/nebula2-wildos-main/visual_navigation) by extension 'ros'
[1.072s] DEBUG:colcon.colcon_core.package_identification:Package 'src/nebula2-wildos-main/visual_navigation' with type 'ros.ament_python' and name 'visual_navigation'
[1.072s] Level 1:colcon.colcon_core.package_identification:_identify(src/ros2_numpy) by extensions ['ignore', 'ignore_ament_install']
[1.073s] Level 1:colcon.colcon_core.package_identification:_identify(src/ros2_numpy) by extension 'ignore'
[1.073s] Level 1:colcon.colcon_core.package_identification:_identify(src/ros2_numpy) by extension 'ignore_ament_install'
[1.075s] Level 1:colcon.colcon_core.package_identification:_identify(src/ros2_numpy) by extensions ['colcon_pkg']
[1.075s] Level 1:colcon.colcon_core.package_identification:_identify(src/ros2_numpy) by extension 'colcon_pkg'
[1.075s] Level 1:colcon.colcon_core.package_identification:_identify(src/ros2_numpy) by extensions ['colcon_meta']
[1.076s] Level 1:colcon.colcon_core.package_identification:_identify(src/ros2_numpy) by extension 'colcon_meta'
[1.076s] Level 1:colcon.colcon_core.package_identification:_identify(src/ros2_numpy) by extensions ['ros']
[1.076s] Level 1:colcon.colcon_core.package_identification:_identify(src/ros2_numpy) by extension 'ros'
[1.079s] DEBUG:colcon.colcon_core.package_identification:Package 'src/ros2_numpy' with type 'ros.ament_cmake' and name 'ros2_numpy'
[1.080s] Level 1:colcon.colcon_core.package_identification:_identify(src/wildos_rosbag_bridge) by extensions ['ignore', 'ignore_ament_install']
[1.080s] Level 1:colcon.colcon_core.package_identification:_identify(src/wildos_rosbag_bridge) by extension 'ignore'
[1.081s] Level 1:colcon.colcon_core.package_identification:_identify(src/wildos_rosbag_bridge) by extension 'ignore_ament_install'
[1.081s] Level 1:colcon.colcon_core.package_identification:_identify(src/wildos_rosbag_bridge) by extensions ['colcon_pkg']
[1.081s] Level 1:colcon.colcon_core.package_identification:_identify(src/wildos_rosbag_bridge) by extension 'colcon_pkg'
[1.081s] Level 1:colcon.colcon_core.package_identification:_identify(src/wildos_rosbag_bridge) by extensions ['colcon_meta']
[1.081s] Level 1:colcon.colcon_core.package_identification:_identify(src/wildos_rosbag_bridge) by extension 'colcon_meta'
[1.082s] Level 1:colcon.colcon_core.package_identification:_identify(src/wildos_rosbag_bridge) by extensions ['ros']
[1.082s] Level 1:colcon.colcon_core.package_identification:_identify(src/wildos_rosbag_bridge) by extension 'ros'
[1.084s] DEBUG:colcon.colcon_core.package_identification:Package 'src/wildos_rosbag_bridge' with type 'ros.ament_python' and name 'wildos_rosbag_bridge'
[1.084s] Level 1:colcon.colcon_core.package_discovery:discover_packages(recursive) using defaults
[1.085s] Level 1:colcon.colcon_core.package_discovery:discover_packages(ignore) discover
[1.085s] Level 1:colcon.colcon_core.package_discovery:discover_packages(ignore) using defaults
[1.085s] Level 1:colcon.colcon_core.package_discovery:discover_packages(path) discover
[1.085s] Level 1:colcon.colcon_core.package_discovery:discover_packages(path) using defaults
[1.233s] INFO:colcon.colcon_core.package_selection:Skipping not selected package 'direct_lidar_inertial_odometry' in 'src/direct_lidar_inertial_odometry-feature-ros2'
[1.234s] INFO:colcon.colcon_core.package_selection:Skipping not selected package 'elevation_map_msgs' in 'src/elevation_mapping_cupy/elevation_map_msgs'
[1.234s] INFO:colcon.colcon_core.package_selection:Skipping not selected package 'gps_visualization' in 'src/nebula2-wildos-main/gps_visualization'
[1.234s] INFO:colcon.colcon_core.package_selection:Skipping not selected package 'graaf_vendor' in 'src/nebula2-wildos-main/graaf_vendor'
[1.234s] INFO:colcon.colcon_core.package_selection:Skipping not selected package 'graphnav_msgs' in 'src/nebula2-wildos-main/graphnav_msgs'
[1.234s] INFO:colcon.colcon_core.package_selection:Skipping not selected package 'object_search_msgs' in 'src/nebula2-wildos-main/object_search_msgs'
[1.235s] INFO:colcon.colcon_core.package_selection:Skipping not selected package 'ros2_numpy' in 'src/ros2_numpy'
[1.236s] INFO:colcon.colcon_core.package_selection:Skipping not selected package 'triangulation3d' in 'src/nebula2-wildos-main/triangulation3d'
[1.237s] INFO:colcon.colcon_core.package_selection:Skipping not selected package 'wildos_rosbag_bridge' in 'src/wildos_rosbag_bridge'
[1.237s] INFO:colcon.colcon_core.package_selection:Skipping not selected package 'graphnav_builder' in 'src/nebula2-wildos-main/graphnav_builder'
[1.238s] INFO:colcon.colcon_core.package_selection:Skipping not selected package 'graphnav_planner' in 'src/nebula2-wildos-main/graphnav_planner'
[1.240s] INFO:colcon.colcon_core.package_selection:Skipping not selected package 'semantic_sensor' in 'src/elevation_mapping_cupy/sensor_processing/semantic_sensor'
[1.240s] INFO:colcon.colcon_core.package_selection:Skipping not selected package 'visual_navigation' in 'src/nebula2-wildos-main/visual_navigation'
[1.240s] INFO:colcon.colcon_core.package_selection:Skipping not selected package 'elevation_mapping_cupy' in 'src/elevation_mapping_cupy/elevation_mapping_cupy'
[1.244s] Level 5:colcon.colcon_core.verb:set package 'dlio_gazebo_sim' build argument 'cmake_args' from command line to 'None'
[1.244s] Level 5:colcon.colcon_core.verb:set package 'dlio_gazebo_sim' build argument 'cmake_target' from command line to 'None'
[1.244s] Level 5:colcon.colcon_core.verb:set package 'dlio_gazebo_sim' build argument 'cmake_target_skip_unavailable' from command line to 'False'
[1.245s] Level 5:colcon.colcon_core.verb:set package 'dlio_gazebo_sim' build argument 'cmake_clean_cache' from command line to 'False'
[1.245s] Level 5:colcon.colcon_core.verb:set package 'dlio_gazebo_sim' build argument 'cmake_clean_first' from command line to 'False'
[1.246s] Level 5:colcon.colcon_core.verb:set package 'dlio_gazebo_sim' build argument 'cmake_force_configure' from command line to 'False'
[1.246s] Level 5:colcon.colcon_core.verb:set package 'dlio_gazebo_sim' build argument 'ament_cmake_args' from command line to 'None'
[1.246s] Level 5:colcon.colcon_core.verb:set package 'dlio_gazebo_sim' build argument 'catkin_cmake_args' from command line to 'None'
[1.246s] Level 5:colcon.colcon_core.verb:set package 'dlio_gazebo_sim' build argument 'catkin_skip_building_tests' from command line to 'False'
[1.246s] DEBUG:colcon.colcon_core.verb:Building package 'dlio_gazebo_sim' with the following arguments: {'ament_cmake_args': None, 'build_base': '/root/ros2_ws/build/dlio_gazebo_sim', 'catkin_cmake_args': None, 'catkin_skip_building_tests': False, 'cmake_args': None, 'cmake_clean_cache': False, 'cmake_clean_first': False, 'cmake_force_configure': False, 'cmake_target': None, 'cmake_target_skip_unavailable': False, 'install_base': '/root/ros2_ws/install/dlio_gazebo_sim', 'merge_install': False, 'path': '/root/ros2_ws/src/dlio_gazebo_sim', 'symlink_install': False, 'test_result_base': None}
[1.247s] INFO:colcon.colcon_core.executor:Executing jobs using 'parallel' executor
[1.256s] DEBUG:colcon.colcon_parallel_executor.executor.parallel:run_until_complete
[1.260s] INFO:colcon.colcon_ros.task.ament_python.build:Building ROS package in '/root/ros2_ws/src/dlio_gazebo_sim' with build type 'ament_python'
[1.265s] Level 1:colcon.colcon_core.shell:create_environment_hook('dlio_gazebo_sim', 'ament_prefix_path')
[1.289s] INFO:colcon.colcon_core.plugin_system:Skipping extension 'colcon_core.shell.bat': Not used on non-Windows systems
[1.290s] INFO:colcon.colcon_core.shell:Creating environment hook '/root/ros2_ws/install/dlio_gazebo_sim/share/dlio_gazebo_sim/hook/ament_prefix_path.ps1'
[1.293s] INFO:colcon.colcon_core.shell:Creating environment descriptor '/root/ros2_ws/install/dlio_gazebo_sim/share/dlio_gazebo_sim/hook/ament_prefix_path.dsv'
[1.296s] INFO:colcon.colcon_core.shell:Creating environment hook '/root/ros2_ws/install/dlio_gazebo_sim/share/dlio_gazebo_sim/hook/ament_prefix_path.sh'
[1.299s] INFO:colcon.colcon_core.shell:Skip shell extension 'powershell' for command environment: Not usable outside of PowerShell
[1.300s] DEBUG:colcon.colcon_core.shell:Skip shell extension 'dsv' for command environment
[2.525s] INFO:colcon.colcon_core.task.python.build:Building Python package in '/root/ros2_ws/src/dlio_gazebo_sim'
[2.526s] INFO:colcon.colcon_core.shell:Skip shell extension 'powershell' for command environment: Not usable outside of PowerShell
[2.526s] DEBUG:colcon.colcon_core.shell:Skip shell extension 'dsv' for command environment
[5.300s] DEBUG:colcon.colcon_core.event_handler.log_command:Invoking command in '/root/ros2_ws/src/dlio_gazebo_sim': AMENT_PREFIX_PATH=/root/ros2_ws/install/elevation_mapping_cupy:/root/ros2_ws/install/semantic_sensor:/root/ros2_ws/install/graphnav_builder:/root/ros2_ws/install/ros2_numpy:/root/ros2_ws/install/graphnav_msgs:/root/ros2_ws/install/elevation_map_msgs:/root/ros2_ws/install/direct_lidar_inertial_odometry:${AMENT_PREFIX_PATH} CMAKE_PREFIX_PATH=/root/ros2_ws/install/elevation_mapping_cupy:/root/ros2_ws/install/ros2_numpy:/root/ros2_ws/install/graphnav_msgs:/root/ros2_ws/install/elevation_map_msgs:/root/ros2_ws/install/direct_lidar_inertial_odometry:${CMAKE_PREFIX_PATH} LD_LIBRARY_PATH=/root/ros2_ws/install/graphnav_msgs/lib:/root/ros2_ws/install/elevation_map_msgs/lib:/root/ros2_ws/install/direct_lidar_inertial_odometry/lib:${LD_LIBRARY_PATH} PATH=/root/ros2_ws/install/graphnav_builder/bin:${PATH} PYTHONPATH=/root/ros2_ws/build/dlio_gazebo_sim/prefix_override:/usr/lib/python3/dist-packages/colcon_core/task/python/colcon_distutils_commands:/root/ros2_ws/install/dlio_gazebo_sim/lib/python3.12/site-packages:/root/ros2_ws/install/elevation_mapping_cupy/lib/python3.12/site-packages:/root/ros2_ws/build/semantic_sensor:/root/ros2_ws/install/semantic_sensor/lib/python3.12/site-packages:/root/ros2_ws/build/graphnav_builder:/root/ros2_ws/install/graphnav_builder/lib/python3.12/site-packages:/root/ros2_ws/install/ros2_numpy/lib/python3.12/site-packages:/root/ros2_ws/install/graphnav_msgs/lib/python3.12/site-packages:/root/ros2_ws/install/elevation_map_msgs/lib/python3.12/site-packages:/root/ros2_ws/install/direct_lidar_inertial_odometry/lib/python3.12/site-packages:${PYTHONPATH} /usr/bin/python3 -W ignore:setup.py install is deprecated -W ignore:easy_install command is deprecated setup.py egg_info --egg-base ../../build/dlio_gazebo_sim build --build-base /root/ros2_ws/build/dlio_gazebo_sim/build install --record /root/ros2_ws/build/dlio_gazebo_sim/install.log --single-version-externally-managed install_data
[8.776s] DEBUG:colcon.colcon_core.event_handler.log_command:Invoked command in '/root/ros2_ws/src/dlio_gazebo_sim' returned '0': AMENT_PREFIX_PATH=/root/ros2_ws/install/elevation_mapping_cupy:/root/ros2_ws/install/semantic_sensor:/root/ros2_ws/install/graphnav_builder:/root/ros2_ws/install/ros2_numpy:/root/ros2_ws/install/graphnav_msgs:/root/ros2_ws/install/elevation_map_msgs:/root/ros2_ws/install/direct_lidar_inertial_odometry:${AMENT_PREFIX_PATH} CMAKE_PREFIX_PATH=/root/ros2_ws/install/elevation_mapping_cupy:/root/ros2_ws/install/ros2_numpy:/root/ros2_ws/install/graphnav_msgs:/root/ros2_ws/install/elevation_map_msgs:/root/ros2_ws/install/direct_lidar_inertial_odometry:${CMAKE_PREFIX_PATH} LD_LIBRARY_PATH=/root/ros2_ws/install/graphnav_msgs/lib:/root/ros2_ws/install/elevation_map_msgs/lib:/root/ros2_ws/install/direct_lidar_inertial_odometry/lib:${LD_LIBRARY_PATH} PATH=/root/ros2_ws/install/graphnav_builder/bin:${PATH} PYTHONPATH=/root/ros2_ws/build/dlio_gazebo_sim/prefix_override:/usr/lib/python3/dist-packages/colcon_core/task/python/colcon_distutils_commands:/root/ros2_ws/install/dlio_gazebo_sim/lib/python3.12/site-packages:/root/ros2_ws/install/elevation_mapping_cupy/lib/python3.12/site-packages:/root/ros2_ws/build/semantic_sensor:/root/ros2_ws/install/semantic_sensor/lib/python3.12/site-packages:/root/ros2_ws/build/graphnav_builder:/root/ros2_ws/install/graphnav_builder/lib/python3.12/site-packages:/root/ros2_ws/install/ros2_numpy/lib/python3.12/site-packages:/root/ros2_ws/install/graphnav_msgs/lib/python3.12/site-packages:/root/ros2_ws/install/elevation_map_msgs/lib/python3.12/site-packages:/root/ros2_ws/install/direct_lidar_inertial_odometry/lib/python3.12/site-packages:${PYTHONPATH} /usr/bin/python3 -W ignore:setup.py install is deprecated -W ignore:easy_install command is deprecated setup.py egg_info --egg-base ../../build/dlio_gazebo_sim build --build-base /root/ros2_ws/build/dlio_gazebo_sim/build install --record /root/ros2_ws/build/dlio_gazebo_sim/install.log --single-version-externally-managed install_data
[8.789s] Level 1:colcon.colcon_core.environment:checking '/root/ros2_ws/install/dlio_gazebo_sim' for CMake module files
[8.792s] Level 1:colcon.colcon_core.environment:checking '/root/ros2_ws/install/dlio_gazebo_sim' for CMake config files
[8.794s] Level 1:colcon.colcon_core.environment:checking '/root/ros2_ws/install/dlio_gazebo_sim/lib'
[8.795s] Level 1:colcon.colcon_core.environment:checking '/root/ros2_ws/install/dlio_gazebo_sim/bin'
[8.795s] Level 1:colcon.colcon_core.environment:checking '/root/ros2_ws/install/dlio_gazebo_sim/lib/pkgconfig/dlio_gazebo_sim.pc'
[8.796s] Level 1:colcon.colcon_core.environment:checking '/root/ros2_ws/install/dlio_gazebo_sim/lib/python3.12/site-packages'
[8.797s] Level 1:colcon.colcon_core.shell:create_environment_hook('dlio_gazebo_sim', 'pythonpath')
[8.798s] INFO:colcon.colcon_core.shell:Creating environment hook '/root/ros2_ws/install/dlio_gazebo_sim/share/dlio_gazebo_sim/hook/pythonpath.ps1'
[8.799s] INFO:colcon.colcon_core.shell:Creating environment descriptor '/root/ros2_ws/install/dlio_gazebo_sim/share/dlio_gazebo_sim/hook/pythonpath.dsv'
[8.801s] INFO:colcon.colcon_core.shell:Creating environment hook '/root/ros2_ws/install/dlio_gazebo_sim/share/dlio_gazebo_sim/hook/pythonpath.sh'
[8.803s] Level 1:colcon.colcon_core.environment:checking '/root/ros2_ws/install/dlio_gazebo_sim/bin'
[8.804s] Level 1:colcon.colcon_core.environment:create_environment_scripts_only(dlio_gazebo_sim)
[8.805s] INFO:colcon.colcon_core.shell:Creating package script '/root/ros2_ws/install/dlio_gazebo_sim/share/dlio_gazebo_sim/package.ps1'
[8.808s] INFO:colcon.colcon_core.shell:Creating package descriptor '/root/ros2_ws/install/dlio_gazebo_sim/share/dlio_gazebo_sim/package.dsv'
[8.811s] INFO:colcon.colcon_core.shell:Creating package script '/root/ros2_ws/install/dlio_gazebo_sim/share/dlio_gazebo_sim/package.sh'
[8.814s] INFO:colcon.colcon_core.shell:Creating package script '/root/ros2_ws/install/dlio_gazebo_sim/share/dlio_gazebo_sim/package.bash'
[8.820s] INFO:colcon.colcon_core.shell:Creating package script '/root/ros2_ws/install/dlio_gazebo_sim/share/dlio_gazebo_sim/package.zsh'
[8.822s] Level 1:colcon.colcon_core.environment:create_file_with_runtime_dependencies(/root/ros2_ws/install/dlio_gazebo_sim/share/colcon-core/packages/dlio_gazebo_sim)
[8.828s] DEBUG:colcon.colcon_parallel_executor.executor.parallel:closing loop
[8.828s] DEBUG:colcon.colcon_parallel_executor.executor.parallel:loop closed
[8.828s] DEBUG:colcon.colcon_parallel_executor.executor.parallel:run_until_complete finished with '0'
[8.828s] DEBUG:colcon.colcon_core.event_reactor:joining thread
[8.875s] INFO:colcon.colcon_core.plugin_system:Skipping extension 'colcon_notification.desktop_notification.notify_send': Could not find 'notify-send'
[8.876s] INFO:colcon.colcon_core.plugin_system:Skipping extension 'colcon_notification.desktop_notification.terminal_notifier': Not used on non-Darwin systems
[8.876s] INFO:colcon.colcon_core.plugin_system:Skipping extension 'colcon_notification.desktop_notification.win32': Not used on non-Windows systems
[8.876s] INFO:colcon.colcon_notification.desktop_notification:Sending desktop notification using 'notify2'
[8.890s] DEBUG:colcon.colcon_notification.desktop_notification.notify2:Failed to initialize notify2: org.freedesktop.DBus.Error.Spawn.ExecFailed: /usr/bin/dbus-launch terminated abnormally without any error message
[8.892s] DEBUG:colcon.colcon_core.event_reactor:joined thread
[8.893s] INFO:colcon.colcon_core.shell:Creating prefix script '/root/ros2_ws/install/local_setup.ps1'
[8.896s] INFO:colcon.colcon_core.shell:Creating prefix util module '/root/ros2_ws/install/_local_setup_util_ps1.py'
[8.903s] INFO:colcon.colcon_core.shell:Creating prefix chain script '/root/ros2_ws/install/setup.ps1'
[8.911s] INFO:colcon.colcon_core.shell:Creating prefix script '/root/ros2_ws/install/local_setup.sh'
[8.913s] INFO:colcon.colcon_core.shell:Creating prefix util module '/root/ros2_ws/install/_local_setup_util_sh.py'
[8.918s] INFO:colcon.colcon_core.shell:Creating prefix chain script '/root/ros2_ws/install/setup.sh'
[8.925s] INFO:colcon.colcon_core.shell:Creating prefix script '/root/ros2_ws/install/local_setup.bash'
[8.933s] INFO:colcon.colcon_core.shell:Creating prefix chain script '/root/ros2_ws/install/setup.bash'
[8.950s] INFO:colcon.colcon_core.shell:Creating prefix script '/root/ros2_ws/install/local_setup.zsh'
[8.953s] INFO:colcon.colcon_core.shell:Creating prefix chain script '/root/ros2_ws/install/setup.zsh'
