[1.910s] Invoking command in '/root/ros2_ws/build/dlio_gazebo_sim': AMENT_PREFIX_PATH=/root/ros2_ws/install/elevation_mapping_cupy:/root/ros2_ws/install/semantic_sensor:/root/ros2_ws/install/graphnav_builder:/root/ros2_ws/install/ros2_numpy:/root/ros2_ws/install/graphnav_msgs:/root/ros2_ws/install/elevation_map_msgs:/root/ros2_ws/install/direct_lidar_inertial_odometry:${AMENT_PREFIX_PATH} CMAKE_PREFIX_PATH=/root/ros2_ws/install/elevation_mapping_cupy:/root/ros2_ws/install/ros2_numpy:/root/ros2_ws/install/graphnav_msgs:/root/ros2_ws/install/elevation_map_msgs:/root/ros2_ws/install/direct_lidar_inertial_odometry:${CMAKE_PREFIX_PATH} LD_LIBRARY_PATH=/root/ros2_ws/install/graphnav_msgs/lib:/root/ros2_ws/install/elevation_map_msgs/lib:/root/ros2_ws/install/direct_lidar_inertial_odometry/lib:${LD_LIBRARY_PATH} PATH=/root/ros2_ws/install/graphnav_builder/bin:${PATH} PYTHONPATH=/root/ros2_ws/build/dlio_gazebo_sim/prefix_override:/usr/lib/python3/dist-packages/colcon_core/task/python/colcon_distutils_commands:/root/ros2_ws/install/dlio_gazebo_sim/lib/python3.12/site-packages:/root/ros2_ws/install/elevation_mapping_cupy/lib/python3.12/site-packages:/root/ros2_ws/build/semantic_sensor:/root/ros2_ws/install/semantic_sensor/lib/python3.12/site-packages:/root/ros2_ws/build/graphnav_builder:/root/ros2_ws/install/graphnav_builder/lib/python3.12/site-packages:/root/ros2_ws/install/ros2_numpy/lib/python3.12/site-packages:/root/ros2_ws/install/graphnav_msgs/lib/python3.12/site-packages:/root/ros2_ws/install/elevation_map_msgs/lib/python3.12/site-packages:/root/ros2_ws/install/direct_lidar_inertial_odometry/lib/python3.12/site-packages:${PYTHONPATH} /usr/bin/python3 -W ignore:setup.py install is deprecated -W ignore:easy_install command is deprecated setup.py develop --editable --build-directory /root/ros2_ws/build/dlio_gazebo_sim/build --no-deps symlink_data
[2.607s] running develop
[3.014s] running egg_info
[3.059s] writing dlio_gazebo_sim.egg-info/PKG-INFO
[3.059s] writing dependency_links to dlio_gazebo_sim.egg-info/dependency_links.txt
[3.060s] writing entry points to dlio_gazebo_sim.egg-info/entry_points.txt
[3.060s] writing requirements to dlio_gazebo_sim.egg-info/requires.txt
[3.061s] writing top-level names to dlio_gazebo_sim.egg-info/top_level.txt
[3.140s] reading manifest file 'dlio_gazebo_sim.egg-info/SOURCES.txt'
[3.141s] writing manifest file 'dlio_gazebo_sim.egg-info/SOURCES.txt'
[3.182s] running build_ext
[3.183s] Creating /root/ros2_ws/install/dlio_gazebo_sim/lib/python3.12/site-packages/dlio-gazebo-sim.egg-link (link to .)
[3.184s] Installing circle_cmd script to /root/ros2_ws/install/dlio_gazebo_sim/lib/dlio_gazebo_sim
[3.184s] Installing gazebo_cloud_adapter script to /root/ros2_ws/install/dlio_gazebo_sim/lib/dlio_gazebo_sim
[3.185s] Installing nav_graph_markers script to /root/ros2_ws/install/dlio_gazebo_sim/lib/dlio_gazebo_sim
[3.185s] Installing synthetic_dlio_sensors script to /root/ros2_ws/install/dlio_gazebo_sim/lib/dlio_gazebo_sim
[3.185s] 
[3.186s] Installed /root/ros2_ws/build/dlio_gazebo_sim
[3.186s] running symlink_data
[3.244s] Invoked command in '/root/ros2_ws/build/dlio_gazebo_sim' returned '0': AMENT_PREFIX_PATH=/root/ros2_ws/install/elevation_mapping_cupy:/root/ros2_ws/install/semantic_sensor:/root/ros2_ws/install/graphnav_builder:/root/ros2_ws/install/ros2_numpy:/root/ros2_ws/install/graphnav_msgs:/root/ros2_ws/install/elevation_map_msgs:/root/ros2_ws/install/direct_lidar_inertial_odometry:${AMENT_PREFIX_PATH} CMAKE_PREFIX_PATH=/root/ros2_ws/install/elevation_mapping_cupy:/root/ros2_ws/install/ros2_numpy:/root/ros2_ws/install/graphnav_msgs:/root/ros2_ws/install/elevation_map_msgs:/root/ros2_ws/install/direct_lidar_inertial_odometry:${CMAKE_PREFIX_PATH} LD_LIBRARY_PATH=/root/ros2_ws/install/graphnav_msgs/lib:/root/ros2_ws/install/elevation_map_msgs/lib:/root/ros2_ws/install/direct_lidar_inertial_odometry/lib:${LD_LIBRARY_PATH} PATH=/root/ros2_ws/install/graphnav_builder/bin:${PATH} PYTHONPATH=/root/ros2_ws/build/dlio_gazebo_sim/prefix_override:/usr/lib/python3/dist-packages/colcon_core/task/python/colcon_distutils_commands:/root/ros2_ws/install/dlio_gazebo_sim/lib/python3.12/site-packages:/root/ros2_ws/install/elevation_mapping_cupy/lib/python3.12/site-packages:/root/ros2_ws/build/semantic_sensor:/root/ros2_ws/install/semantic_sensor/lib/python3.12/site-packages:/root/ros2_ws/build/graphnav_builder:/root/ros2_ws/install/graphnav_builder/lib/python3.12/site-packages:/root/ros2_ws/install/ros2_numpy/lib/python3.12/site-packages:/root/ros2_ws/install/graphnav_msgs/lib/python3.12/site-packages:/root/ros2_ws/install/elevation_map_msgs/lib/python3.12/site-packages:/root/ros2_ws/install/direct_lidar_inertial_odometry/lib/python3.12/site-packages:${PYTHONPATH} /usr/bin/python3 -W ignore:setup.py install is deprecated -W ignore:easy_install command is deprecated setup.py develop --editable --build-directory /root/ros2_ws/build/dlio_gazebo_sim/build --no-deps symlink_data
