[1.495s] Invoking command in '/root/ros2_ws/src/dlio_gazebo_sim': AMENT_PREFIX_PATH=/root/ros2_ws/install/elevation_mapping_cupy:/root/ros2_ws/install/semantic_sensor:/root/ros2_ws/install/graphnav_builder:/root/ros2_ws/install/ros2_numpy:/root/ros2_ws/install/graphnav_msgs:/root/ros2_ws/install/elevation_map_msgs:/root/ros2_ws/install/direct_lidar_inertial_odometry:${AMENT_PREFIX_PATH} CMAKE_PREFIX_PATH=/root/ros2_ws/install/elevation_mapping_cupy:/root/ros2_ws/install/ros2_numpy:/root/ros2_ws/install/graphnav_msgs:/root/ros2_ws/install/elevation_map_msgs:/root/ros2_ws/install/direct_lidar_inertial_odometry:${CMAKE_PREFIX_PATH} LD_LIBRARY_PATH=/root/ros2_ws/install/graphnav_msgs/lib:/root/ros2_ws/install/elevation_map_msgs/lib:/root/ros2_ws/install/direct_lidar_inertial_odometry/lib:${LD_LIBRARY_PATH} PATH=/root/ros2_ws/install/graphnav_builder/bin:${PATH} PYTHONPATH=/root/ros2_ws/build/dlio_gazebo_sim/prefix_override:/usr/lib/python3/dist-packages/colcon_core/task/python/colcon_distutils_commands:/root/ros2_ws/install/dlio_gazebo_sim/lib/python3.12/site-packages:/root/ros2_ws/install/elevation_mapping_cupy/lib/python3.12/site-packages:/root/ros2_ws/build/semantic_sensor:/root/ros2_ws/install/semantic_sensor/lib/python3.12/site-packages:/root/ros2_ws/build/graphnav_builder:/root/ros2_ws/install/graphnav_builder/lib/python3.12/site-packages:/root/ros2_ws/install/ros2_numpy/lib/python3.12/site-packages:/root/ros2_ws/install/graphnav_msgs/lib/python3.12/site-packages:/root/ros2_ws/install/elevation_map_msgs/lib/python3.12/site-packages:/root/ros2_ws/install/direct_lidar_inertial_odometry/lib/python3.12/site-packages:${PYTHONPATH} /usr/bin/python3 -W ignore:setup.py install is deprecated -W ignore:easy_install command is deprecated setup.py egg_info --egg-base ../../build/dlio_gazebo_sim build --build-base /root/ros2_ws/build/dlio_gazebo_sim/build install --record /root/ros2_ws/build/dlio_gazebo_sim/install.log --single-version-externally-managed install_data
[1.946s] running egg_info
[1.980s] writing ../../build/dlio_gazebo_sim/dlio_gazebo_sim.egg-info/PKG-INFO
[1.980s] writing dependency_links to ../../build/dlio_gazebo_sim/dlio_gazebo_sim.egg-info/dependency_links.txt
[1.981s] writing entry points to ../../build/dlio_gazebo_sim/dlio_gazebo_sim.egg-info/entry_points.txt
[1.982s] writing requirements to ../../build/dlio_gazebo_sim/dlio_gazebo_sim.egg-info/requires.txt
[1.982s] writing top-level names to ../../build/dlio_gazebo_sim/dlio_gazebo_sim.egg-info/top_level.txt
[2.050s] reading manifest file '../../build/dlio_gazebo_sim/dlio_gazebo_sim.egg-info/SOURCES.txt'
[2.051s] writing manifest file '../../build/dlio_gazebo_sim/dlio_gazebo_sim.egg-info/SOURCES.txt'
[2.052s] running build
[2.052s] running build_py
[2.052s] copying dlio_gazebo_sim/gazebo_odom_tf.py -> /root/ros2_ws/build/dlio_gazebo_sim/build/lib/dlio_gazebo_sim
[2.053s] running install
[2.064s] running install_lib
[2.100s] copying /root/ros2_ws/build/dlio_gazebo_sim/build/lib/dlio_gazebo_sim/gazebo_odom_tf.py -> /root/ros2_ws/install/dlio_gazebo_sim/lib/python3.12/site-packages/dlio_gazebo_sim
[2.101s] byte-compiling /root/ros2_ws/install/dlio_gazebo_sim/lib/python3.12/site-packages/dlio_gazebo_sim/gazebo_odom_tf.py to gazebo_odom_tf.cpython-312.pyc
[2.102s] running install_data
[2.103s] copying launch/sim_dlio.launch.py -> /root/ros2_ws/install/dlio_gazebo_sim/share/dlio_gazebo_sim/launch
[2.103s] running install_egg_info
[2.141s] removing '/root/ros2_ws/install/dlio_gazebo_sim/lib/python3.12/site-packages/dlio_gazebo_sim-0.0.1-py3.12.egg-info' (and everything under it)
[2.141s] Copying ../../build/dlio_gazebo_sim/dlio_gazebo_sim.egg-info to /root/ros2_ws/install/dlio_gazebo_sim/lib/python3.12/site-packages/dlio_gazebo_sim-0.0.1-py3.12.egg-info
[2.143s] running install_scripts
[2.367s] Installing circle_cmd script to /root/ros2_ws/install/dlio_gazebo_sim/lib/dlio_gazebo_sim
[2.367s] Installing gazebo_cloud_adapter script to /root/ros2_ws/install/dlio_gazebo_sim/lib/dlio_gazebo_sim
[2.368s] Installing gazebo_odom_tf script to /root/ros2_ws/install/dlio_gazebo_sim/lib/dlio_gazebo_sim
[2.368s] Installing grid_threshold_markers script to /root/ros2_ws/install/dlio_gazebo_sim/lib/dlio_gazebo_sim
[2.368s] Installing nav_graph_markers script to /root/ros2_ws/install/dlio_gazebo_sim/lib/dlio_gazebo_sim
[2.368s] Installing odom_cloud_to_lidar_frame script to /root/ros2_ws/install/dlio_gazebo_sim/lib/dlio_gazebo_sim
[2.369s] Installing synthetic_dlio_sensors script to /root/ros2_ws/install/dlio_gazebo_sim/lib/dlio_gazebo_sim
[2.369s] writing list of installed files to '/root/ros2_ws/build/dlio_gazebo_sim/install.log'
[2.420s] Invoked command in '/root/ros2_ws/src/dlio_gazebo_sim' returned '0': AMENT_PREFIX_PATH=/root/ros2_ws/install/elevation_mapping_cupy:/root/ros2_ws/install/semantic_sensor:/root/ros2_ws/install/graphnav_builder:/root/ros2_ws/install/ros2_numpy:/root/ros2_ws/install/graphnav_msgs:/root/ros2_ws/install/elevation_map_msgs:/root/ros2_ws/install/direct_lidar_inertial_odometry:${AMENT_PREFIX_PATH} CMAKE_PREFIX_PATH=/root/ros2_ws/install/elevation_mapping_cupy:/root/ros2_ws/install/ros2_numpy:/root/ros2_ws/install/graphnav_msgs:/root/ros2_ws/install/elevation_map_msgs:/root/ros2_ws/install/direct_lidar_inertial_odometry:${CMAKE_PREFIX_PATH} LD_LIBRARY_PATH=/root/ros2_ws/install/graphnav_msgs/lib:/root/ros2_ws/install/elevation_map_msgs/lib:/root/ros2_ws/install/direct_lidar_inertial_odometry/lib:${LD_LIBRARY_PATH} PATH=/root/ros2_ws/install/graphnav_builder/bin:${PATH} PYTHONPATH=/root/ros2_ws/build/dlio_gazebo_sim/prefix_override:/usr/lib/python3/dist-packages/colcon_core/task/python/colcon_distutils_commands:/root/ros2_ws/install/dlio_gazebo_sim/lib/python3.12/site-packages:/root/ros2_ws/install/elevation_mapping_cupy/lib/python3.12/site-packages:/root/ros2_ws/build/semantic_sensor:/root/ros2_ws/install/semantic_sensor/lib/python3.12/site-packages:/root/ros2_ws/build/graphnav_builder:/root/ros2_ws/install/graphnav_builder/lib/python3.12/site-packages:/root/ros2_ws/install/ros2_numpy/lib/python3.12/site-packages:/root/ros2_ws/install/graphnav_msgs/lib/python3.12/site-packages:/root/ros2_ws/install/elevation_map_msgs/lib/python3.12/site-packages:/root/ros2_ws/install/direct_lidar_inertial_odometry/lib/python3.12/site-packages:${PYTHONPATH} /usr/bin/python3 -W ignore:setup.py install is deprecated -W ignore:easy_install command is deprecated setup.py egg_info --egg-base ../../build/dlio_gazebo_sim build --build-base /root/ros2_ws/build/dlio_gazebo_sim/build install --record /root/ros2_ws/build/dlio_gazebo_sim/install.log --single-version-externally-managed install_data
