[3.966s] Invoking command in '/root/ros2_ws/src/dlio_gazebo_sim': AMENT_PREFIX_PATH=/root/ros2_ws/install/elevation_mapping_cupy:/root/ros2_ws/install/semantic_sensor:/root/ros2_ws/install/graphnav_builder:/root/ros2_ws/install/ros2_numpy:/root/ros2_ws/install/graphnav_msgs:/root/ros2_ws/install/elevation_map_msgs:/root/ros2_ws/install/direct_lidar_inertial_odometry:${AMENT_PREFIX_PATH} CMAKE_PREFIX_PATH=/root/ros2_ws/install/elevation_mapping_cupy:/root/ros2_ws/install/ros2_numpy:/root/ros2_ws/install/graphnav_msgs:/root/ros2_ws/install/elevation_map_msgs:/root/ros2_ws/install/direct_lidar_inertial_odometry:${CMAKE_PREFIX_PATH} LD_LIBRARY_PATH=/root/ros2_ws/install/graphnav_msgs/lib:/root/ros2_ws/install/elevation_map_msgs/lib:/root/ros2_ws/install/direct_lidar_inertial_odometry/lib:${LD_LIBRARY_PATH} PATH=/root/ros2_ws/install/graphnav_builder/bin:${PATH} PYTHONPATH=/root/ros2_ws/build/dlio_gazebo_sim/prefix_override:/usr/lib/python3/dist-packages/colcon_core/task/python/colcon_distutils_commands:/root/ros2_ws/install/dlio_gazebo_sim/lib/python3.12/site-packages:/root/ros2_ws/install/elevation_mapping_cupy/lib/python3.12/site-packages:/root/ros2_ws/build/semantic_sensor:/root/ros2_ws/install/semantic_sensor/lib/python3.12/site-packages:/root/ros2_ws/build/graphnav_builder:/root/ros2_ws/install/graphnav_builder/lib/python3.12/site-packages:/root/ros2_ws/install/ros2_numpy/lib/python3.12/site-packages:/root/ros2_ws/install/graphnav_msgs/lib/python3.12/site-packages:/root/ros2_ws/install/elevation_map_msgs/lib/python3.12/site-packages:/root/ros2_ws/install/direct_lidar_inertial_odometry/lib/python3.12/site-packages:${PYTHONPATH} /usr/bin/python3 -W ignore:setup.py install is deprecated -W ignore:easy_install command is deprecated setup.py egg_info --egg-base ../../build/dlio_gazebo_sim build --build-base /root/ros2_ws/build/dlio_gazebo_sim/build install --record /root/ros2_ws/build/dlio_gazebo_sim/install.log --single-version-externally-managed install_data
[5.599s] running egg_info
[5.721s] writing ../../build/dlio_gazebo_sim/dlio_gazebo_sim.egg-info/PKG-INFO
[5.724s] writing dependency_links to ../../build/dlio_gazebo_sim/dlio_gazebo_sim.egg-info/dependency_links.txt
[5.724s] writing entry points to ../../build/dlio_gazebo_sim/dlio_gazebo_sim.egg-info/entry_points.txt
[5.724s] writing requirements to ../../build/dlio_gazebo_sim/dlio_gazebo_sim.egg-info/requires.txt
[5.725s] writing top-level names to ../../build/dlio_gazebo_sim/dlio_gazebo_sim.egg-info/top_level.txt
[5.943s] reading manifest file '../../build/dlio_gazebo_sim/dlio_gazebo_sim.egg-info/SOURCES.txt'
[5.944s] writing manifest file '../../build/dlio_gazebo_sim/dlio_gazebo_sim.egg-info/SOURCES.txt'
[5.944s] running build
[5.944s] running build_py
[5.949s] running install
[5.974s] running install_lib
[6.059s] running install_data
[6.060s] copying config/dlio_gazebo_extrinsics.yaml -> /root/ros2_ws/install/dlio_gazebo_sim/share/dlio_gazebo_sim/config
[6.060s] copying launch/sim_dlio.launch.py -> /root/ros2_ws/install/dlio_gazebo_sim/share/dlio_gazebo_sim/launch
[6.062s] running install_egg_info
[6.148s] removing '/root/ros2_ws/install/dlio_gazebo_sim/lib/python3.12/site-packages/dlio_gazebo_sim-0.0.1-py3.12.egg-info' (and everything under it)
[6.149s] Copying ../../build/dlio_gazebo_sim/dlio_gazebo_sim.egg-info to /root/ros2_ws/install/dlio_gazebo_sim/lib/python3.12/site-packages/dlio_gazebo_sim-0.0.1-py3.12.egg-info
[6.156s] running install_scripts
[6.686s] Installing circle_cmd script to /root/ros2_ws/install/dlio_gazebo_sim/lib/dlio_gazebo_sim
[6.688s] Installing gazebo_cloud_adapter script to /root/ros2_ws/install/dlio_gazebo_sim/lib/dlio_gazebo_sim
[6.690s] Installing gazebo_odom_tf script to /root/ros2_ws/install/dlio_gazebo_sim/lib/dlio_gazebo_sim
[6.691s] Installing grid_threshold_markers script to /root/ros2_ws/install/dlio_gazebo_sim/lib/dlio_gazebo_sim
[6.692s] Installing nav_graph_markers script to /root/ros2_ws/install/dlio_gazebo_sim/lib/dlio_gazebo_sim
[6.695s] Installing odom_cloud_to_lidar_frame script to /root/ros2_ws/install/dlio_gazebo_sim/lib/dlio_gazebo_sim
[6.704s] Installing synthetic_dlio_sensors script to /root/ros2_ws/install/dlio_gazebo_sim/lib/dlio_gazebo_sim
[6.708s] writing list of installed files to '/root/ros2_ws/build/dlio_gazebo_sim/install.log'
[6.823s] Invoked command in '/root/ros2_ws/src/dlio_gazebo_sim' returned '0': AMENT_PREFIX_PATH=/root/ros2_ws/install/elevation_mapping_cupy:/root/ros2_ws/install/semantic_sensor:/root/ros2_ws/install/graphnav_builder:/root/ros2_ws/install/ros2_numpy:/root/ros2_ws/install/graphnav_msgs:/root/ros2_ws/install/elevation_map_msgs:/root/ros2_ws/install/direct_lidar_inertial_odometry:${AMENT_PREFIX_PATH} CMAKE_PREFIX_PATH=/root/ros2_ws/install/elevation_mapping_cupy:/root/ros2_ws/install/ros2_numpy:/root/ros2_ws/install/graphnav_msgs:/root/ros2_ws/install/elevation_map_msgs:/root/ros2_ws/install/direct_lidar_inertial_odometry:${CMAKE_PREFIX_PATH} LD_LIBRARY_PATH=/root/ros2_ws/install/graphnav_msgs/lib:/root/ros2_ws/install/elevation_map_msgs/lib:/root/ros2_ws/install/direct_lidar_inertial_odometry/lib:${LD_LIBRARY_PATH} PATH=/root/ros2_ws/install/graphnav_builder/bin:${PATH} PYTHONPATH=/root/ros2_ws/build/dlio_gazebo_sim/prefix_override:/usr/lib/python3/dist-packages/colcon_core/task/python/colcon_distutils_commands:/root/ros2_ws/install/dlio_gazebo_sim/lib/python3.12/site-packages:/root/ros2_ws/install/elevation_mapping_cupy/lib/python3.12/site-packages:/root/ros2_ws/build/semantic_sensor:/root/ros2_ws/install/semantic_sensor/lib/python3.12/site-packages:/root/ros2_ws/build/graphnav_builder:/root/ros2_ws/install/graphnav_builder/lib/python3.12/site-packages:/root/ros2_ws/install/ros2_numpy/lib/python3.12/site-packages:/root/ros2_ws/install/graphnav_msgs/lib/python3.12/site-packages:/root/ros2_ws/install/elevation_map_msgs/lib/python3.12/site-packages:/root/ros2_ws/install/direct_lidar_inertial_odometry/lib/python3.12/site-packages:${PYTHONPATH} /usr/bin/python3 -W ignore:setup.py install is deprecated -W ignore:easy_install command is deprecated setup.py egg_info --egg-base ../../build/dlio_gazebo_sim build --build-base /root/ros2_ws/build/dlio_gazebo_sim/build install --record /root/ros2_ws/build/dlio_gazebo_sim/install.log --single-version-externally-managed install_data
